[INFO ][memory ] Running with 32 bit heap and compressed references.
[INFO ][memory ] GC mode: Garbage collection optimized for throughput, initial strategy: Generational Parallel Mark & Sweep
[INFO ][memory ] heap size: 65540K, maximal heap size: 2097152K, nursery size: 32770K
[INFO ][memory ] <s>-<end>: GC <before>K-><after>K (<heap>K), <pause> ms
[INFO ][memory ] <s/start> - start time of collection (seconds since jvm start)
[INFO ][memory ] <end>     - end time of collection (seconds since jvm start)
[INFO ][memory ] <before>  - memory used by objects before collection (KB)
[INFO ][memory ] <after>   - memory used by objects after collection (KB)
[INFO ][memory ] <heap>    - size of heap after collection (KB)
[INFO ][memory ] <pause>   - total sum of pauses during collection (milliseconds)
[INFO ][memory ]             run with -Xverbose:gcpause to see individual pauses
[INFO ][memory ] Changing GC strategy to Parallel Mark & Sweep
[INFO ][memory ] 0.354-0.358: GC 2418K->262K (65540K), 4.204 ms
[INFO ][memory ] 0.358-0.361: GC 262K->78336K (221792K), 2.067 ms
[INFO ][memory ] Changing GC strategy to Generational Parallel Mark & Sweep
[INFO ][memory ] 1.423-1.919: GC 221792K->221792K (259500K), 496.464 ms
[INFO ][memory ] Warning: Your computer has generated 12734 page faults during the last garbage collection.
[INFO ][memory ] If you find this swapping problematic, please consider running JRockit with a smaller heap.
[INFO ][memory ] Changing GC strategy to Parallel Mark & Sweep
[INFO ][memory ] 1.925-2.221: GC 221792K->221856K (303616K), 295.876 ms
[INFO ][memory ] Changing GC strategy to Generational Parallel Mark & Sweep
[INFO ][memory ] 2.413-3.240: GC 303616K->303616K (355232K), 827.290 ms
[INFO ][memory ] Warning: Your computer has generated 7072 page faults during the last garbage collection.
[INFO ][memory ] If you find this swapping problematic, please consider running JRockit with a smaller heap.
[INFO ][memory ] Changing GC strategy to Parallel Mark & Sweep
[INFO ][memory ] 3.251-3.752: GC 303616K->303680K (415624K), 501.531 ms
[INFO ][memory ] Changing GC strategy to Generational Parallel Mark & Sweep
[INFO ][memory ] 4.007-4.773: GC 415624K->415561K (486284K), 765.509 ms
[INFO ][memory ] 4.782: parallel nursery GC 415621K->415628K (486284K), 1.591 ms
[INFO ][memory ] 4.784: parallel nursery GC 415688K->415692K (486284K), 1.326 ms
[INFO ][memory ] 4.785: parallel nursery GC 415752K->415756K (486284K), 1.227 ms
[INFO ][memory ] 4.787: parallel nursery GC 415816K->415820K (486284K), 1.154 ms
[INFO ][memory ] 4.788: parallel nursery GC 415880K->415884K (486284K), 1.132 ms
[INFO ][memory ] 4.789: parallel nursery GC 415944K->415948K (486284K), 1.127 ms
[INFO ][memory ] 4.790: parallel nursery GC 416008K->416012K (486284K), 1.215 ms
[INFO ][memory ] 4.792: parallel nursery GC 416072K->416076K (486284K), 1.131 ms
[INFO ][memory ] 4.793: parallel nursery GC 416136K->416140K (486284K), 1.977 ms
[INFO ][memory ] 4.795: parallel nursery GC 416200K->416204K (486284K), 1.203 ms
[INFO ][memory ] 4.796: parallel nursery GC 416264K->416268K (486284K), 1.122 ms
[INFO ][memory ] 4.798: parallel nursery GC 416328K->416332K (486284K), 1.111 ms
[INFO ][memory ] 4.799: parallel nursery GC 416392K->416396K (486284K), 1.118 ms
[INFO ][memory ] 4.800: parallel nursery GC 416456K->416524K (486284K), 0.918 ms
[INFO ][memory ] 4.801: parallel nursery GC 416584K->416588K (486284K), 1.090 ms
[INFO ][memory ] 4.802: parallel nursery GC 416648K->416652K (486284K), 1.112 ms
[INFO ][memory ] 4.804: parallel nursery GC 416712K->416716K (486284K), 1.106 ms
[INFO ][memory ] 4.805: parallel nursery GC 416776K->416780K (486284K), 1.268 ms
[INFO ][memory ] 4.809: parallel nursery GC 416840K->416844K (486284K), 1.364 ms
[INFO ][memory ] 4.811: parallel nursery GC 416904K->416908K (486284K), 1.187 ms
[INFO ][memory ] 4.812: parallel nursery GC 416968K->416972K (486284K), 1.137 ms
[INFO ][memory ] 4.813: parallel nursery GC 417032K->417036K (486284K), 1.135 ms
[INFO ][memory ] 4.814: parallel nursery GC 417096K->417100K (486284K), 1.119 ms
[INFO ][memory ] 4.816: parallel nursery GC 417160K->417164K (486284K), 1.277 ms
[INFO ][memory ] 4.818: parallel nursery GC 417224K->417228K (486284K), 1.204 ms
[INFO ][memory ] 4.819: parallel nursery GC 417288K->417292K (486284K), 1.124 ms
[INFO ][memory ] 4.821: parallel nursery GC 417352K->417356K (486284K), 1.104 ms
[INFO ][memory ] 4.822: parallel nursery GC 417416K->417420K (486284K), 1.116 ms
[INFO ][memory ] 4.823: parallel nursery GC 417480K->417484K (486284K), 1.131 ms
[INFO ][memory ] 4.824: parallel nursery GC 417544K->417548K (486284K), 1.101 ms
[INFO ][memory ] 4.825: parallel nursery GC 417608K->417612K (486284K), 1.122 ms
[INFO ][memory ] 4.827: parallel nursery GC 417672K->417676K (486284K), 1.268 ms
[INFO ][memory ] 4.828: parallel nursery GC 417736K->417740K (486284K), 1.079 ms
[INFO ][memory ] 4.829: parallel nursery GC 417800K->417804K (486284K), 1.092 ms
[INFO ][memory ] 4.830: parallel nursery GC 417864K->417868K (486284K), 1.102 ms
[INFO ][memory ] 4.832: parallel nursery GC 417928K->417932K (486284K), 1.105 ms
[INFO ][memory ] 4.833: parallel nursery GC 417992K->417996K (486284K), 1.105 ms
[INFO ][memory ] 4.834: parallel nursery GC 418056K->418060K (486284K), 1.114 ms
[INFO ][memory ] 4.835: parallel nursery GC 418120K->418124K (486284K), 1.115 ms
[INFO ][memory ] 4.836: parallel nursery GC 418184K->418188K (486284K), 1.116 ms
[INFO ][memory ] 4.838: parallel nursery GC 418248K->418252K (486284K), 1.258 ms
[INFO ][memory ] 4.839: parallel nursery GC 418312K->418316K (486284K), 1.093 ms
[INFO ][memory ] 4.840: parallel nursery GC 418376K->418380K (486284K), 1.102 ms
[INFO ][memory ] 4.841: parallel nursery GC 418440K->418444K (486284K), 1.106 ms
[INFO ][memory ] 4.843: parallel nursery GC 418504K->418508K (486284K), 1.149 ms
[INFO ][memory ] 4.844: parallel nursery GC 418568K->418572K (486284K), 1.098 ms
[INFO ][memory ] 4.845: parallel nursery GC 418632K->418636K (486284K), 1.105 ms
[INFO ][memory ] 4.846: parallel nursery GC 418696K->418700K (486284K), 1.104 ms
[INFO ][memory ] 4.847: parallel nursery GC 418760K->418764K (486284K), 1.106 ms
[INFO ][memory ] 4.849: parallel nursery GC 418824K->418828K (486284K), 1.254 ms
[INFO ][memory ] 4.850: parallel nursery GC 418888K->418956K (486284K), 0.884 ms
[INFO ][memory ] 4.851: parallel nursery GC 419016K->419020K (486284K), 1.080 ms
[INFO ][memory ] 4.852: parallel nursery GC 419080K->419084K (486284K), 1.296 ms
[INFO ][memory ] 4.854: parallel nursery GC 419144K->419148K (486284K), 1.139 ms
[INFO ][memory ] 4.855: parallel nursery GC 419208K->419212K (486284K), 1.228 ms
[INFO ][memory ] 4.856: parallel nursery GC 419272K->419276K (486284K), 1.056 ms
[INFO ][memory ] 4.857: parallel nursery GC 419336K->419340K (486284K), 1.061 ms
[INFO ][memory ] 4.858: parallel nursery GC 419400K->419404K (486284K), 1.058 ms
[INFO ][memory ] 4.860: parallel nursery GC 419464K->419468K (486284K), 1.103 ms
[INFO ][memory ] 4.861: parallel nursery GC 419528K->419532K (486284K), 1.053 ms
[INFO ][memory ] 4.862: parallel nursery GC 419592K->419596K (486284K), 1.058 ms
[INFO ][memory ] 4.863: parallel nursery GC 419656K->419660K (486284K), 1.058 ms
[INFO ][memory ] 4.864: parallel nursery GC 419720K->419724K (486284K), 1.174 ms
[INFO ][memory ] 4.865: parallel nursery GC 419784K->419788K (486284K), 1.049 ms
[INFO ][memory ] 4.867: parallel nursery GC 419848K->419852K (486284K), 1.061 ms
[INFO ][memory ] 4.868: parallel nursery GC 419912K->419916K (486284K), 1.057 ms
[INFO ][memory ] 4.869: parallel nursery GC 419976K->419980K (486284K), 1.058 ms
[INFO ][memory ] 4.870: parallel nursery GC 420040K->420044K (486284K), 1.063 ms
[INFO ][memory ] 4.871: parallel nursery GC 420104K->420108K (486284K), 1.214 ms
[INFO ][memory ] 4.873: parallel nursery GC 420168K->420172K (486284K), 1.058 ms
[INFO ][memory ] 4.874: parallel nursery GC 420232K->420236K (486284K), 1.052 ms
[INFO ][memory ] 4.875: parallel nursery GC 420296K->420300K (486284K), 1.079 ms
[INFO ][memory ] 4.876: parallel nursery GC 420360K->420364K (486284K), 1.064 ms
[INFO ][memory ] 4.877: parallel nursery GC 420424K->420428K (486284K), 1.054 ms
[INFO ][memory ] 4.878: parallel nursery GC 420488K->420492K (486284K), 1.059 ms
[INFO ][memory ] 4.879: parallel nursery GC 420552K->420556K (486284K), 1.058 ms
[INFO ][memory ] 4.881: parallel nursery GC 420616K->420620K (486284K), 1.064 ms
[INFO ][memory ] 4.882: parallel nursery GC 420680K->420684K (486284K), 1.212 ms
[INFO ][memory ] 4.883: parallel nursery GC 420744K->420748K (486284K), 1.071 ms
[INFO ][memory ] 4.884: parallel nursery GC 420808K->420812K (486284K), 1.064 ms
[INFO ][memory ] 4.885: parallel nursery GC 420872K->420876K (486284K), 1.227 ms
[INFO ][memory ] 4.887: parallel nursery GC 420936K->420940K (486284K), 1.070 ms
[INFO ][memory ] 4.888: parallel nursery GC 421000K->421004K (486284K), 1.099 ms
[INFO ][memory ] 4.889: parallel nursery GC 421064K->421068K (486284K), 1.069 ms
[INFO ][memory ] 4.890: parallel nursery GC 421128K->421132K (486284K), 1.061 ms
[INFO ][memory ] 4.891: parallel nursery GC 421192K->421196K (486284K), 1.044 ms
[INFO ][memory ] 4.892: parallel nursery GC 421256K->421260K (486284K), 1.055 ms
[INFO ][memory ] 4.894: parallel nursery GC 421320K->421388K (486284K), 1.000 ms
[INFO ][memory ] 4.895: parallel nursery GC 421448K->421452K (486284K), 1.058 ms
[INFO ][memory ] 4.896: parallel nursery GC 421512K->421516K (486284K), 1.075 ms
[INFO ][memory ] 4.897: parallel nursery GC 421576K->421580K (486284K), 1.052 ms
[INFO ][memory ] 4.898: parallel nursery GC 421640K->421644K (486284K), 1.048 ms
[INFO ][memory ] 4.899: parallel nursery GC 421704K->421708K (486284K), 1.057 ms
[INFO ][memory ] 4.900: parallel nursery GC 421768K->421772K (486284K), 1.058 ms
[INFO ][memory ] 4.902: parallel nursery GC 421832K->421836K (486284K), 1.061 ms
[INFO ][memory ] 4.903: parallel nursery GC 421896K->421900K (486284K), 1.052 ms
[INFO ][memory ] 4.904: parallel nursery GC 421960K->421964K (486284K), 1.207 ms
[INFO ][memory ] 4.905: parallel nursery GC 422024K->422028K (486284K), 1.046 ms
[INFO ][memory ] 4.906: parallel nursery GC 422088K->422092K (486284K), 1.080 ms
[INFO ][memory ] 4.907: parallel nursery GC 422152K->422156K (486284K), 1.093 ms
[INFO ][memory ] 4.909: parallel nursery GC 422216K->422220K (486284K), 1.059 ms
[INFO ][memory ] 4.910: parallel nursery GC 422280K->422284K (486284K), 1.056 ms
[INFO ][memory ] 4.911: parallel nursery GC 422344K->422348K (486284K), 1.049 ms
[INFO ][memory ] 4.912: parallel nursery GC 422408K->422412K (486284K), 1.048 ms
[INFO ][memory ] 4.913: parallel nursery GC 422472K->422476K (486284K), 1.047 ms
[INFO ][memory ] 4.914: parallel nursery GC 422536K->422540K (486284K), 1.048 ms
[INFO ][memory ] 4.915: parallel nursery GC 422600K->422604K (486284K), 1.196 ms
[INFO ][memory ] 4.917: parallel nursery GC 422664K->422668K (486284K), 1.055 ms
[INFO ][memory ] 4.918: parallel nursery GC 422728K->422732K (486284K), 1.057 ms
[INFO ][memory ] 4.919: parallel nursery GC 422792K->422796K (486284K), 1.049 ms
[INFO ][memory ] 4.920: parallel nursery GC 422856K->422860K (486284K), 1.049 ms
[INFO ][memory ] 4.921: parallel nursery GC 422920K->422924K (486284K), 1.053 ms
[INFO ][memory ] 4.922: parallel nursery GC 422984K->422988K (486284K), 1.068 ms
[INFO ][memory ] 4.924: parallel nursery GC 423048K->423052K (486284K), 1.090 ms
[INFO ][memory ] 4.925: parallel nursery GC 423112K->423116K (486284K), 1.058 ms
[INFO ][memory ] 4.926: parallel nursery GC 423176K->423180K (486284K), 1.195 ms
[INFO ][memory ] 4.927: parallel nursery GC 423240K->423244K (486284K), 1.048 ms
[INFO ][memory ] 4.928: parallel nursery GC 423304K->423308K (486284K), 1.052 ms
[INFO ][memory ] 4.929: parallel nursery GC 423368K->423372K (486284K), 1.056 ms
[INFO ][memory ] 4.931: parallel nursery GC 423432K->423436K (486284K), 1.056 ms
[INFO ][memory ] 4.932: parallel nursery GC 423496K->423500K (486284K), 1.061 ms
[INFO ][memory ] 4.933: parallel nursery GC 423560K->423564K (486284K), 1.057 ms
[INFO ][memory ] 4.934: parallel nursery GC 423624K->423628K (486284K), 1.058 ms
[INFO ][memory ] 4.935: parallel nursery GC 423688K->423692K (486284K), 0.968 ms
[INFO ][memory ] 4.936: parallel nursery GC 423752K->423820K (486284K), 1.033 ms
[INFO ][memory ] 4.937: parallel nursery GC 423880K->423884K (486284K), 1.200 ms
[INFO ][memory ] 4.939: parallel nursery GC 423944K->423948K (486284K), 1.084 ms
[INFO ][memory ] 4.940: parallel nursery GC 424008K->424012K (486284K), 1.049 ms
[INFO ][memory ] 4.941: parallel nursery GC 424072K->424076K (486284K), 1.054 ms
[INFO ][memory ] 4.942: parallel nursery GC 424136K->424140K (486284K), 1.054 ms
[INFO ][memory ] 4.943: parallel nursery GC 424200K->424204K (486284K), 1.057 ms
[INFO ][memory ] 4.944: parallel nursery GC 424264K->424268K (486284K), 1.058 ms
[INFO ][memory ] 4.946: parallel nursery GC 424328K->424332K (486284K), 1.053 ms
[INFO ][memory ] 4.947: parallel nursery GC 424392K->424396K (486284K), 1.063 ms
[INFO ][memory ] 4.948: parallel nursery GC 424456K->424460K (486284K), 1.213 ms
[INFO ][memory ] 4.949: parallel nursery GC 424520K->424524K (486284K), 1.065 ms
[INFO ][memory ] 4.950: parallel nursery GC 424584K->424588K (486284K), 1.053 ms
[INFO ][memory ] 4.951: parallel nursery GC 424648K->424652K (486284K), 1.063 ms
[INFO ][memory ] 4.953: parallel nursery GC 424712K->424716K (486284K), 1.057 ms
[INFO ][memory ] 4.954: parallel nursery GC 424776K->424780K (486284K), 1.056 ms
[INFO ][memory ] 4.955: parallel nursery GC 424840K->424844K (486284K), 1.070 ms
[INFO ][memory ] 4.956: parallel nursery GC 424904K->424908K (486284K), 1.052 ms
[INFO ][memory ] 4.957: parallel nursery GC 424968K->424972K (486284K), 1.058 ms
[INFO ][memory ] 4.958: parallel nursery GC 425032K->425036K (486284K), 1.064 ms
[INFO ][memory ] 4.959: parallel nursery GC 425096K->425100K (486284K), 1.193 ms
[INFO ][memory ] 4.961: parallel nursery GC 425160K->425164K (486284K), 1.059 ms
[INFO ][memory ] 4.962: parallel nursery GC 425224K->425228K (486284K), 1.082 ms
[INFO ][memory ] 4.963: parallel nursery GC 425288K->425292K (486284K), 1.227 ms
[INFO ][memory ] 4.964: parallel nursery GC 425352K->425356K (486284K), 1.081 ms
[INFO ][memory ] 4.966: parallel nursery GC 425416K->425420K (486284K), 1.053 ms
[INFO ][memory ] 4.967: parallel nursery GC 425480K->425484K (486284K), 1.051 ms
[INFO ][memory ] 4.968: parallel nursery GC 425544K->425548K (486284K), 1.062 ms
[INFO ][memory ] 4.969: parallel nursery GC 425608K->425612K (486284K), 1.061 ms
[INFO ][memory ] 4.970: parallel nursery GC 425672K->425676K (486284K), 1.202 ms
[INFO ][memory ] 4.971: parallel nursery GC 425736K->425740K (486284K), 1.094 ms
[INFO ][memory ] 4.973: parallel nursery GC 425800K->425804K (486284K), 1.056 ms
[INFO ][memory ] 4.974: parallel nursery GC 425864K->425868K (486284K), 1.055 ms
[INFO ][memory ] 4.975: parallel nursery GC 425928K->425932K (486284K), 1.049 ms
[INFO ][memory ] 4.976: parallel nursery GC 425992K->425996K (486284K), 1.062 ms
[INFO ][memory ] 4.977: parallel nursery GC 426056K->426060K (486284K), 1.073 ms
[INFO ][memory ] 4.978: parallel nursery GC 426120K->426188K (486284K), 0.885 ms
[INFO ][memory ] 4.979: parallel nursery GC 426248K->426252K (486284K), 1.086 ms
[INFO ][memory ] 4.980: parallel nursery GC 426312K->426316K (486284K), 1.179 ms
[INFO ][memory ] 4.982: parallel nursery GC 426376K->426380K (486284K), 1.077 ms
[INFO ][memory ] 4.983: parallel nursery GC 426440K->426444K (486284K), 1.084 ms
[INFO ][memory ] 4.984: parallel nursery GC 426504K->426508K (486284K), 1.077 ms
[INFO ][memory ] 4.985: parallel nursery GC 426568K->426572K (486284K), 1.073 ms
[INFO ][memory ] 4.986: parallel nursery GC 426632K->426636K (486284K), 1.064 ms
[INFO ][memory ] 4.988: parallel nursery GC 426696K->426700K (486284K), 1.064 ms
[INFO ][memory ] 4.989: parallel nursery GC 426760K->426764K (486284K), 1.071 ms
[INFO ][memory ] 4.990: parallel nursery GC 426824K->426828K (486284K), 1.054 ms
[INFO ][memory ] 4.991: parallel nursery GC 426888K->426892K (486284K), 1.068 ms
[INFO ][memory ] 4.992: parallel nursery GC 426952K->426956K (486284K), 1.206 ms
[INFO ][memory ] 4.994: parallel nursery GC 427016K->427020K (486284K), 1.067 ms
[INFO ][memory ] 4.995: parallel nursery GC 427080K->427084K (486284K), 1.064 ms
[INFO ][memory ] 4.996: parallel nursery GC 427144K->427148K (486284K), 1.045 ms
[INFO ][memory ] 4.997: parallel nursery GC 427208K->427212K (486284K), 1.099 ms
[INFO ][memory ] 4.998: parallel nursery GC 427272K->427276K (486284K), 1.422 ms
[INFO ][memory ] 5.000: parallel nursery GC 427336K->427340K (486284K), 1.118 ms
[INFO ][memory ] 5.001: parallel nursery GC 427400K->427404K (486284K), 1.066 ms
[INFO ][memory ] 5.002: parallel nursery GC 427464K->427468K (486284K), 1.069 ms
[INFO ][memory ] 5.003: parallel nursery GC 427528K->427532K (486284K), 1.263 ms
[INFO ][memory ] 5.005: parallel nursery GC 427592K->427596K (486284K), 1.060 ms
[INFO ][memory ] 5.006: parallel nursery GC 427656K->427660K (486284K), 1.050 ms
[INFO ][memory ] 5.007: parallel nursery GC 427720K->427724K (486284K), 1.051 ms
[INFO ][memory ] 5.008: parallel nursery GC 427784K->427788K (486284K), 1.059 ms
[INFO ][memory ] 5.009: parallel nursery GC 427848K->427852K (486284K), 1.056 ms
[INFO ][memory ] 5.010: parallel nursery GC 427912K->427916K (486284K), 1.054 ms
[INFO ][memory ] 5.011: parallel nursery GC 427976K->427980K (486284K), 1.057 ms
[INFO ][memory ] 5.013: parallel nursery GC 428040K->428044K (486284K), 1.063 ms
[INFO ][memory ] 5.014: parallel nursery GC 428104K->428108K (486284K), 1.242 ms
[INFO ][memory ] 5.015: parallel nursery GC 428168K->428172K (486284K), 1.051 ms
[INFO ][memory ] 5.016: parallel nursery GC 428232K->428236K (486284K), 1.063 ms
[INFO ][memory ] 5.017: parallel nursery GC 428296K->428300K (486284K), 1.052 ms
[INFO ][memory ] 5.018: parallel nursery GC 428360K->428364K (486284K), 1.054 ms
[INFO ][memory ] 5.020: parallel nursery GC 428424K->428428K (486284K), 1.052 ms
[INFO ][memory ] 5.021: parallel nursery GC 428488K->428492K (486284K), 1.045 ms
[INFO ][memory ] 5.022: parallel nursery GC 428552K->428620K (486284K), 0.897 ms
[INFO ][memory ] 5.023: parallel nursery GC 428680K->428684K (486284K), 1.062 ms
[INFO ][memory ] 5.024: parallel nursery GC 428744K->428748K (486284K), 1.069 ms
[INFO ][memory ] 5.025: parallel nursery GC 428808K->428812K (486284K), 1.206 ms
[INFO ][memory ] 5.026: parallel nursery GC 428872K->428876K (486284K), 1.055 ms
[INFO ][memory ] 5.028: parallel nursery GC 428936K->428940K (486284K), 1.058 ms
[INFO ][memory ] 5.029: parallel nursery GC 429000K->429004K (486284K), 1.051 ms
[INFO ][memory ] 5.030: parallel nursery GC 429064K->429068K (486284K), 1.074 ms
[INFO ][memory ] 5.031: parallel nursery GC 429128K->429132K (486284K), 1.126 ms
[INFO ][memory ] 5.032: parallel nursery GC 429192K->429196K (486284K), 1.068 ms
[INFO ][memory ] 5.033: parallel nursery GC 429256K->429260K (486284K), 1.062 ms
[INFO ][memory ] 5.035: parallel nursery GC 429320K->429324K (486284K), 1.062 ms
[INFO ][memory ] 5.036: parallel nursery GC 429384K->429388K (486284K), 1.227 ms
[INFO ][memory ] 5.037: parallel nursery GC 429448K->429452K (486284K), 1.066 ms
[INFO ][memory ] 5.038: parallel nursery GC 429512K->429516K (486284K), 1.069 ms
[INFO ][memory ] 5.039: parallel nursery GC 429576K->429580K (486284K), 1.064 ms
[INFO ][memory ] 5.040: parallel nursery GC 429640K->429644K (486284K), 1.056 ms
[INFO ][memory ] 5.042: parallel nursery GC 429704K->429708K (486284K), 1.049 ms
[INFO ][memory ] 5.043: parallel nursery GC 429768K->429772K (486284K), 1.052 ms
[INFO ][memory ] 5.044: parallel nursery GC 429832K->429836K (486284K), 1.058 ms
[INFO ][memory ] 5.045: parallel nursery GC 429896K->429900K (486284K), 1.058 ms
[INFO ][memory ] 5.046: parallel nursery GC 429960K->429964K (486284K), 1.067 ms
[INFO ][memory ] 5.047: parallel nursery GC 430024K->430028K (486284K), 1.213 ms
[INFO ][memory ] 5.049: parallel nursery GC 430088K->430092K (486284K), 1.067 ms
[INFO ][memory ] 5.050: parallel nursery GC 430152K->430156K (486284K), 1.062 ms
[INFO ][memory ] 5.051: parallel nursery GC 430216K->430220K (486284K), 1.065 ms
[INFO ][memory ] 5.052: parallel nursery GC 430280K->430284K (486284K), 1.062 ms
[INFO ][memory ] 5.053: parallel nursery GC 430344K->430348K (486284K), 1.060 ms
[INFO ][memory ] 5.054: parallel nursery GC 430408K->430412K (486284K), 1.058 ms
[INFO ][memory ] 5.056: parallel nursery GC 430472K->430476K (486284K), 1.077 ms
[INFO ][memory ] 5.057: parallel nursery GC 430536K->430540K (486284K), 1.057 ms
[INFO ][memory ] 5.058: parallel nursery GC 430600K->430604K (486284K), 1.225 ms
[INFO ][memory ] 5.059: parallel nursery GC 430664K->430668K (486284K), 1.058 ms
[INFO ][memory ] 5.060: parallel nursery GC 430728K->430732K (486284K), 1.079 ms
[INFO ][memory ] 5.061: parallel nursery GC 430792K->430796K (486284K), 1.051 ms
[INFO ][memory ] 5.063: parallel nursery GC 430856K->430860K (486284K), 1.059 ms
[INFO ][memory ] 5.064: parallel nursery GC 430920K->430924K (486284K), 1.057 ms
[INFO ][memory ] 5.065: parallel nursery GC 430984K->431052K (486284K), 0.907 ms
[INFO ][memory ] 5.066: parallel nursery GC 431112K->431116K (486284K), 1.057 ms
[INFO ][memory ] 5.067: parallel nursery GC 431176K->431180K (486284K), 1.086 ms
[INFO ][memory ] 5.068: parallel nursery GC 431240K->431244K (486284K), 1.071 ms
[INFO ][memory ] 5.069: parallel nursery GC 431304K->431308K (486284K), 1.201 ms
[INFO ][memory ] 5.071: parallel nursery GC 431368K->431372K (486284K), 1.056 ms
[INFO ][memory ] 5.072: parallel nursery GC 431432K->431436K (486284K), 1.049 ms
[INFO ][memory ] 5.073: parallel nursery GC 431496K->431500K (486284K), 1.056 ms
[INFO ][memory ] 5.074: parallel nursery GC 431560K->431564K (486284K), 1.059 ms
[INFO ][memory ] 5.075: parallel nursery GC 431624K->431628K (486284K), 1.062 ms
[INFO ][memory ] 5.076: parallel nursery GC 431688K->431692K (486284K), 1.070 ms
[INFO ][memory ] 5.078: parallel nursery GC 431752K->431756K (486284K), 1.064 ms
[INFO ][memory ] 5.079: parallel nursery GC 431816K->431820K (486284K), 1.073 ms
[INFO ][memory ] 5.080: parallel nursery GC 431880K->431884K (486284K), 1.223 ms
[INFO ][memory ] 5.081: parallel nursery GC 431944K->431948K (486284K), 1.110 ms
[INFO ][memory ] 5.082: parallel nursery GC 432008K->432012K (486284K), 1.237 ms
[INFO ][memory ] 5.084: parallel nursery GC 432072K->432076K (486284K), 1.096 ms
[INFO ][memory ] 5.085: parallel nursery GC 432136K->432140K (486284K), 1.082 ms
[INFO ][memory ] 5.086: parallel nursery GC 432200K->432204K (486284K), 1.061 ms
[INFO ][memory ] 5.087: parallel nursery GC 432264K->432268K (486284K), 1.060 ms
[INFO ][memory ] 5.088: parallel nursery GC 432328K->432332K (486284K), 1.068 ms
[INFO ][memory ] 5.089: parallel nursery GC 432392K->432396K (486284K), 1.062 ms
[INFO ][memory ] 5.091: parallel nursery GC 432456K->432460K (486284K), 1.195 ms
[INFO ][memory ] 5.092: parallel nursery GC 432520K->432524K (486284K), 1.059 ms
[INFO ][memory ] 5.093: parallel nursery GC 432584K->432588K (486284K), 1.327 ms
[INFO ][memory ] 5.095: parallel nursery GC 432648K->432652K (486284K), 1.484 ms
[INFO ][memory ] 5.096: parallel nursery GC 432712K->432716K (486284K), 1.228 ms
[INFO ][memory ] 5.097: parallel nursery GC 432776K->432780K (486284K), 1.078 ms
[INFO ][memory ] 5.099: parallel nursery GC 432840K->432844K (486284K), 1.155 ms
[INFO ][memory ] 5.100: parallel nursery GC 432904K->432908K (486284K), 1.104 ms
[INFO ][memory ] 5.101: parallel nursery GC 432968K->432972K (486284K), 1.063 ms
[INFO ][memory ] 5.102: parallel nursery GC 433032K->433036K (486284K), 1.218 ms
[INFO ][memory ] 5.104: parallel nursery GC 433096K->433100K (486284K), 1.062 ms
[INFO ][memory ] 5.105: parallel nursery GC 433160K->433164K (486284K), 1.071 ms
[INFO ][memory ] 5.106: parallel nursery GC 433224K->433228K (486284K), 1.064 ms
[INFO ][memory ] 5.107: parallel nursery GC 433288K->433292K (486284K), 1.146 ms
[INFO ][memory ] 5.108: parallel nursery GC 433352K->433356K (486284K), 1.002 ms
[INFO ][memory ] 5.109: parallel nursery GC 433416K->433484K (486284K), 1.000 ms
[INFO ][memory ] 5.110: parallel nursery GC 433544K->433548K (486284K), 1.061 ms
[INFO ][memory ] 5.112: parallel nursery GC 433608K->433612K (486284K), 1.069 ms
[INFO ][memory ] 5.113: parallel nursery GC 433672K->433676K (486284K), 1.209 ms
[INFO ][memory ] 5.114: parallel nursery GC 433736K->433740K (486284K), 1.065 ms
[INFO ][memory ] 5.115: parallel nursery GC 433800K->433804K (486284K), 1.058 ms
[INFO ][memory ] 5.116: parallel nursery GC 433864K->433868K (486284K), 1.071 ms
[INFO ][memory ] 5.117: parallel nursery GC 433928K->433932K (486284K), 1.133 ms
[INFO ][memory ] 5.119: parallel nursery GC 433992K->433996K (486284K), 1.067 ms
[INFO ][memory ] 5.120: parallel nursery GC 434056K->434060K (486284K), 1.054 ms
[INFO ][memory ] 5.121: parallel nursery GC 434120K->434124K (486284K), 1.058 ms
[INFO ][memory ] 5.122: parallel nursery GC 434184K->434188K (486284K), 1.060 ms
[INFO ][memory ] 5.123: parallel nursery GC 434248K->434252K (486284K), 1.064 ms
[INFO ][memory ] 5.124: parallel nursery GC 434312K->434316K (486284K), 1.207 ms
[INFO ][memory ] 5.126: parallel nursery GC 434376K->434380K (486284K), 1.075 ms
[INFO ][memory ] 5.127: parallel nursery GC 434440K->434444K (486284K), 1.057 ms
[INFO ][memory ] 5.128: parallel nursery GC 434504K->434508K (486284K), 1.064 ms
[INFO ][memory ] 5.129: parallel nursery GC 434568K->434572K (486284K), 1.064 ms
[INFO ][memory ] 5.130: parallel nursery GC 434632K->434636K (486284K), 1.063 ms
[INFO ][memory ] 5.131: parallel nursery GC 434696K->434700K (486284K), 1.094 ms
[INFO ][memory ] 5.133: parallel nursery GC 434760K->434764K (486284K), 1.099 ms
[INFO ][memory ] 5.134: parallel nursery GC 434824K->434828K (486284K), 1.059 ms
[INFO ][memory ] 5.135: parallel nursery GC 434888K->434892K (486284K), 1.202 ms
[INFO ][memory ] 5.136: parallel nursery GC 434952K->434956K (486284K), 1.064 ms
[INFO ][memory ] 5.137: parallel nursery GC 435016K->435020K (486284K), 1.059 ms
[INFO ][memory ] 5.139: parallel nursery GC 435080K->435084K (486284K), 1.051 ms
[INFO ][memory ] 5.140: parallel nursery GC 435144K->435148K (486284K), 1.327 ms
[INFO ][memory ] 5.207: parallel nursery GC 435208K->435276K (486284K), 1.123 ms
[INFO ][memory ] 5.208: parallel nursery GC 435336K->435340K (486284K), 0.979 ms
[INFO ][memory ] 5.209: parallel nursery GC 435400K->435404K (486284K), 0.925 ms
[INFO ][memory ] 5.210: parallel nursery GC 435464K->435468K (486284K), 0.921 ms
[INFO ][memory ] 5.211: parallel nursery GC 435528K->435532K (486284K), 0.915 ms
[INFO ][memory ] 5.212: parallel nursery GC 435592K->435596K (486284K), 1.058 ms
[INFO ][memory ] 5.213: parallel nursery GC 435656K->435660K (486284K), 0.904 ms
[INFO ][memory ] 5.214: parallel nursery GC 435720K->435724K (486284K), 0.903 ms
[INFO ][memory ] 5.215: parallel nursery GC 435784K->435788K (486284K), 0.931 ms
[INFO ][memory ] 5.216: parallel nursery GC 435848K->435852K (486284K), 0.912 ms
[INFO ][memory ] 5.217: parallel nursery GC 435912K->435916K (486284K), 0.908 ms
[INFO ][memory ] 5.218: parallel nursery GC 435976K->435980K (486284K), 0.934 ms
[INFO ][memory ] 5.219: parallel nursery GC 436040K->436044K (486284K), 0.923 ms
[INFO ][memory ] 5.220: parallel nursery GC 436104K->436108K (486284K), 0.905 ms
[INFO ][memory ] 5.221: parallel nursery GC 436168K->436172K (486284K), 0.925 ms
[INFO ][memory ] 5.222: parallel nursery GC 436232K->436236K (486284K), 0.965 ms
[INFO ][memory ] 5.223: parallel nursery GC 436296K->436300K (486284K), 1.056 ms
[INFO ][memory ] 5.224: parallel nursery GC 436360K->436364K (486284K), 0.911 ms
[INFO ][memory ] 5.225: parallel nursery GC 436424K->436428K (486284K), 0.923 ms
[INFO ][memory ] 5.226: parallel nursery GC 436488K->436492K (486284K), 0.921 ms
[INFO ][memory ] 5.227: parallel nursery GC 436552K->436556K (486284K), 0.951 ms
[INFO ][memory ] 5.228: parallel nursery GC 436616K->436620K (486284K), 0.910 ms
[INFO ][memory ] 5.229: parallel nursery GC 436680K->436684K (486284K), 0.906 ms
[INFO ][memory ] 5.230: parallel nursery GC 436744K->436748K (486284K), 0.910 ms
[INFO ][memory ] 5.231: parallel nursery GC 436808K->436812K (486284K), 0.917 ms
[INFO ][memory ] 5.232: parallel nursery GC 436872K->436876K (486284K), 0.910 ms
[INFO ][memory ] 5.233: parallel nursery GC 436936K->436940K (486284K), 0.917 ms
[INFO ][memory ] 5.234: parallel nursery GC 437000K->437068K (486284K), 1.121 ms
[INFO ][memory ] 5.236: parallel nursery GC 437128K->437132K (486284K), 1.191 ms
[INFO ][memory ] 5.237: parallel nursery GC 437192K->437196K (486284K), 0.926 ms
[INFO ][memory ] 5.238: parallel nursery GC 437256K->437260K (486284K), 0.921 ms
[INFO ][memory ] 5.239: parallel nursery GC 437320K->437324K (486284K), 0.905 ms
[INFO ][memory ] 5.240: parallel nursery GC 437384K->437388K (486284K), 0.914 ms
[INFO ][memory ] 5.241: parallel nursery GC 437448K->437452K (486284K), 0.925 ms
[INFO ][memory ] 5.242: parallel nursery GC 437512K->437516K (486284K), 0.945 ms
[INFO ][memory ] 5.243: parallel nursery GC 437576K->437580K (486284K), 1.059 ms
[INFO ][memory ] 5.244: parallel nursery GC 437640K->437644K (486284K), 0.932 ms
[INFO ][memory ] 5.245: parallel nursery GC 437704K->437708K (486284K), 3.021 ms
[INFO ][memory ] 5.248: parallel nursery GC 437768K->437772K (486284K), 1.107 ms
[INFO ][memory ] 5.250: parallel nursery GC 437832K->437836K (486284K), 0.943 ms
[INFO ][memory ] 5.251: parallel nursery GC 437896K->437900K (486284K), 1.488 ms
[INFO ][memory ] 5.252: parallel nursery GC 437960K->437964K (486284K), 0.931 ms
[INFO ][memory ] 5.253: parallel nursery GC 438024K->438028K (486284K), 0.927 ms
[INFO ][memory ] 5.254: parallel nursery GC 438088K->438092K (486284K), 0.914 ms
[INFO ][memory ] 5.255: parallel nursery GC 438152K->438156K (486284K), 0.921 ms
[INFO ][memory ] 5.256: parallel nursery GC 438216K->438220K (486284K), 1.106 ms
[INFO ][memory ] 5.258: parallel nursery GC 438280K->438284K (486284K), 0.921 ms
[INFO ][memory ] 5.259: parallel nursery GC 438344K->438348K (486284K), 0.951 ms
[INFO ][memory ] 5.260: parallel nursery GC 438408K->438412K (486284K), 0.920 ms
[INFO ][memory ] 5.261: parallel nursery GC 438472K->438476K (486284K), 0.909 ms
[INFO ][memory ] 5.262: parallel nursery GC 438536K->438540K (486284K), 1.010 ms
[INFO ][memory ] 5.263: parallel nursery GC 438600K->438604K (486284K), 0.917 ms
[INFO ][memory ] 5.264: parallel nursery GC 438664K->438668K (486284K), 0.917 ms
[INFO ][memory ] 5.265: parallel nursery GC 438728K->438732K (486284K), 0.911 ms
[INFO ][memory ] 5.266: parallel nursery GC 438792K->438796K (486284K), 0.910 ms
[INFO ][memory ] 5.267: parallel nursery GC 438856K->438860K (486284K), 1.118 ms
[INFO ][memory ] 5.268: parallel nursery GC 438920K->438924K (486284K), 0.915 ms
[INFO ][memory ] 5.269: parallel nursery GC 438984K->438988K (486284K), 0.911 ms
[INFO ][memory ] 5.270: parallel nursery GC 439048K->439052K (486284K), 0.908 ms
[INFO ][memory ] 5.271: parallel nursery GC 439112K->439116K (486284K), 0.935 ms
[INFO ][memory ] 5.272: parallel nursery GC 439176K->439180K (486284K), 1.103 ms
[INFO ][memory ] 5.273: parallel nursery GC 439240K->439244K (486284K), 1.888 ms
[INFO ][memory ] 5.275: parallel nursery GC 439304K->439308K (486284K), 1.114 ms
[INFO ][memory ] 5.277: parallel nursery GC 439368K->439372K (486284K), 0.958 ms
[INFO ][memory ] 5.278: parallel nursery GC 439432K->439500K (486284K), 1.181 ms
[INFO ][memory ] 5.279: parallel nursery GC 439560K->439564K (486284K), 0.913 ms
[INFO ][memory ] 5.280: parallel nursery GC 439624K->439628K (486284K), 0.923 ms
[INFO ][memory ] 5.281: parallel nursery GC 439688K->439692K (486284K), 0.928 ms
[INFO ][memory ] 5.282: parallel nursery GC 439752K->439756K (486284K), 1.349 ms
[INFO ][memory ] 5.283: parallel nursery GC 439816K->439820K (486284K), 0.936 ms
[INFO ][memory ] 5.285: parallel nursery GC 439880K->439884K (486284K), 1.326 ms
[INFO ][memory ] 5.286: parallel nursery GC 439944K->439948K (486284K), 1.084 ms
[INFO ][memory ] 5.287: parallel nursery GC 440008K->440012K (486284K), 1.077 ms
[INFO ][memory ] 5.288: parallel nursery GC 440072K->440076K (486284K), 2.200 ms
[INFO ][memory ] 5.291: parallel nursery GC 440136K->440140K (486284K), 1.038 ms
[INFO ][memory ] 5.292: parallel nursery GC 440200K->440204K (486284K), 1.058 ms
[INFO ][memory ] 5.293: parallel nursery GC 440264K->440268K (486284K), 1.094 ms
[INFO ][memory ] 5.294: parallel nursery GC 440328K->440332K (486284K), 1.029 ms
[INFO ][memory ] 5.295: parallel nursery GC 440392K->440396K (486284K), 1.006 ms
[INFO ][memory ] 5.296: parallel nursery GC 440456K->440460K (486284K), 0.986 ms
[INFO ][memory ] 5.297: parallel nursery GC 440520K->440524K (486284K), 1.013 ms
[INFO ][memory ] 5.299: parallel nursery GC 440584K->440588K (486284K), 1.481 ms
[INFO ][memory ] 5.300: parallel nursery GC 440648K->440652K (486284K), 1.412 ms
[INFO ][memory ] 5.302: parallel nursery GC 440712K->440716K (486284K), 0.964 ms
[INFO ][memory ] 5.303: parallel nursery GC 440776K->440780K (486284K), 1.024 ms
[INFO ][memory ] 5.304: parallel nursery GC 440840K->440844K (486284K), 0.988 ms
[INFO ][memory ] 5.305: parallel nursery GC 440904K->440908K (486284K), 1.008 ms
[INFO ][memory ] 5.306: parallel nursery GC 440968K->440972K (486284K), 1.165 ms
[INFO ][memory ] 5.307: parallel nursery GC 441032K->441036K (486284K), 0.999 ms
[INFO ][memory ] 5.308: parallel nursery GC 441096K->441100K (486284K), 0.997 ms
[INFO ][memory ] 5.310: parallel nursery GC 441160K->441164K (486284K), 0.994 ms
[INFO ][memory ] 5.311: parallel nursery GC 441224K->441228K (486284K), 1.261 ms
[INFO ][memory ] 5.312: parallel nursery GC 441288K->441292K (486284K), 0.990 ms
[INFO ][memory ] 5.313: parallel nursery GC 441352K->441356K (486284K), 1.009 ms
[INFO ][memory ] 5.314: parallel nursery GC 441416K->441420K (486284K), 0.985 ms
[INFO ][memory ] 5.315: parallel nursery GC 441480K->441484K (486284K), 1.150 ms
[INFO ][memory ] 5.317: parallel nursery GC 441544K->441548K (486284K), 1.004 ms
[INFO ][memory ] 5.318: parallel nursery GC 441608K->441612K (486284K), 0.999 ms
[INFO ][memory ] 5.319: parallel nursery GC 441672K->441676K (486284K), 1.015 ms
[INFO ][memory ] 5.320: parallel nursery GC 441736K->441740K (486284K), 1.022 ms
[INFO ][memory ] 5.321: parallel nursery GC 441800K->441804K (486284K), 0.919 ms
[INFO ][memory ] 5.322: parallel nursery GC 441864K->441932K (486284K), 1.629 ms
[INFO ][memory ] 5.324: parallel nursery GC 441992K->441996K (486284K), 1.087 ms
[INFO ][memory ] 5.325: parallel nursery GC 442056K->442060K (486284K), 1.002 ms
[INFO ][memory ] 5.326: parallel nursery GC 442120K->442124K (486284K), 0.998 ms
[INFO ][memory ] 5.327: parallel nursery GC 442184K->442188K (486284K), 1.027 ms
[INFO ][memory ] 5.328: parallel nursery GC 442248K->442252K (486284K), 0.995 ms
[INFO ][memory ] 5.329: parallel nursery GC 442312K->442316K (486284K), 1.008 ms
[INFO ][memory ] 5.330: parallel nursery GC 442376K->442380K (486284K), 0.998 ms
[INFO ][memory ] 5.332: parallel nursery GC 442440K->442444K (486284K), 1.052 ms
[INFO ][memory ] 5.333: parallel nursery GC 442504K->442508K (486284K), 1.491 ms
[INFO ][memory ] 5.334: parallel nursery GC 442568K->442572K (486284K), 1.004 ms
[INFO ][memory ] 5.335: parallel nursery GC 442632K->442636K (486284K), 1.028 ms
[INFO ][memory ] 5.337: parallel nursery GC 442696K->442700K (486284K), 0.973 ms
[INFO ][memory ] 5.338: parallel nursery GC 442760K->442764K (486284K), 1.010 ms
[INFO ][memory ] 5.339: parallel nursery GC 442824K->442828K (486284K), 1.100 ms
[INFO ][memory ] 5.340: parallel nursery GC 442888K->442892K (486284K), 1.050 ms
[INFO ][memory ] 5.341: parallel nursery GC 442952K->442956K (486284K), 0.990 ms
[INFO ][memory ] 5.342: parallel nursery GC 443016K->443020K (486284K), 0.985 ms
[INFO ][memory ] 5.343: parallel nursery GC 443080K->443084K (486284K), 1.904 ms
[INFO ][memory ] 5.345: parallel nursery GC 443144K->443148K (486284K), 1.025 ms
[INFO ][memory ] 5.346: parallel nursery GC 443208K->443212K (486284K), 1.007 ms
[INFO ][memory ] 5.348: parallel nursery GC 443272K->443276K (486284K), 0.967 ms
[INFO ][memory ] 5.349: parallel nursery GC 443336K->443340K (486284K), 0.998 ms
[INFO ][memory ] 5.350: parallel nursery GC 443400K->443404K (486284K), 1.107 ms
[INFO ][memory ] 5.351: parallel nursery GC 443464K->443468K (486284K), 1.020 ms
[INFO ][memory ] 5.352: parallel nursery GC 443528K->443532K (486284K), 1.160 ms
[INFO ][memory ] 5.353: parallel nursery GC 443592K->443596K (486284K), 0.986 ms
[INFO ][memory ] 5.354: parallel nursery GC 443656K->443660K (486284K), 0.974 ms
[INFO ][memory ] 5.355: parallel nursery GC 443720K->443724K (486284K), 1.354 ms
[INFO ][memory ] 5.357: parallel nursery GC 443784K->443788K (486284K), 0.979 ms
[INFO ][memory ] 5.358: parallel nursery GC 443848K->443852K (486284K), 0.964 ms
[INFO ][memory ] 5.359: parallel nursery GC 443912K->443916K (486284K), 0.996 ms
[INFO ][memory ] 5.360: parallel nursery GC 443976K->443980K (486284K), 1.096 ms
[INFO ][memory ] 5.361: parallel nursery GC 444040K->444044K (486284K), 0.989 ms
[INFO ][memory ] 5.362: parallel nursery GC 444104K->444108K (486284K), 0.988 ms
[INFO ][memory ] 5.363: parallel nursery GC 444168K->444172K (486284K), 0.960 ms
[INFO ][memory ] 5.364: parallel nursery GC 444232K->444300K (486284K), 0.839 ms
[INFO ][memory ] 5.365: parallel nursery GC 444360K->444364K (486284K), 1.020 ms
[INFO ][memory ] 5.366: parallel nursery GC 444424K->444428K (486284K), 1.257 ms
[INFO ][memory ] 5.368: parallel nursery GC 444488K->444492K (486284K), 0.979 ms
[INFO ][memory ] 5.369: parallel nursery GC 444552K->444556K (486284K), 0.981 ms
[INFO ][memory ] 5.370: parallel nursery GC 444616K->444620K (486284K), 1.082 ms
[INFO ][memory ] 5.371: parallel nursery GC 444680K->444684K (486284K), 1.051 ms
[INFO ][memory ] 5.372: parallel nursery GC 444744K->444748K (486284K), 1.055 ms
[INFO ][memory ] 5.373: parallel nursery GC 444808K->444812K (486284K), 1.190 ms
[INFO ][memory ] 5.375: parallel nursery GC 444872K->444876K (486284K), 1.004 ms
[INFO ][memory ] 5.376: parallel nursery GC 444936K->444940K (486284K), 1.122 ms
[INFO ][memory ] 5.377: parallel nursery GC 445000K->445004K (486284K), 1.839 ms
[INFO ][memory ] 5.379: parallel nursery GC 445064K->445068K (486284K), 0.997 ms
[INFO ][memory ] 5.380: parallel nursery GC 445128K->445132K (486284K), 0.981 ms
[INFO ][memory ] 5.381: parallel nursery GC 445192K->445196K (486284K), 0.999 ms
[INFO ][memory ] 5.382: parallel nursery GC 445256K->445260K (486284K), 1.021 ms
[INFO ][memory ] 5.383: parallel nursery GC 445320K->445324K (486284K), 1.949 ms
[INFO ][memory ] 5.385: parallel nursery GC 445384K->445388K (486284K), 1.559 ms
[INFO ][memory ] 5.387: parallel nursery GC 445448K->445452K (486284K), 1.862 ms
[INFO ][memory ] 5.389: parallel nursery GC 445512K->445516K (486284K), 1.060 ms
[INFO ][memory ] 5.390: parallel nursery GC 445576K->445580K (486284K), 0.955 ms
[INFO ][memory ] 5.391: parallel nursery GC 445640K->445644K (486284K), 0.979 ms
[INFO ][memory ] 5.392: parallel nursery GC 445704K->445708K (486284K), 0.931 ms
[INFO ][memory ] 5.393: parallel nursery GC 445768K->445772K (486284K), 1.306 ms
[INFO ][memory ] 5.395: parallel nursery GC 445832K->445836K (486284K), 0.922 ms
[INFO ][memory ] 5.396: parallel nursery GC 445896K->445900K (486284K), 1.027 ms
[INFO ][memory ] 5.397: parallel nursery GC 445960K->445964K (486284K), 0.932 ms
[INFO ][memory ] 5.398: parallel nursery GC 446024K->446028K (486284K), 1.355 ms
[INFO ][memory ] 5.399: parallel nursery GC 446088K->446092K (486284K), 1.389 ms
[INFO ][memory ] 5.401: parallel nursery GC 446152K->446156K (486284K), 0.941 ms
[INFO ][memory ] 5.402: parallel nursery GC 446216K->446220K (486284K), 0.925 ms
[INFO ][memory ] 5.403: parallel nursery GC 446280K->446284K (486284K), 1.342 ms
[INFO ][memory ] 5.404: parallel nursery GC 446344K->446348K (486284K), 0.929 ms
[INFO ][memory ] 5.405: parallel nursery GC 446408K->446412K (486284K), 1.126 ms
[INFO ][memory ] 5.406: parallel nursery GC 446472K->446476K (486284K), 0.931 ms
[INFO ][memory ] 5.407: parallel nursery GC 446536K->446540K (486284K), 0.940 ms
[INFO ][memory ] 5.408: parallel nursery GC 446600K->446604K (486284K), 1.346 ms
[INFO ][memory ] 5.410: parallel nursery GC 446664K->446732K (486284K), 1.372 ms
[INFO ][memory ] 5.411: parallel nursery GC 446792K->446796K (486284K), 1.022 ms
[INFO ][memory ] 5.413: parallel nursery GC 446856K->446860K (486284K), 1.053 ms
[INFO ][memory ] 5.414: parallel nursery GC 446920K->446924K (486284K), 1.326 ms
[INFO ][memory ] 5.415: parallel nursery GC 446984K->446988K (486284K), 1.039 ms
[INFO ][memory ] 5.416: parallel nursery GC 447048K->447052K (486284K), 0.965 ms
[INFO ][memory ] 5.417: parallel nursery GC 447112K->447116K (486284K), 1.334 ms
[INFO ][memory ] 5.419: parallel nursery GC 447176K->447180K (486284K), 1.368 ms
[INFO ][memory ] 5.420: parallel nursery GC 447240K->447244K (486284K), 2.356 ms
[INFO ][memory ] 5.423: parallel nursery GC 447304K->447308K (486284K), 1.146 ms
[INFO ][memory ] 5.424: parallel nursery GC 447368K->447372K (486284K), 4.040 ms
[INFO ][memory ] 5.428: parallel nursery GC 447432K->447436K (486284K), 1.220 ms
[INFO ][memory ] 5.429: parallel nursery GC 447496K->447500K (486284K), 1.009 ms
[INFO ][memory ] 5.430: parallel nursery GC 447560K->447564K (486284K), 1.008 ms
[INFO ][memory ] 5.432: parallel nursery GC 447624K->447628K (486284K), 1.387 ms
[INFO ][memory ] 5.433: parallel nursery GC 447688K->447692K (486284K), 1.393 ms
[INFO ][memory ] 5.435: parallel nursery GC 447752K->447756K (486284K), 1.009 ms
[INFO ][memory ] 5.436: parallel nursery GC 447816K->447820K (486284K), 1.051 ms
[INFO ][memory ] 5.437: parallel nursery GC 447880K->447884K (486284K), 1.327 ms
[INFO ][memory ] 5.438: parallel nursery GC 447944K->447948K (486284K), 1.009 ms
[INFO ][memory ] 5.439: parallel nursery GC 448008K->448012K (486284K), 1.039 ms
[INFO ][memory ] 5.440: parallel nursery GC 448072K->448076K (486284K), 0.965 ms
[INFO ][memory ] 5.441: parallel nursery GC 448136K->448140K (486284K), 1.346 ms
[INFO ][memory ] 5.443: parallel nursery GC 448200K->448204K (486284K), 1.247 ms
[INFO ][memory ] 5.444: parallel nursery GC 448264K->448268K (486284K), 0.991 ms
[INFO ][memory ] 5.445: parallel nursery GC 448328K->448332K (486284K), 1.052 ms
[INFO ][memory ] 5.446: parallel nursery GC 448392K->448396K (486284K), 1.351 ms
[INFO ][memory ] 5.448: parallel nursery GC 448456K->448460K (486284K), 1.017 ms
[INFO ][memory ] 5.449: parallel nursery GC 448520K->448524K (486284K), 1.039 ms
[INFO ][memory ] 5.450: parallel nursery GC 448584K->448588K (486284K), 0.973 ms
[INFO ][memory ] 5.451: parallel nursery GC 448648K->448652K (486284K), 1.379 ms
[INFO ][memory ] 5.453: parallel nursery GC 448712K->448716K (486284K), 0.930 ms
[INFO ][memory ] 5.454: parallel nursery GC 448776K->448780K (486284K), 1.730 ms
[INFO ][memory ] 5.456: parallel nursery GC 448840K->448844K (486284K), 1.308 ms
[INFO ][memory ] 5.457: parallel nursery GC 448904K->448908K (486284K), 0.916 ms
[INFO ][memory ] 5.458: parallel nursery GC 448968K->448972K (486284K), 1.116 ms
[INFO ][memory ] 5.459: parallel nursery GC 449032K->449036K (486284K), 1.064 ms
[INFO ][memory ] 5.460: parallel nursery GC 449096K->449100K (486284K), 1.328 ms
[INFO ][memory ] 5.462: parallel nursery GC 449160K->449164K (486284K), 1.163 ms
[INFO ][memory ] 5.463: parallel nursery GC 449224K->449228K (486284K), 0.916 ms
[INFO ][memory ] 5.464: parallel nursery GC 449288K->449292K (486284K), 1.023 ms
[INFO ][memory ] 5.465: parallel nursery GC 449352K->449356K (486284K), 1.791 ms
[INFO ][memory ] 5.467: parallel nursery GC 449416K->449420K (486284K), 1.026 ms
[INFO ][memory ] 5.468: parallel nursery GC 449480K->449484K (486284K), 1.122 ms
[INFO ][memory ] 5.469: parallel nursery GC 449544K->449548K (486284K), 1.059 ms
[INFO ][memory ] 5.471: parallel nursery GC 449608K->449612K (486284K), 1.338 ms
[INFO ][memory ] 5.472: parallel nursery GC 449672K->449676K (486284K), 1.295 ms
[INFO ][memory ] 5.473: parallel nursery GC 449736K->449740K (486284K), 0.921 ms
[INFO ][memory ] 5.474: parallel nursery GC 449800K->449804K (486284K), 1.034 ms
[INFO ][memory ] 5.475: parallel nursery GC 449864K->449868K (486284K), 1.423 ms
[INFO ][memory ] 5.477: parallel nursery GC 449928K->449932K (486284K), 1.331 ms
[INFO ][memory ] 5.478: parallel nursery GC 449992K->449996K (486284K), 1.028 ms
[INFO ][memory ] 5.480: parallel nursery GC 450056K->450060K (486284K), 0.983 ms
[INFO ][memory ] 5.481: parallel nursery GC 450120K->450124K (486284K), 1.332 ms
[INFO ][memory ] 5.482: parallel nursery GC 450184K->450188K (486284K), 1.251 ms
[INFO ][memory ] 5.483: parallel nursery GC 450248K->450252K (486284K), 1.045 ms
[INFO ][memory ] 5.485: parallel nursery GC 450312K->450316K (486284K), 1.044 ms
[INFO ][memory ] 5.486: parallel nursery GC 450376K->450380K (486284K), 1.321 ms
[INFO ][memory ] 5.487: parallel nursery GC 450440K->450444K (486284K), 1.642 ms
[INFO ][memory ] 5.489: parallel nursery GC 450504K->450508K (486284K), 0.918 ms
[INFO ][memory ] 5.490: parallel nursery GC 450568K->450572K (486284K), 1.337 ms
[INFO ][memory ] 5.491: parallel nursery GC 450632K->450636K (486284K), 1.201 ms
[INFO ][memory ] 5.493: parallel nursery GC 450696K->450700K (486284K), 1.014 ms
[INFO ][memory ] 5.494: parallel nursery GC 450760K->450764K (486284K), 0.999 ms
[INFO ][memory ] 5.495: parallel nursery GC 450824K->450828K (486284K), 1.255 ms
[INFO ][memory ] 5.496: parallel nursery GC 450888K->450892K (486284K), 0.999 ms
[INFO ][memory ] 5.497: parallel nursery GC 450952K->450956K (486284K), 1.841 ms
[INFO ][memory ] 5.499: parallel nursery GC 451016K->451020K (486284K), 1.279 ms
[INFO ][memory ] 5.500: parallel nursery GC 451080K->451084K (486284K), 1.007 ms
[INFO ][memory ] 5.502: parallel nursery GC 451144K->451148K (486284K), 1.062 ms
[INFO ][memory ] 5.503: parallel nursery GC 451208K->451212K (486284K), 1.327 ms
[INFO ][memory ] 5.504: parallel nursery GC 451272K->451276K (486284K), 0.961 ms
[INFO ][memory ] 5.505: parallel nursery GC 451336K->451340K (486284K), 1.020 ms
[INFO ][memory ] 5.506: parallel nursery GC 451400K->451404K (486284K), 1.015 ms
[INFO ][memory ] 5.507: parallel nursery GC 451464K->451468K (486284K), 1.188 ms
[INFO ][memory ] 5.509: parallel nursery GC 451528K->451532K (486284K), 1.090 ms
[INFO ][memory ] 5.510: parallel nursery GC 451592K->451596K (486284K), 0.913 ms
[INFO ][memory ] 5.511: parallel nursery GC 451656K->451660K (486284K), 0.919 ms
[INFO ][memory ] 5.512: parallel nursery GC 451720K->451724K (486284K), 0.925 ms
[INFO ][memory ] 5.513: parallel nursery GC 451784K->451788K (486284K), 0.916 ms
[INFO ][memory ] 5.514: parallel nursery GC 451848K->451852K (486284K), 0.923 ms
[INFO ][memory ] 5.515: parallel nursery GC 451912K->451916K (486284K), 0.961 ms
[INFO ][memory ] 5.516: parallel nursery GC 451976K->451980K (486284K), 0.932 ms
[INFO ][memory ] 5.517: parallel nursery GC 452040K->452044K (486284K), 0.914 ms
[INFO ][memory ] 5.518: parallel nursery GC 452104K->452108K (486284K), 0.914 ms
[INFO ][memory ] 5.519: parallel nursery GC 452168K->452172K (486284K), 0.913 ms
[INFO ][memory ] 5.520: parallel nursery GC 452232K->452236K (486284K), 1.133 ms
[INFO ][memory ] 5.521: parallel nursery GC 452296K->452300K (486284K), 0.910 ms
[INFO ][memory ] 5.522: parallel nursery GC 452360K->452364K (486284K), 0.915 ms
[INFO ][memory ] 5.523: parallel nursery GC 452424K->452428K (486284K), 0.910 ms
[INFO ][memory ] 5.524: parallel nursery GC 452488K->452492K (486284K), 0.915 ms
[INFO ][memory ] 5.525: parallel nursery GC 452552K->452556K (486284K), 0.915 ms
[INFO ][memory ] 5.526: parallel nursery GC 452616K->452620K (486284K), 0.915 ms
[INFO ][memory ] 5.527: parallel nursery GC 452680K->452684K (486284K), 0.908 ms
[INFO ][memory ] 5.528: parallel nursery GC 452744K->452748K (486284K), 0.909 ms
[INFO ][memory ] 5.529: parallel nursery GC 452808K->452812K (486284K), 0.914 ms
[INFO ][memory ] 5.530: parallel nursery GC 452872K->452876K (486284K), 0.922 ms
[INFO ][memory ] 5.531: parallel nursery GC 452936K->452940K (486284K), 1.088 ms
[INFO ][memory ] 5.532: parallel nursery GC 453000K->453004K (486284K), 0.921 ms
[INFO ][memory ] 5.533: parallel nursery GC 453064K->453068K (486284K), 0.924 ms
[INFO ][memory ] 5.534: parallel nursery GC 453128K->453132K (486284K), 0.923 ms
[INFO ][memory ] 5.535: parallel nursery GC 453192K->453196K (486284K), 0.908 ms
[INFO ][memory ] 5.536: parallel nursery GC 453256K->453260K (486284K), 0.907 ms
[INFO ][memory ] 5.537: parallel nursery GC 453320K->453324K (486284K), 0.904 ms
[INFO ][memory ] 5.538: parallel nursery GC 453384K->453388K (486284K), 0.911 ms
[INFO ][memory ] 5.539: parallel nursery GC 453448K->453452K (486284K), 0.910 ms
[INFO ][memory ] 5.540: parallel nursery GC 453512K->453516K (486284K), 0.905 ms
[INFO ][memory ] 5.541: parallel nursery GC 453576K->453580K (486284K), 0.912 ms
[INFO ][memory ] 5.542: parallel nursery GC 453640K->453644K (486284K), 1.052 ms
[INFO ][memory ] 5.543: parallel nursery GC 453704K->453708K (486284K), 0.922 ms
[INFO ][memory ] 5.544: parallel nursery GC 453768K->453836K (486284K), 0.776 ms
[INFO ][memory ] 5.545: parallel nursery GC 453896K->453900K (486284K), 0.926 ms
[INFO ][memory ] 5.546: parallel nursery GC 453960K->453964K (486284K), 0.928 ms
[INFO ][memory ] 5.547: parallel nursery GC 454024K->454028K (486284K), 0.940 ms
[INFO ][memory ] 5.548: parallel nursery GC 454088K->454092K (486284K), 1.032 ms
[INFO ][memory ] 5.549: parallel nursery GC 454152K->454156K (486284K), 0.915 ms
[INFO ][memory ] 5.550: parallel nursery GC 454216K->454220K (486284K), 0.911 ms
[INFO ][memory ] 5.551: parallel nursery GC 454280K->454284K (486284K), 0.919 ms
[INFO ][memory ] 5.552: parallel nursery GC 454344K->454348K (486284K), 0.932 ms
[INFO ][memory ] 5.553: parallel nursery GC 454408K->454412K (486284K), 1.067 ms
[INFO ][memory ] 5.555: parallel nursery GC 454472K->454476K (486284K), 0.913 ms
[INFO ][memory ] 5.556: parallel nursery GC 454536K->454540K (486284K), 0.908 ms
[INFO ][memory ] 5.557: parallel nursery GC 454600K->454604K (486284K), 0.916 ms
[INFO ][memory ] 5.558: parallel nursery GC 454664K->454668K (486284K), 0.915 ms
[INFO ][memory ] 5.559: parallel nursery GC 454728K->454732K (486284K), 0.911 ms
[INFO ][memory ] 5.560: parallel nursery GC 454792K->454796K (486284K), 0.932 ms
[INFO ][memory ] 5.561: parallel nursery GC 454856K->454860K (486284K), 0.921 ms
[INFO ][memory ] 5.562: parallel nursery GC 454920K->454924K (486284K), 0.932 ms
[INFO ][memory ] 5.563: parallel nursery GC 454984K->454988K (486284K), 0.915 ms
[INFO ][memory ] 5.564: parallel nursery GC 455048K->455052K (486284K), 1.058 ms
[INFO ][memory ] 5.565: parallel nursery GC 455112K->455116K (486284K), 0.916 ms
[INFO ][memory ] 5.566: parallel nursery GC 455176K->455180K (486284K), 0.922 ms
[INFO ][memory ] 5.567: parallel nursery GC 455240K->455244K (486284K), 0.938 ms
[INFO ][memory ] 5.568: parallel nursery GC 455304K->455308K (486284K), 0.929 ms
[INFO ][memory ] 5.569: parallel nursery GC 455368K->455372K (486284K), 0.952 ms
[INFO ][memory ] 5.570: parallel nursery GC 455432K->455436K (486284K), 0.932 ms
[INFO ][memory ] 5.571: parallel nursery GC 455496K->455500K (486284K), 0.930 ms
[INFO ][memory ] 5.572: parallel nursery GC 455560K->455564K (486284K), 0.928 ms
[INFO ][memory ] 5.573: parallel nursery GC 455624K->455628K (486284K), 0.931 ms
[INFO ][memory ] 5.574: parallel nursery GC 455688K->455692K (486284K), 0.932 ms
[INFO ][memory ] 5.575: parallel nursery GC 455752K->455756K (486284K), 1.148 ms
[INFO ][memory ] 5.576: parallel nursery GC 455816K->455820K (486284K), 0.929 ms
[INFO ][memory ] 5.577: parallel nursery GC 455880K->455884K (486284K), 0.907 ms
[INFO ][memory ] 5.578: parallel nursery GC 455944K->455948K (486284K), 0.935 ms
[INFO ][memory ] 5.579: parallel nursery GC 456008K->456012K (486284K), 0.936 ms
[INFO ][memory ] 5.580: parallel nursery GC 456072K->456076K (486284K), 0.909 ms
[INFO ][memory ] 5.581: parallel nursery GC 456136K->456140K (486284K), 0.907 ms
[INFO ][memory ] 5.582: parallel nursery GC 456200K->456268K (486284K), 0.774 ms
[INFO ][memory ] 5.583: parallel nursery GC 456328K->456332K (486284K), 0.909 ms
[INFO ][memory ] 5.584: parallel nursery GC 456392K->456396K (486284K), 0.907 ms
[INFO ][memory ] 5.585: parallel nursery GC 456456K->456460K (486284K), 0.913 ms
[INFO ][memory ] 5.586: parallel nursery GC 456520K->456524K (486284K), 1.069 ms
[INFO ][memory ] 5.587: parallel nursery GC 456584K->456588K (486284K), 0.919 ms
[INFO ][memory ] 5.588: parallel nursery GC 456648K->456652K (486284K), 0.915 ms
[INFO ][memory ] 5.589: parallel nursery GC 456712K->456716K (486284K), 0.915 ms
[INFO ][memory ] 5.590: parallel nursery GC 456776K->456780K (486284K), 0.911 ms
[INFO ][memory ] 5.591: parallel nursery GC 456840K->456844K (486284K), 0.917 ms
[INFO ][memory ] 5.592: parallel nursery GC 456904K->456908K (486284K), 0.906 ms
[INFO ][memory ] 5.593: parallel nursery GC 456968K->456972K (486284K), 0.920 ms
[INFO ][memory ] 5.594: parallel nursery GC 457032K->457036K (486284K), 0.919 ms
[INFO ][memory ] 5.595: parallel nursery GC 457096K->457100K (486284K), 1.806 ms
[INFO ][memory ] 5.597: parallel nursery GC 457160K->457164K (486284K), 1.068 ms
[INFO ][memory ] 5.598: parallel nursery GC 457224K->457228K (486284K), 0.912 ms
[INFO ][memory ] 5.599: parallel nursery GC 457288K->457292K (486284K), 0.915 ms
[INFO ][memory ] 5.600: parallel nursery GC 457352K->457356K (486284K), 0.915 ms
[INFO ][memory ] 5.601: parallel nursery GC 457416K->457420K (486284K), 0.918 ms
[INFO ][memory ] 5.602: parallel nursery GC 457480K->457484K (486284K), 0.917 ms
[INFO ][memory ] 5.603: parallel nursery GC 457544K->457548K (486284K), 0.908 ms
[INFO ][memory ] 5.604: parallel nursery GC 457608K->457612K (486284K), 0.909 ms
[INFO ][memory ] 5.605: parallel nursery GC 457672K->457676K (486284K), 0.921 ms
[INFO ][memory ] 5.606: parallel nursery GC 457736K->457740K (486284K), 0.920 ms
[INFO ][memory ] 5.607: parallel nursery GC 457800K->457804K (486284K), 0.919 ms
[INFO ][memory ] 5.608: parallel nursery GC 457864K->457868K (486284K), 1.079 ms
[INFO ][memory ] 5.609: parallel nursery GC 457928K->457932K (486284K), 0.909 ms
[INFO ][memory ] 5.610: parallel nursery GC 457992K->457996K (486284K), 0.913 ms
[INFO ][memory ] 5.611: parallel nursery GC 458056K->458060K (486284K), 0.937 ms
[INFO ][memory ] 5.612: parallel nursery GC 458120K->458124K (486284K), 0.922 ms
[INFO ][memory ] 5.613: parallel nursery GC 458184K->458188K (486284K), 0.914 ms
[INFO ][memory ] 5.614: parallel nursery GC 458248K->458252K (486284K), 0.912 ms
[INFO ][memory ] 5.615: parallel nursery GC 458312K->458316K (486284K), 0.918 ms
[INFO ][memory ] 5.616: parallel nursery GC 458376K->458380K (486284K), 0.913 ms
[INFO ][memory ] 5.617: parallel nursery GC 458440K->458444K (486284K), 0.907 ms
[INFO ][memory ] 5.618: parallel nursery GC 458504K->458508K (486284K), 1.675 ms
[INFO ][memory ] 5.620: parallel nursery GC 458568K->458572K (486284K), 0.913 ms
[INFO ][memory ] 5.621: parallel nursery GC 458632K->458700K (486284K), 0.768 ms
[INFO ][memory ] 5.622: parallel nursery GC 458760K->458764K (486284K), 0.913 ms
[INFO ][memory ] 5.623: parallel nursery GC 458824K->458828K (486284K), 0.908 ms
[INFO ][memory ] 5.624: parallel nursery GC 458888K->458892K (486284K), 0.909 ms
[INFO ][memory ] 5.625: parallel nursery GC 458952K->458956K (486284K), 0.909 ms
[INFO ][memory ] 5.626: parallel nursery GC 459016K->459020K (486284K), 0.909 ms
[INFO ][memory ] 5.627: parallel nursery GC 459080K->459084K (486284K), 0.911 ms
[INFO ][memory ] 5.628: parallel nursery GC 459144K->459148K (486284K), 0.907 ms
[INFO ][memory ] 5.629: parallel nursery GC 459208K->459212K (486284K), 0.917 ms
[INFO ][memory ] 5.630: parallel nursery GC 459272K->459276K (486284K), 1.092 ms
[INFO ][memory ] 5.631: parallel nursery GC 459336K->459340K (486284K), 0.926 ms
[INFO ][memory ] 5.632: parallel nursery GC 459400K->459404K (486284K), 0.918 ms
[INFO ][memory ] 5.633: parallel nursery GC 459464K->459468K (486284K), 0.921 ms
[INFO ][memory ] 5.634: parallel nursery GC 459528K->459532K (486284K), 0.916 ms
[INFO ][memory ] 5.635: parallel nursery GC 459592K->459596K (486284K), 0.908 ms
[INFO ][memory ] 5.636: parallel nursery GC 459656K->459660K (486284K), 0.911 ms
[INFO ][memory ] 5.637: parallel nursery GC 459720K->459724K (486284K), 0.912 ms
[INFO ][memory ] 5.638: parallel nursery GC 459784K->459788K (486284K), 0.909 ms
[INFO ][memory ] 5.639: parallel nursery GC 459848K->459852K (486284K), 0.908 ms
[INFO ][memory ] 5.640: parallel nursery GC 459912K->459916K (486284K), 0.919 ms
[INFO ][memory ] 5.641: parallel nursery GC 459976K->459980K (486284K), 1.056 ms
[INFO ][memory ] 5.642: parallel nursery GC 460040K->460044K (486284K), 0.911 ms
[INFO ][memory ] 5.643: parallel nursery GC 460104K->460108K (486284K), 0.945 ms
[INFO ][memory ] 5.644: parallel nursery GC 460168K->460172K (486284K), 0.923 ms
[INFO ][memory ] 5.645: parallel nursery GC 460232K->460236K (486284K), 0.941 ms
[INFO ][memory ] 5.646: parallel nursery GC 460296K->460300K (486284K), 0.925 ms
[INFO ][memory ] 5.647: parallel nursery GC 460360K->460364K (486284K), 0.912 ms
[INFO ][memory ] 5.648: parallel nursery GC 460424K->460428K (486284K), 0.919 ms
[INFO ][memory ] 5.649: parallel nursery GC 460488K->460492K (486284K), 0.940 ms
[INFO ][memory ] 5.650: parallel nursery GC 460552K->460556K (486284K), 0.922 ms
[INFO ][memory ] 5.651: parallel nursery GC 460616K->460620K (486284K), 1.680 ms
[INFO ][memory ] 5.653: parallel nursery GC 460680K->460684K (486284K), 0.940 ms
[INFO ][memory ] 5.654: parallel nursery GC 460744K->460748K (486284K), 0.930 ms
[INFO ][memory ] 5.655: parallel nursery GC 460808K->460812K (486284K), 0.928 ms
[INFO ][memory ] 5.656: parallel nursery GC 460872K->460876K (486284K), 1.093 ms
[INFO ][memory ] 5.657: parallel nursery GC 460936K->460940K (486284K), 0.920 ms
[INFO ][memory ] 5.658: parallel nursery GC 461000K->461004K (486284K), 0.919 ms
[INFO ][memory ] 5.659: parallel nursery GC 461064K->461132K (486284K), 0.930 ms
[INFO ][memory ] 5.660: parallel nursery GC 461192K->461196K (486284K), 0.933 ms
[INFO ][memory ] 5.661: parallel nursery GC 461256K->461260K (486284K), 0.922 ms
[INFO ][memory ] 5.662: parallel nursery GC 461320K->461324K (486284K), 0.987 ms
[INFO ][memory ] 5.664: parallel nursery GC 461384K->461388K (486284K), 0.992 ms
[INFO ][memory ] 5.665: parallel nursery GC 461448K->461452K (486284K), 0.924 ms
[INFO ][memory ] 5.666: parallel nursery GC 461512K->461516K (486284K), 0.921 ms
[INFO ][memory ] 5.667: parallel nursery GC 461576K->461580K (486284K), 0.918 ms
[INFO ][memory ] 5.668: parallel nursery GC 461640K->461644K (486284K), 0.912 ms
[INFO ][memory ] 5.669: parallel nursery GC 461704K->461708K (486284K), 0.911 ms
[INFO ][memory ] 5.670: parallel nursery GC 461768K->461772K (486284K), 0.911 ms
[INFO ][memory ] 5.671: parallel nursery GC 461832K->461836K (486284K), 0.916 ms
[INFO ][memory ] 5.672: parallel nursery GC 461896K->461900K (486284K), 0.917 ms
[INFO ][memory ] 5.673: parallel nursery GC 461960K->461964K (486284K), 0.932 ms
[INFO ][memory ] 5.674: parallel nursery GC 462024K->462028K (486284K), 1.090 ms
[INFO ][memory ] 5.675: parallel nursery GC 462088K->462092K (486284K), 0.925 ms
[INFO ][memory ] 5.676: parallel nursery GC 462152K->462156K (486284K), 0.921 ms
[INFO ][memory ] 5.677: parallel nursery GC 462216K->462220K (486284K), 0.919 ms
[INFO ][memory ] 5.678: parallel nursery GC 462280K->462284K (486284K), 0.913 ms
[INFO ][memory ] 5.679: parallel nursery GC 462344K->462348K (486284K), 0.919 ms
[INFO ][memory ] 5.680: parallel nursery GC 462408K->462412K (486284K), 0.913 ms
[INFO ][memory ] 5.681: parallel nursery GC 462472K->462476K (486284K), 0.922 ms
[INFO ][memory ] 5.682: parallel nursery GC 462536K->462540K (486284K), 0.925 ms
[INFO ][memory ] 5.683: parallel nursery GC 462600K->462604K (486284K), 0.940 ms
[INFO ][memory ] 5.684: parallel nursery GC 462664K->462668K (486284K), 0.931 ms
[INFO ][memory ] 5.685: parallel nursery GC 462728K->462732K (486284K), 1.133 ms
[INFO ][memory ] 5.686: parallel nursery GC 462792K->462796K (486284K), 0.925 ms
[INFO ][memory ] 5.687: parallel nursery GC 462856K->462860K (486284K), 0.925 ms
[INFO ][memory ] 5.688: parallel nursery GC 462920K->462924K (486284K), 0.910 ms
[INFO ][memory ] 5.689: parallel nursery GC 462984K->462988K (486284K), 0.911 ms
[INFO ][memory ] 5.690: parallel nursery GC 463048K->463052K (486284K), 0.912 ms
[INFO ][memory ] 5.691: parallel nursery GC 463112K->463116K (486284K), 0.919 ms
[INFO ][memory ] 5.692: parallel nursery GC 463176K->463180K (486284K), 0.908 ms
[INFO ][memory ] 5.693: parallel nursery GC 463240K->463244K (486284K), 0.921 ms
[INFO ][memory ] 5.694: parallel nursery GC 463304K->463308K (486284K), 0.924 ms
[INFO ][memory ] 5.695: parallel nursery GC 463368K->463372K (486284K), 0.930 ms
[INFO ][memory ] 5.696: parallel nursery GC 463432K->463500K (486284K), 1.019 ms
[INFO ][memory ] 5.697: parallel nursery GC 463560K->463564K (486284K), 0.927 ms
[INFO ][memory ] 5.698: parallel nursery GC 463624K->463628K (486284K), 0.912 ms
[INFO ][memory ] 5.699: parallel nursery GC 463688K->463692K (486284K), 0.913 ms
[INFO ][memory ] 5.700: parallel nursery GC 463752K->463756K (486284K), 0.906 ms
[INFO ][memory ] 5.701: parallel nursery GC 463816K->463820K (486284K), 0.910 ms
[INFO ][memory ] 5.702: parallel nursery GC 463880K->463884K (486284K), 0.911 ms
[INFO ][memory ] 5.703: parallel nursery GC 463944K->463948K (486284K), 0.913 ms
[INFO ][memory ] 5.704: parallel nursery GC 464008K->464012K (486284K), 0.907 ms
[INFO ][memory ] 5.705: parallel nursery GC 464072K->464076K (486284K), 0.919 ms
[INFO ][memory ] 5.706: parallel nursery GC 464136K->464140K (486284K), 1.130 ms
[INFO ][memory ] 5.707: parallel nursery GC 464200K->464204K (486284K), 1.062 ms
[INFO ][memory ] 5.709: parallel nursery GC 464264K->464268K (486284K), 0.918 ms
[INFO ][memory ] 5.710: parallel nursery GC 464328K->464332K (486284K), 0.918 ms
[INFO ][memory ] 5.711: parallel nursery GC 464392K->464396K (486284K), 0.914 ms
[INFO ][memory ] 5.712: parallel nursery GC 464456K->464460K (486284K), 0.930 ms
[INFO ][memory ] 5.713: parallel nursery GC 464520K->464524K (486284K), 0.922 ms
[INFO ][memory ] 5.714: parallel nursery GC 464584K->464588K (486284K), 0.921 ms
[INFO ][memory ] 5.715: parallel nursery GC 464648K->464652K (486284K), 0.913 ms
[INFO ][memory ] 5.716: parallel nursery GC 464712K->464716K (486284K), 0.913 ms
[INFO ][memory ] 5.717: parallel nursery GC 464776K->464780K (486284K), 0.924 ms
[INFO ][memory ] 5.718: parallel nursery GC 464840K->464844K (486284K), 1.180 ms
[INFO ][memory ] 5.719: parallel nursery GC 464904K->464908K (486284K), 0.926 ms
[INFO ][memory ] 5.720: parallel nursery GC 464968K->464972K (486284K), 0.910 ms
[INFO ][memory ] 5.721: parallel nursery GC 465032K->465036K (486284K), 0.912 ms
[INFO ][memory ] 5.722: parallel nursery GC 465096K->465100K (486284K), 0.910 ms
[INFO ][memory ] 5.723: parallel nursery GC 465160K->465164K (486284K), 0.912 ms
[INFO ][memory ] 5.724: parallel nursery GC 465224K->465228K (486284K), 0.924 ms
[INFO ][memory ] 5.725: parallel nursery GC 465288K->465292K (486284K), 0.922 ms
[INFO ][memory ] 5.726: parallel nursery GC 465352K->465356K (486284K), 0.942 ms
[INFO ][memory ] 5.727: parallel nursery GC 465416K->465420K (486284K), 0.926 ms
[INFO ][memory ] 5.728: parallel nursery GC 465480K->465484K (486284K), 0.909 ms
[INFO ][memory ] 5.729: parallel nursery GC 465544K->465548K (486284K), 1.095 ms
[INFO ][memory ] 5.730: parallel nursery GC 465608K->465612K (486284K), 0.922 ms
[INFO ][memory ] 5.731: parallel nursery GC 465672K->465676K (486284K), 0.936 ms
[INFO ][memory ] 5.732: parallel nursery GC 465736K->465740K (486284K), 0.939 ms
[INFO ][memory ] 5.733: parallel nursery GC 465800K->465804K (486284K), 0.921 ms
[INFO ][memory ] 5.734: parallel nursery GC 465864K->465932K (486284K), 0.788 ms
[INFO ][memory ] 5.735: parallel nursery GC 465992K->465996K (486284K), 0.930 ms
[INFO ][memory ] 5.736: parallel nursery GC 466056K->466060K (486284K), 0.922 ms
[INFO ][memory ] 5.737: parallel nursery GC 466120K->466124K (486284K), 0.925 ms
[INFO ][memory ] 5.738: parallel nursery GC 466184K->466188K (486284K), 0.927 ms
[INFO ][memory ] 5.739: parallel nursery GC 466248K->466252K (486284K), 0.970 ms
[INFO ][memory ] 5.740: parallel nursery GC 466312K->466316K (486284K), 1.074 ms
[INFO ][memory ] 5.741: parallel nursery GC 466376K->466380K (486284K), 0.951 ms
[INFO ][memory ] 5.743: parallel nursery GC 466440K->466444K (486284K), 0.930 ms
[INFO ][memory ] 5.744: parallel nursery GC 466504K->466508K (486284K), 0.932 ms
[INFO ][memory ] 5.745: parallel nursery GC 466568K->466572K (486284K), 0.916 ms
[INFO ][memory ] 5.746: parallel nursery GC 466632K->466636K (486284K), 0.928 ms
[INFO ][memory ] 5.747: parallel nursery GC 466696K->466700K (486284K), 0.916 ms
[INFO ][memory ] 5.748: parallel nursery GC 466760K->466764K (486284K), 0.924 ms
[INFO ][memory ] 5.749: parallel nursery GC 466824K->466828K (486284K), 0.927 ms
[INFO ][memory ] 5.750: parallel nursery GC 466888K->466892K (486284K), 0.923 ms
[INFO ][memory ] 5.751: parallel nursery GC 466952K->466956K (486284K), 0.981 ms
[INFO ][memory ] 5.752: parallel nursery GC 467016K->467020K (486284K), 1.049 ms
[INFO ][memory ] 5.753: parallel nursery GC 467080K->467084K (486284K), 1.085 ms
[INFO ][memory ] 5.755: parallel nursery GC 467144K->467148K (486284K), 1.113 ms
[INFO ][memory ] 5.756: parallel nursery GC 467208K->467212K (486284K), 1.037 ms
[INFO ][memory ] 5.757: parallel nursery GC 467272K->467276K (486284K), 0.918 ms
[INFO ][memory ] 5.758: parallel nursery GC 467336K->467340K (486284K), 0.914 ms
[INFO ][memory ] 5.759: parallel nursery GC 467400K->467404K (486284K), 0.914 ms
[INFO ][memory ] 5.760: parallel nursery GC 467464K->467468K (486284K), 0.909 ms
[INFO ][memory ] 5.761: parallel nursery GC 467528K->467532K (486284K), 0.913 ms
[INFO ][memory ] 5.762: parallel nursery GC 467592K->467596K (486284K), 1.070 ms
[INFO ][memory ] 5.763: parallel nursery GC 467656K->467660K (486284K), 0.924 ms
[INFO ][memory ] 5.764: parallel nursery GC 467720K->467724K (486284K), 0.921 ms
[INFO ][memory ] 5.765: parallel nursery GC 467784K->467788K (486284K), 0.916 ms
[INFO ][memory ] 5.766: parallel nursery GC 467848K->467852K (486284K), 0.930 ms
[INFO ][memory ] 5.767: parallel nursery GC 467912K->467916K (486284K), 0.924 ms
[INFO ][memory ] 5.768: parallel nursery GC 467976K->467980K (486284K), 0.926 ms
[INFO ][memory ] 5.769: parallel nursery GC 468040K->468044K (486284K), 0.924 ms
[INFO ][memory ] 5.770: parallel nursery GC 468104K->468108K (486284K), 0.918 ms
[INFO ][memory ] 5.771: parallel nursery GC 468168K->468172K (486284K), 0.951 ms
[INFO ][memory ] 5.772: parallel nursery GC 468232K->468236K (486284K), 0.921 ms
[INFO ][memory ] 5.773: parallel nursery GC 468296K->468364K (486284K), 1.009 ms
[INFO ][memory ] 5.774: parallel nursery GC 468424K->468428K (486284K), 1.047 ms
[INFO ][memory ] 5.776: parallel nursery GC 468488K->468492K (486284K), 0.927 ms
[INFO ][memory ] 5.777: parallel nursery GC 468552K->468556K (486284K), 0.929 ms
[INFO ][memory ] 5.778: parallel nursery GC 468616K->468620K (486284K), 0.921 ms
[INFO ][memory ] 5.779: parallel nursery GC 468680K->468684K (486284K), 0.920 ms
[INFO ][memory ] 5.780: parallel nursery GC 468744K->468748K (486284K), 0.914 ms
[INFO ][memory ] 5.781: parallel nursery GC 468808K->468812K (486284K), 0.914 ms
[INFO ][memory ] 5.782: parallel nursery GC 468872K->468876K (486284K), 0.924 ms
[INFO ][memory ] 5.783: parallel nursery GC 468936K->468940K (486284K), 0.928 ms
[INFO ][memory ] 5.784: parallel nursery GC 469000K->469004K (486284K), 1.066 ms
[INFO ][memory ] 5.785: parallel nursery GC 469064K->469068K (486284K), 0.919 ms
[INFO ][memory ] 5.786: parallel nursery GC 469128K->469132K (486284K), 0.916 ms
[INFO ][memory ] 5.787: parallel nursery GC 469192K->469196K (486284K), 0.913 ms
[INFO ][memory ] 5.788: parallel nursery GC 469256K->469260K (486284K), 0.921 ms
[INFO ][memory ] 5.789: parallel nursery GC 469320K->469324K (486284K), 0.920 ms
[INFO ][memory ] 5.790: parallel nursery GC 469384K->469388K (486284K), 0.921 ms
[INFO ][memory ] 5.791: parallel nursery GC 469448K->469452K (486284K), 0.925 ms
[INFO ][memory ] 5.792: parallel nursery GC 469512K->469516K (486284K), 0.918 ms
[INFO ][memory ] 5.793: parallel nursery GC 469576K->469580K (486284K), 0.914 ms
[INFO ][memory ] 5.794: parallel nursery GC 469640K->469644K (486284K), 0.953 ms
[INFO ][memory ] 5.795: parallel nursery GC 469704K->469708K (486284K), 1.257 ms
[INFO ][memory ] 5.796: parallel nursery GC 469768K->469772K (486284K), 0.924 ms
[INFO ][memory ] 5.797: parallel nursery GC 469832K->469836K (486284K), 0.914 ms
[INFO ][memory ] 5.798: parallel nursery GC 469896K->469900K (486284K), 0.925 ms
[INFO ][memory ] 5.799: parallel nursery GC 469960K->469964K (486284K), 0.923 ms
[INFO ][memory ] 5.800: parallel nursery GC 470024K->470028K (486284K), 0.925 ms
[INFO ][memory ] 5.801: parallel nursery GC 470088K->470092K (486284K), 0.927 ms
[INFO ][memory ] 5.802: parallel nursery GC 470152K->470156K (486284K), 0.928 ms
[INFO ][memory ] 5.803: parallel nursery GC 470216K->470220K (486284K), 0.917 ms
[INFO ][memory ] 5.804: parallel nursery GC 470280K->470284K (486284K), 0.917 ms
[INFO ][memory ] 5.805: parallel nursery GC 470344K->470348K (486284K), 0.994 ms
[INFO ][memory ] 5.806: parallel nursery GC 470408K->470412K (486284K), 1.066 ms
[INFO ][memory ] 5.808: parallel nursery GC 470472K->470476K (486284K), 0.928 ms
[INFO ][memory ] 5.809: parallel nursery GC 470536K->470540K (486284K), 0.925 ms
[INFO ][memory ] 5.810: parallel nursery GC 470600K->470604K (486284K), 0.917 ms
[INFO ][memory ] 5.811: parallel nursery GC 470664K->470668K (486284K), 0.892 ms
[INFO ][memory ] 5.811: parallel nursery GC 470728K->470796K (486284K), 0.862 ms
[INFO ][memory ] 5.812: parallel nursery GC 470856K->470860K (486284K), 0.922 ms
[INFO ][memory ] 5.813: parallel nursery GC 470920K->470924K (486284K), 0.918 ms
[INFO ][memory ] 5.814: parallel nursery GC 470984K->470988K (486284K), 0.914 ms
[INFO ][memory ] 5.815: parallel nursery GC 471048K->471052K (486284K), 0.915 ms
[INFO ][memory ] 5.816: parallel nursery GC 471112K->471116K (486284K), 0.935 ms
[INFO ][memory ] 5.817: parallel nursery GC 471176K->471180K (486284K), 1.073 ms
[INFO ][memory ] 5.819: parallel nursery GC 471240K->471244K (486284K), 0.942 ms
[INFO ][memory ] 5.820: parallel nursery GC 471304K->471308K (486284K), 0.940 ms
[INFO ][memory ] 5.821: parallel nursery GC 471368K->471372K (486284K), 0.926 ms
[INFO ][memory ] 5.822: parallel nursery GC 471432K->471436K (486284K), 0.918 ms
[INFO ][memory ] 5.823: parallel nursery GC 471496K->471500K (486284K), 0.921 ms
[INFO ][memory ] 5.824: parallel nursery GC 471560K->471564K (486284K), 0.926 ms
[INFO ][memory ] 5.825: parallel nursery GC 471624K->471628K (486284K), 0.932 ms
[INFO ][memory ] 5.826: parallel nursery GC 471688K->471692K (486284K), 0.942 ms
[INFO ][memory ] 5.827: parallel nursery GC 471752K->471756K (486284K), 0.925 ms
[INFO ][memory ] 5.828: parallel nursery GC 471816K->471820K (486284K), 1.149 ms
[INFO ][memory ] 5.829: parallel nursery GC 471880K->471884K (486284K), 0.930 ms
[INFO ][memory ] 5.830: parallel nursery GC 471944K->471948K (486284K), 0.926 ms
[INFO ][memory ] 5.831: parallel nursery GC 472008K->472012K (486284K), 0.921 ms
[INFO ][memory ] 5.832: parallel nursery GC 472072K->472076K (486284K), 0.936 ms
[INFO ][memory ] 5.833: parallel nursery GC 472136K->472140K (486284K), 0.918 ms
[INFO ][memory ] 5.834: parallel nursery GC 472200K->472204K (486284K), 0.917 ms
[INFO ][memory ] 5.835: parallel nursery GC 472264K->472268K (486284K), 0.928 ms
[INFO ][memory ] 5.836: parallel nursery GC 472328K->472332K (486284K), 0.921 ms
[INFO ][memory ] 5.837: parallel nursery GC 472392K->472396K (486284K), 0.923 ms
[INFO ][memory ] 5.838: parallel nursery GC 472456K->472460K (486284K), 0.927 ms
[INFO ][memory ] 5.839: parallel nursery GC 472520K->472524K (486284K), 1.060 ms
[INFO ][memory ] 5.840: parallel nursery GC 472584K->472588K (486284K), 0.917 ms
[INFO ][memory ] 5.841: parallel nursery GC 472648K->472652K (486284K), 0.917 ms
[INFO ][memory ] 5.842: parallel nursery GC 472712K->472716K (486284K), 0.918 ms
[INFO ][memory ] 5.843: parallel nursery GC 472776K->472780K (486284K), 0.927 ms
[INFO ][memory ] 5.844: parallel nursery GC 472840K->472844K (486284K), 0.915 ms
[INFO ][memory ] 5.845: parallel nursery GC 472904K->472908K (486284K), 0.917 ms
[INFO ][memory ] 5.846: parallel nursery GC 472968K->472972K (486284K), 0.913 ms
[INFO ][memory ] 5.847: parallel nursery GC 473032K->473036K (486284K), 0.924 ms
[INFO ][memory ] 5.848: parallel nursery GC 473096K->473100K (486284K), 0.793 ms
[INFO ][memory ] 5.849: parallel nursery GC 473160K->473164K (486284K), 0.930 ms
[INFO ][memory ] 5.850: parallel nursery GC 473224K->473228K (486284K), 1.060 ms
[INFO ][memory ] 5.851: parallel nursery GC 473288K->473292K (486284K), 0.921 ms
[INFO ][memory ] 5.852: parallel nursery GC 473352K->473356K (486284K), 0.938 ms
[INFO ][memory ] 5.853: parallel nursery GC 473416K->473420K (486284K), 0.922 ms
[INFO ][memory ] 5.854: parallel nursery GC 473480K->473484K (486284K), 0.921 ms
[INFO ][memory ] 5.855: parallel nursery GC 473544K->473548K (486284K), 0.917 ms
[INFO ][memory ] 5.856: parallel nursery GC 473608K->473612K (486284K), 0.919 ms
[INFO ][memory ] 5.857: parallel nursery GC 473672K->473676K (486284K), 0.915 ms
[INFO ][memory ] 5.858: parallel nursery GC 473736K->473740K (486284K), 0.924 ms
[INFO ][memory ] 5.859: parallel nursery GC 473800K->473804K (486284K), 0.926 ms
[INFO ][memory ] 5.860: parallel nursery GC 473864K->473868K (486284K), 1.059 ms
[INFO ][memory ] 5.862: parallel nursery GC 473928K->473932K (486284K), 1.034 ms
[INFO ][memory ] 5.863: parallel nursery GC 473992K->473996K (486284K), 0.920 ms
[INFO ][memory ] 5.864: parallel nursery GC 474056K->474060K (486284K), 0.915 ms
[INFO ][memory ] 5.865: parallel nursery GC 474120K->474124K (486284K), 0.920 ms
[INFO ][memory ] 5.866: parallel nursery GC 474184K->474188K (486284K), 0.928 ms
[INFO ][memory ] 5.867: parallel nursery GC 474248K->474252K (486284K), 0.940 ms
[INFO ][memory ] 5.868: parallel nursery GC 474312K->474316K (486284K), 0.927 ms
[INFO ][memory ] 5.869: parallel nursery GC 474376K->474380K (486284K), 0.916 ms
[INFO ][memory ] 5.870: parallel nursery GC 474440K->474444K (486284K), 0.924 ms
[INFO ][memory ] 5.871: parallel nursery GC 474504K->474508K (486284K), 0.927 ms
[INFO ][memory ] 5.872: parallel nursery GC 474568K->474572K (486284K), 1.129 ms
[INFO ][memory ] 5.873: parallel nursery GC 474632K->474636K (486284K), 0.929 ms
[INFO ][memory ] 5.874: parallel nursery GC 474696K->474700K (486284K), 0.917 ms
[INFO ][memory ] 5.875: parallel nursery GC 474760K->474764K (486284K), 0.915 ms
[INFO ][memory ] 5.876: parallel nursery GC 474824K->474828K (486284K), 1.035 ms
[INFO ][memory ] 5.877: parallel nursery GC 474888K->474892K (486284K), 0.933 ms
[INFO ][memory ] 5.878: parallel nursery GC 474952K->474956K (486284K), 0.925 ms
[INFO ][memory ] 5.879: parallel nursery GC 475016K->475020K (486284K), 0.925 ms
[INFO ][memory ] 5.880: parallel nursery GC 475080K->475084K (486284K), 0.922 ms
[INFO ][memory ] 5.881: parallel nursery GC 475144K->475148K (486284K), 0.925 ms
[INFO ][memory ] 5.882: parallel nursery GC 475208K->475212K (486284K), 0.919 ms
[INFO ][memory ] 5.883: parallel nursery GC 475272K->475276K (486284K), 1.067 ms
[INFO ][memory ] 5.884: parallel nursery GC 475336K->475340K (486284K), 0.921 ms
[INFO ][memory ] 5.885: parallel nursery GC 475400K->475404K (486284K), 0.918 ms
[INFO ][memory ] 5.886: parallel nursery GC 475464K->475532K (486284K), 0.784 ms
[INFO ][memory ] 5.887: parallel nursery GC 475592K->475596K (486284K), 0.917 ms
[INFO ][memory ] 5.888: parallel nursery GC 475656K->475660K (486284K), 0.927 ms
[INFO ][memory ] 5.889: parallel nursery GC 475720K->475724K (486284K), 0.920 ms
[INFO ][memory ] 5.890: parallel nursery GC 475784K->475788K (486284K), 0.915 ms
[INFO ][memory ] 5.891: parallel nursery GC 475848K->475852K (486284K), 0.923 ms
[INFO ][memory ] 5.892: parallel nursery GC 475912K->475916K (486284K), 0.927 ms
[INFO ][memory ] 5.893: parallel nursery GC 475976K->475980K (486284K), 0.931 ms
[INFO ][memory ] 5.894: parallel nursery GC 476040K->476044K (486284K), 1.074 ms
[INFO ][memory ] 5.895: parallel nursery GC 476104K->476108K (486284K), 0.918 ms
[INFO ][memory ] 5.896: parallel nursery GC 476168K->476172K (486284K), 0.930 ms
[INFO ][memory ] 5.897: parallel nursery GC 476232K->476236K (486284K), 0.916 ms
[INFO ][memory ] 5.898: parallel nursery GC 476296K->476300K (486284K), 0.921 ms
[INFO ][memory ] 5.899: parallel nursery GC 476360K->476364K (486284K), 0.956 ms
[INFO ][memory ] 5.900: parallel nursery GC 476424K->476428K (486284K), 0.917 ms
[INFO ][memory ] 5.901: parallel nursery GC 476488K->476492K (486284K), 0.916 ms
[INFO ][memory ] 5.902: parallel nursery GC 476552K->476556K (486284K), 0.920 ms
[INFO ][memory ] 5.903: parallel nursery GC 476616K->476620K (486284K), 0.943 ms
[INFO ][memory ] 5.904: parallel nursery GC 476680K->476684K (486284K), 0.942 ms
[INFO ][memory ] 5.905: parallel nursery GC 476744K->476748K (486284K), 1.062 ms
[INFO ][memory ] 5.907: parallel nursery GC 476808K->476812K (486284K), 1.087 ms
[INFO ][memory ] 5.908: parallel nursery GC 476872K->476876K (486284K), 0.928 ms
[INFO ][memory ] 5.909: parallel nursery GC 476936K->476940K (486284K), 0.918 ms
[INFO ][memory ] 5.910: parallel nursery GC 477000K->477004K (486284K), 0.927 ms
[INFO ][memory ] 5.911: parallel nursery GC 477064K->477068K (486284K), 0.943 ms
[INFO ][memory ] 5.912: parallel nursery GC 477128K->477132K (486284K), 0.947 ms
[INFO ][memory ] 5.913: parallel nursery GC 477192K->477196K (486284K), 0.944 ms
[INFO ][memory ] 5.914: parallel nursery GC 477256K->477260K (486284K), 0.930 ms
[INFO ][memory ] 5.915: parallel nursery GC 477320K->477324K (486284K), 0.923 ms
[INFO ][memory ] 5.916: parallel nursery GC 477384K->477388K (486284K), 1.136 ms
[INFO ][memory ] 5.917: parallel nursery GC 477448K->477452K (486284K), 0.928 ms
[INFO ][memory ] 5.918: parallel nursery GC 477512K->477516K (486284K), 0.941 ms
[INFO ][memory ] 5.919: parallel nursery GC 477576K->477580K (486284K), 0.934 ms
[INFO ][memory ] 5.920: parallel nursery GC 477640K->477644K (486284K), 1.110 ms
[INFO ][memory ] 5.921: parallel nursery GC 477704K->477708K (486284K), 0.934 ms
[INFO ][memory ] 5.922: parallel nursery GC 477768K->477772K (486284K), 0.932 ms
[INFO ][memory ] 5.923: parallel nursery GC 477832K->477836K (486284K), 0.919 ms
[INFO ][memory ] 5.924: parallel nursery GC 477896K->477964K (486284K), 0.774 ms
[INFO ][memory ] 5.925: parallel nursery GC 478024K->478028K (486284K), 0.930 ms
[INFO ][memory ] 5.926: parallel nursery GC 478088K->478092K (486284K), 0.931 ms
[INFO ][memory ] 5.927: parallel nursery GC 478152K->478156K (486284K), 1.073 ms
[INFO ][memory ] 5.929: parallel nursery GC 478216K->478220K (486284K), 0.929 ms
[INFO ][memory ] 5.930: parallel nursery GC 478280K->478284K (486284K), 0.926 ms
[INFO ][memory ] 5.931: parallel nursery GC 478344K->478348K (486284K), 0.929 ms
[INFO ][memory ] 5.932: parallel nursery GC 478408K->478412K (486284K), 0.928 ms
[INFO ][memory ] 5.933: parallel nursery GC 478472K->478476K (486284K), 0.934 ms
[INFO ][memory ] 5.934: parallel nursery GC 478536K->478540K (486284K), 0.919 ms
[INFO ][memory ] 5.935: parallel nursery GC 478600K->478604K (486284K), 0.917 ms
[INFO ][memory ] 5.936: parallel nursery GC 478664K->478668K (486284K), 0.920 ms
[INFO ][memory ] 5.937: parallel nursery GC 478728K->478732K (486284K), 0.919 ms
[INFO ][memory ] 5.938: parallel nursery GC 478792K->478796K (486284K), 1.055 ms
[INFO ][memory ] 5.939: parallel nursery GC 478856K->478860K (486284K), 0.926 ms
[INFO ][memory ] 5.940: parallel nursery GC 478920K->478924K (486284K), 0.927 ms
[INFO ][memory ] 5.941: parallel nursery GC 478984K->478988K (486284K), 0.920 ms
[INFO ][memory ] 5.942: parallel nursery GC 479048K->479052K (486284K), 0.920 ms
[INFO ][memory ] 5.943: parallel nursery GC 479112K->479116K (486284K), 0.917 ms
[INFO ][memory ] 5.944: parallel nursery GC 479176K->479180K (486284K), 0.919 ms
[INFO ][memory ] 5.945: parallel nursery GC 479240K->479244K (486284K), 0.928 ms
[INFO ][memory ] 5.946: parallel nursery GC 479304K->479308K (486284K), 0.925 ms
[INFO ][memory ] 5.947: parallel nursery GC 479368K->479372K (486284K), 0.916 ms
[INFO ][memory ] 5.948: parallel nursery GC 479432K->479436K (486284K), 0.919 ms
[INFO ][memory ] 5.949: parallel nursery GC 479496K->479500K (486284K), 1.137 ms
[INFO ][memory ] 5.950: parallel nursery GC 479560K->479564K (486284K), 0.919 ms
[INFO ][memory ] 5.951: parallel nursery GC 479624K->479628K (486284K), 0.949 ms
[INFO ][memory ] 5.952: parallel nursery GC 479688K->479692K (486284K), 0.915 ms
[INFO ][memory ] 5.953: parallel nursery GC 479752K->479756K (486284K), 0.917 ms
[INFO ][memory ] 5.954: parallel nursery GC 479816K->479820K (486284K), 0.925 ms
[INFO ][memory ] 5.955: parallel nursery GC 479880K->479884K (486284K), 0.926 ms
[INFO ][memory ] 5.956: parallel nursery GC 479944K->479948K (486284K), 0.916 ms
[INFO ][memory ] 5.957: parallel nursery GC 480008K->480012K (486284K), 0.919 ms
[INFO ][memory ] 5.958: parallel nursery GC 480072K->480076K (486284K), 0.918 ms
[INFO ][memory ] 5.959: parallel nursery GC 480136K->480140K (486284K), 0.922 ms
[INFO ][memory ] 5.960: parallel nursery GC 480200K->480204K (486284K), 1.061 ms
[INFO ][memory ] 5.961: parallel nursery GC 480264K->480268K (486284K), 0.899 ms
[INFO ][memory ] 5.962: parallel nursery GC 480328K->480396K (486284K), 0.866 ms
[INFO ][memory ] 5.963: parallel nursery GC 480456K->480460K (486284K), 0.958 ms
[INFO ][memory ] 5.964: parallel nursery GC 480520K->480524K (486284K), 0.925 ms
[INFO ][memory ] 5.965: parallel nursery GC 480584K->480588K (486284K), 0.929 ms
[INFO ][memory ] 5.966: parallel nursery GC 480648K->480652K (486284K), 0.925 ms
[INFO ][memory ] 5.967: parallel nursery GC 480712K->480716K (486284K), 1.067 ms
[INFO ][memory ] 5.968: parallel nursery GC 480776K->480780K (486284K), 0.931 ms
[INFO ][memory ] 5.969: parallel nursery GC 480840K->480844K (486284K), 0.932 ms
[INFO ][memory ] 5.970: parallel nursery GC 480904K->480908K (486284K), 0.935 ms
[INFO ][memory ] 5.971: parallel nursery GC 480968K->480972K (486284K), 1.051 ms
[INFO ][memory ] 5.973: parallel nursery GC 481032K->481036K (486284K), 0.934 ms
[INFO ][memory ] 5.974: parallel nursery GC 481096K->481100K (486284K), 0.922 ms
[INFO ][memory ] 5.975: parallel nursery GC 481160K->481164K (486284K), 0.918 ms
[INFO ][memory ] 5.976: parallel nursery GC 481224K->481228K (486284K), 0.928 ms
[INFO ][memory ] 5.977: parallel nursery GC 481288K->481292K (486284K), 0.925 ms
[INFO ][memory ] 5.978: parallel nursery GC 481352K->481356K (486284K), 0.921 ms
[INFO ][memory ] 5.979: parallel nursery GC 481416K->481420K (486284K), 0.979 ms
[INFO ][memory ] 5.980: parallel nursery GC 481480K->481484K (486284K), 0.938 ms
[INFO ][memory ] 5.981: parallel nursery GC 481544K->481548K (486284K), 0.928 ms
[INFO ][memory ] 5.982: parallel nursery GC 481608K->481612K (486284K), 1.145 ms
[INFO ][memory ] 5.983: parallel nursery GC 481672K->481676K (486284K), 0.920 ms
[INFO ][memory ] 5.984: parallel nursery GC 481736K->481740K (486284K), 0.923 ms
[INFO ][memory ] 5.985: parallel nursery GC 481800K->481804K (486284K), 0.929 ms
[INFO ][memory ] 5.986: parallel nursery GC 481864K->481868K (486284K), 0.916 ms
[INFO ][memory ] 5.987: parallel nursery GC 481928K->481932K (486284K), 0.916 ms
[INFO ][memory ] 5.988: parallel nursery GC 481992K->481996K (486284K), 0.940 ms
[INFO ][memory ] 5.989: parallel nursery GC 482056K->482060K (486284K), 0.932 ms
[INFO ][memory ] 5.990: parallel nursery GC 482120K->482124K (486284K), 0.942 ms
[INFO ][memory ] 5.991: parallel nursery GC 482184K->482188K (486284K), 0.939 ms
[INFO ][memory ] 5.992: parallel nursery GC 482248K->482252K (486284K), 0.940 ms
[INFO ][memory ] 5.993: parallel nursery GC 482312K->482316K (486284K), 1.087 ms
[INFO ][memory ] 5.994: parallel nursery GC 482376K->482380K (486284K), 0.930 ms
[INFO ][memory ] 5.995: parallel nursery GC 482440K->482444K (486284K), 0.923 ms
[INFO ][memory ] 5.996: parallel nursery GC 482504K->482508K (486284K), 0.938 ms
[INFO ][memory ] 5.997: parallel nursery GC 482568K->482572K (486284K), 1.009 ms
[INFO ][memory ] 5.999: parallel nursery GC 482632K->482636K (486284K), 0.940 ms
[INFO ][memory ] 6.000: parallel nursery GC 482696K->482700K (486284K), 1.432 ms
[INFO ][memory ] 6.001: parallel nursery GC 482760K->482764K (486284K), 0.973 ms
[INFO ][memory ] 6.002: parallel nursery GC 482824K->482828K (486284K), 0.943 ms
[INFO ][memory ] 6.003: parallel nursery GC 482888K->482892K (486284K), 0.934 ms
[INFO ][memory ] 6.004: parallel nursery GC 482952K->482956K (486284K), 1.087 ms
[INFO ][memory ] 6.005: parallel nursery GC 483016K->483020K (486284K), 0.925 ms
[INFO ][memory ] 6.006: parallel nursery GC 483080K->483084K (486284K), 0.928 ms
[INFO ][memory ] 6.007: parallel nursery GC 483144K->483148K (486284K), 0.937 ms
[INFO ][memory ] 6.008: parallel nursery GC 483208K->483212K (486284K), 0.931 ms
[INFO ][memory ] 6.009: parallel nursery GC 483272K->483276K (486284K), 0.928 ms
[INFO ][memory ] 6.010: parallel nursery GC 483336K->483340K (486284K), 0.992 ms
[INFO ][memory ] 6.012: parallel nursery GC 483400K->483404K (486284K), 0.933 ms
[INFO ][memory ] 6.013: parallel nursery GC 483464K->483468K (486284K), 0.932 ms
[INFO ][memory ] 6.014: parallel nursery GC 483528K->483532K (486284K), 0.919 ms
[INFO ][memory ] 6.015: parallel nursery GC 483592K->483596K (486284K), 0.976 ms
[INFO ][memory ] 6.016: parallel nursery GC 483656K->483660K (486284K), 1.017 ms
[INFO ][memory ] 6.017: parallel nursery GC 483720K->483724K (486284K), 0.930 ms
[INFO ][memory ] 6.018: parallel nursery GC 483784K->483788K (486284K), 0.932 ms
[INFO ][memory ] 6.019: parallel nursery GC 483848K->483852K (486284K), 0.942 ms
[INFO ][memory ] 6.020: parallel nursery GC 483912K->483916K (486284K), 0.920 ms
[INFO ][memory ] 6.021: parallel nursery GC 483976K->483980K (486284K), 0.928 ms
[INFO ][memory ] 6.022: parallel nursery GC 484040K->484044K (486284K), 0.937 ms
[INFO ][memory ] 6.023: parallel nursery GC 484104K->484108K (486284K), 0.922 ms
[INFO ][memory ] 6.024: parallel nursery GC 484168K->484172K (486284K), 0.917 ms
[INFO ][memory ] 6.025: parallel nursery GC 484232K->484236K (486284K), 0.918 ms
[INFO ][memory ] 6.026: parallel nursery GC 484296K->484300K (486284K), 1.143 ms
[INFO ][memory ] 6.027: parallel nursery GC 484360K->484364K (486284K), 0.922 ms
[INFO ][memory ] 6.028: parallel nursery GC 484424K->484428K (486284K), 0.919 ms
[INFO ][memory ] 6.029: parallel nursery GC 484488K->484492K (486284K), 0.925 ms
[INFO ][memory ] 6.030: parallel nursery GC 484552K->484556K (486284K), 0.915 ms
[INFO ][memory ] 6.031: parallel nursery GC 484616K->484620K (486284K), 0.924 ms
[INFO ][memory ] 6.032: parallel nursery GC 484680K->484684K (486284K), 0.923 ms
[INFO ][memory ] 6.033: parallel nursery GC 484744K->484748K (486284K), 0.931 ms
[INFO ][memory ] 6.034: parallel nursery GC 484808K->484812K (486284K), 0.932 ms
[INFO ][memory ] 6.035: parallel nursery GC 484872K->484876K (486284K), 0.940 ms
[INFO ][memory ] 6.036: parallel nursery GC 484936K->484940K (486284K), 0.939 ms
[INFO ][memory ] 6.037: parallel nursery GC 485000K->485004K (486284K), 1.410 ms
[INFO ][memory ] 6.039: parallel nursery GC 485064K->485132K (486284K), 0.824 ms
[INFO ][memory ] 6.040: parallel nursery GC 485192K->485196K (486284K), 0.934 ms
[INFO ][memory ] 6.041: parallel nursery GC 485256K->485260K (486284K), 1.024 ms
[INFO ][memory ] 6.042: parallel nursery GC 485320K->485324K (486284K), 0.953 ms
[INFO ][memory ] 6.043: parallel nursery GC 485384K->485388K (486284K), 0.964 ms
[INFO ][memory ] 6.044: parallel nursery GC 485448K->485452K (486284K), 0.938 ms
[INFO ][memory ] 6.045: parallel nursery GC 485512K->485516K (486284K), 0.947 ms
[INFO ][memory ] 6.046: parallel nursery GC 485576K->485580K (486284K), 0.949 ms
[INFO ][memory ] 6.047: parallel nursery GC 485640K->485644K (486284K), 0.985 ms
[INFO ][memory ] 6.048: parallel nursery GC 485704K->485708K (486284K), 1.601 ms
[INFO ][memory ] 6.052: parallel nursery GC 485768K->485772K (486284K), 1.039 ms
[INFO ][memory ] 6.053: parallel nursery GC 485832K->485836K (486284K), 0.947 ms
[INFO ][memory ] 6.054: parallel nursery GC 485896K->485900K (486284K), 0.934 ms
[INFO ][memory ] 6.055: parallel nursery GC 485960K->485964K (486284K), 0.932 ms
[INFO ][memory ] 6.056: parallel nursery GC 486024K->486028K (486284K), 0.921 ms
[INFO ][memory ] 6.057: parallel nursery GC 486088K->486092K (486284K), 0.926 ms
[INFO ][memory ] 6.058: parallel nursery GC 486152K->486156K (486284K), 0.933 ms
[INFO ][memory ] 6.059: parallel nursery GC 486216K->486220K (486284K), 1.339 ms
[INFO ][memory ] 6.061: parallel nursery GC 486280K->486284K (486284K), 1.108 ms
[INFO ][memory ] 6.062-7.529: GC 486284K->429002K (568956K), 1467.419 ms
[INFO ][memory ] Warning: Your computer has generated 14964 page faults during the last garbage collection.
[INFO ][memory ] If you find this swapping problematic, please consider running JRockit with a smaller heap.
[INFO ][memory ] 7.572: parallel nursery GC 464364K->464452K (568956K), 202.519 ms
[INFO ][memory ] Warning: Your computer has generated 10010 page faults during the last garbage collection.
[INFO ][memory ] If you find this swapping problematic, please consider running JRockit with a smaller heap.
[INFO ][memory ] 7.813: parallel nursery GC 499652K->499012K (568956K), 200.262 ms
[INFO ][memory ] 8.044: parallel nursery GC 526212K->525636K (568956K), 205.954 ms
[INFO ][memory ] 8.280: parallel nursery GC 552836K->568956K (568956K), 195.991 ms
[INFO ][memory ] 8.477-9.477: GC 568956K->429037K (665680K), 1000.075 ms
[INFO ][memory ] 9.586: parallel nursery GC 499014K->498758K (665680K), 389.143 ms
[INFO ][memory ] 10.034: parallel nursery GC 551558K->551325K (665680K), 505.171 ms
[INFO ][memory ] Warning: Your computer has generated 8966 page faults during the last garbage collection.
[INFO ][memory ] If you find this swapping problematic, please consider running JRockit with a smaller heap.
[INFO ][memory ] 10.599: parallel nursery GC 604125K->603869K (665680K), 403.483 ms
[INFO ][memory ] Warning: Your computer has generated 13328 page faults during the last garbage collection.
[INFO ][memory ] If you find this swapping problematic, please consider running JRockit with a smaller heap.
[INFO ][memory ] 11.067: parallel nursery GC 656669K->665680K (665680K), 379.639 ms
[INFO ][memory ] 11.447-13.366: GC 665680K->429003K (665680K), 1919.019 ms
[INFO ][memory ] Warning: Your computer has generated 17223 page faults during the last garbage collection.
[INFO ][memory ] If you find this swapping problematic, please consider running JRockit with a smaller heap.
[INFO ][memory ] 13.495: parallel nursery GC 547324K->546507K (665680K), 673.485 ms
[INFO ][memory ] 14.263: parallel nursery GC 636107K->665680K (665680K), 634.997 ms
[INFO ][memory ] 14.898-16.554: GC 665680K->429009K (665680K), 1655.662 ms
[INFO ][memory ] 16.684: parallel nursery GC 547347K->665680K (665680K), 643.652 ms
[INFO ][memory ] 17.328-18.719: GC 665680K->429009K (665680K), 1391.174 ms
[INFO ][memory ] 18.843: parallel nursery GC 547344K->546571K (665680K), 635.676 ms
[INFO ][memory ] 19.571: parallel nursery GC 636171K->665680K (665680K), 612.212 ms
[INFO ][memory ] 20.183-21.000: GC 665680K->429015K (665680K), 816.398 ms
[INFO ][memory ] 21.124: parallel nursery GC 547350K->546578K (665680K), 663.708 ms
[INFO ][memory ] 21.887: parallel nursery GC 636178K->665680K (665680K), 627.376 ms
[INFO ][memory ] 22.514-23.406: GC 665680K->429005K (665680K), 891.942 ms
[INFO ][memory ] 23.529: parallel nursery GC 547338K->546571K (665680K), 634.039 ms
[INFO ][memory ] 24.255: parallel nursery GC 636171K->665680K (665680K), 619.739 ms
[INFO ][memory ] 24.875-25.828: GC 665680K->429003K (665680K), 952.830 ms
[INFO ][memory ] 25.953: parallel nursery GC 547340K->546549K (665680K), 653.533 ms
[INFO ][memory ] 26.704: parallel nursery GC 642549K->665680K (665680K), 673.569 ms
[INFO ][memory ] 27.378-28.273: GC 665680K->429000K (665680K), 894.688 ms
[INFO ][memory ] 28.398: parallel nursery GC 547338K->546553K (665680K), 648.958 ms
[INFO ][memory ] 29.140: parallel nursery GC 636153K->665680K (665680K), 621.956 ms
[INFO ][memory ] 29.762-30.946: GC 665680K->429001K (665680K), 1183.904 ms
[INFO ][memory ] 31.087: parallel nursery GC 547341K->546567K (665680K), 671.026 ms
[INFO ][memory ] 31.859: parallel nursery GC 644167K->665680K (665680K), 629.837 ms
[INFO ][memory ] 32.489-33.985: GC 665680K->429002K (665680K), 1496.136 ms
[INFO ][memory ] 34.115: parallel nursery GC 547341K->546572K (665680K), 664.728 ms
[INFO ][memory ] 34.872: parallel nursery GC 636172K->665680K (665680K), 617.518 ms
[INFO ][memory ] 35.490-36.725: GC 665680K->429003K (665680K), 1235.006 ms
[INFO ][memory ] 36.854: parallel nursery GC 547342K->665680K (665680K), 655.162 ms
[INFO ][memory ] 37.510-38.991: GC 665680K->429004K (665680K), 1481.075 ms
[INFO ][memory ] 39.113: parallel nursery GC 547343K->546595K (665680K), 630.640 ms
[INFO ][memory ] 39.836: parallel nursery GC 636195K->665680K (665680K), 623.058 ms
[INFO ][memory ] 40.459-41.533: GC 665680K->429007K (665680K), 1074.451 ms
[INFO ][memory ] 41.659: parallel nursery GC 547345K->665680K (665680K), 654.855 ms
[INFO ][memory ] 42.314-43.730: GC 665680K->429009K (665680K), 1415.997 ms
[INFO ][memory ] 43.852: parallel nursery GC 547345K->546592K (665680K), 640.365 ms
[INFO ][memory ] 44.584: parallel nursery GC 636192K->665680K (665680K), 618.030 ms
[INFO ][memory ] 45.203-46.473: GC 665680K->429016K (665680K), 1270.331 ms
[INFO ][memory ] 46.597: parallel nursery GC 547352K->665680K (665680K), 658.363 ms
[INFO ][memory ] 47.255-48.359: GC 665680K->429016K (665680K), 1104.126 ms
[INFO ][memory ] 48.483: parallel nursery GC 547348K->546534K (665680K), 641.963 ms
[INFO ][memory ] 49.216: parallel nursery GC 636134K->665680K (665680K), 607.690 ms
[INFO ][memory ] 49.824-50.596: GC 665680K->429020K (665680K), 772.001 ms
[INFO ][memory ] 50.724: parallel nursery GC 547352K->546542K (665680K), 644.844 ms
[INFO ][memory ] 51.460: parallel nursery GC 636142K->665680K (665680K), 620.508 ms
[INFO ][memory ] 52.081-53.545: GC 665680K->429005K (665680K), 1464.051 ms
[INFO ][memory ] 53.667: parallel nursery GC 547335K->546531K (665680K), 645.170 ms
[INFO ][memory ] 54.406: parallel nursery GC 636131K->665680K (665680K), 733.365 ms
[INFO ][memory ] 55.139-56.303: GC 665680K->429005K (665680K), 1163.980 ms
[INFO ][memory ] 56.439: parallel nursery GC 547342K->665680K (665680K), 761.840 ms
[INFO ][memory ] 57.202-58.465: GC 665680K->429005K (665680K), 1263.777 ms
[INFO ][memory ] 58.589: parallel nursery GC 547343K->546583K (665680K), 798.145 ms
[INFO ][memory ] 59.486: parallel nursery GC 636183K->665680K (665680K), 621.439 ms
[INFO ][memory ] 60.108-60.881: GC 665680K->429008K (665680K), 773.070 ms
[INFO ][memory ] 61.004: parallel nursery GC 547345K->546549K (665680K), 642.170 ms
[INFO ][memory ] 61.737: parallel nursery GC 636149K->665680K (665680K), 645.390 ms
[INFO ][memory ] 62.383-63.673: GC 665680K->429016K (665680K), 1290.663 ms
[INFO ][memory ] 63.796: parallel nursery GC 547352K->546368K (665680K), 641.907 ms
[INFO ][memory ] 64.542: parallel nursery GC 648768K->665680K (665680K), 622.844 ms
[INFO ][memory ] 65.165-65.942: GC 665680K->429016K (665680K), 776.759 ms
[INFO ][memory ] 66.064: parallel nursery GC 547348K->546540K (665680K), 646.035 ms
[INFO ][memory ] 66.802: parallel nursery GC 636140K->665680K (665680K), 626.821 ms
[INFO ][memory ] 67.429-68.532: GC 665680K->429016K (665680K), 1102.826 ms
[INFO ][memory ] 68.655: parallel nursery GC 547348K->547062K (665680K), 639.741 ms
[INFO ][memory ] 69.386: parallel nursery GC 636662K->665680K (665680K), 610.393 ms
[INFO ][memory ] 69.997-71.295: GC 665680K->429016K (665680K), 1298.362 ms
[INFO ][memory ] 71.421: parallel nursery GC 547348K->546921K (665680K), 645.901 ms
[INFO ][memory ] 72.176: parallel nursery GC 654121K->665680K (665680K), 631.081 ms
[INFO ][memory ] 72.808-74.185: GC 665680K->429013K (665680K), 1377.880 ms
[INFO ][memory ] 74.307: parallel nursery GC 547345K->546507K (665680K), 633.006 ms
[INFO ][memory ] 75.031: parallel nursery GC 636107K->665680K (665680K), 632.811 ms
[INFO ][memory ] 75.664-76.445: GC 665680K->429006K (665680K), 780.889 ms
