[INFO ][memory ] GC mode: Garbage collection optimized for throughput, strategy: Parallel Mark & Sweep.
[INFO ][memory ] Heap size: 65536KB, maximal heap size: 1048576KB.
[INFO ][memory ] <start>-<end>: <type> <before>KB-><after>KB (<heap>KB), <time> ms, sum of pauses <pause> ms.
[INFO ][memory ] <start>  - start time of collection (seconds since jvm start).
[INFO ][memory ] <type>   - OC (old collection) or YC (young collection).
[INFO ][memory ] <end>    - end time of collection (seconds since jvm start).
[INFO ][memory ] <before> - memory used by objects before collection (KB).
[INFO ][memory ] <after>  - memory used by objects after collection (KB).
[INFO ][memory ] <heap>   - size of heap after collection (KB).
[INFO ][memory ] <time>   - total time of collection (milliseconds).
[INFO ][memory ] <pause>  - total sum of pauses during collection (milliseconds).
[INFO ][memory ]            Run with -Xverbose:gcpause to see individual phases.
[INFO ][memory ] [OC#1] 0.858-0.860: OC 556KB->78422KB (117048KB), 0.002 s, sum of pauses 1.644 ms, longest pause 1.644 ms.
[INFO ][memory ] [OC#2] 0.919-1.012: OC 78427KB->156488KB (233568KB), 0.092 s, sum of pauses 90.766 ms, longest pause 90.766 ms.
[INFO ][memory ] [OC#3] 1.787-2.094: OC 233568KB->233570KB (348800KB), 0.307 s, sum of pauses 303.752 ms, longest pause 303.752 ms.
[INFO ][memory ] [OC#4] 2.457-3.032: OC 348800KB->348802KB (520792KB), 0.575 s, sum of pauses 571.108 ms, longest pause 571.108 ms.
[INFO ][memory ] [OC#5] 3.371-4.188: OC 520792KB->429026KB (640528KB), 0.817 s, sum of pauses 810.972 ms, longest pause 810.972 ms.
[INFO ][memory ] [OC#6] 4.496-5.497: OC 640528KB->429027KB (640528KB), 1.001 s, sum of pauses 996.632 ms, longest pause 996.632 ms.
[INFO ][memory ] [OC#7] 5.760-6.723: OC 640528KB->429028KB (640528KB), 0.963 s, sum of pauses 960.261 ms, longest pause 960.261 ms.
[INFO ][memory ] [OC#8] 6.959-7.776: OC 640528KB->429028KB (640528KB), 0.817 s, sum of pauses 810.682 ms, longest pause 810.682 ms.
[INFO ][memory ] [OC#9] 8.009-8.817: OC 640528KB->429028KB (640528KB), 0.808 s, sum of pauses 804.229 ms, longest pause 804.229 ms.
[INFO ][memory ] [OC#10] 9.047-9.855: OC 640528KB->429028KB (640528KB), 0.808 s, sum of pauses 802.837 ms, longest pause 802.837 ms.
[INFO ][memory ] [OC#11] 10.095-10.984: OC 640528KB->429028KB (768636KB), 0.888 s, sum of pauses 883.658 ms, longest pause 883.658 ms.
[INFO ][memory ] [OC#12] 11.405-12.221: OC 768636KB->429028KB (922364KB), 0.816 s, sum of pauses 809.029 ms, longest pause 809.029 ms.
[INFO ][memory ] [OC#13] 12.805-13.714: OC 922364KB->429027KB (1048576KB), 0.909 s, sum of pauses 900.436 ms, longest pause 900.436 ms.
[INFO ][memory ] [OC#14] 14.445-15.266: OC 1048576KB->429025KB (1048576KB), 0.821 s, sum of pauses 809.901 ms, longest pause 809.901 ms.
[INFO ][memory ] [OC#15] 15.969-16.884: OC 1048576KB->429025KB (1048576KB), 0.916 s, sum of pauses 908.361 ms, longest pause 908.361 ms.
[INFO ][memory ] [OC#16] 17.571-18.424: OC 1048576KB->429025KB (1048576KB), 0.853 s, sum of pauses 844.559 ms, longest pause 844.559 ms.
[INFO ][memory ] [OC#17] 19.155-20.128: OC 1048576KB->429025KB (1048576KB), 0.973 s, sum of pauses 961.665 ms, longest pause 961.665 ms.
