[INFO ][memory ] GC mode: Garbage collection optimized for short pausetimes, strategy: Generational Concurrent Mark & Sweep.
[INFO ][memory ] Heap size: 65536KB, maximal heap size: 1048576KB, nursery size: 20480KB.
[INFO ][memory ] <start>-<end>: <type> <before>KB-><after>KB (<heap>KB), <time> ms, sum of pauses <pause> ms.
[INFO ][memory ] <start>  - start time of collection (seconds since jvm start).
[INFO ][memory ] <type>   - OC (old collection) or YC (young collection).
[INFO ][memory ] <end>    - end time of collection (seconds since jvm start).
[INFO ][memory ] <before> - memory used by objects before collection (KB).
[INFO ][memory ] <after>  - memory used by objects after collection (KB).
[INFO ][memory ] <heap>   - size of heap after collection (KB).
[INFO ][memory ] <time>   - total time of collection (milliseconds).
[INFO ][memory ] <pause>  - total sum of pauses during collection (milliseconds).
[INFO ][memory ]            Run with -Xverbose:gcpause to see individual phases.
[INFO ][memory ] [OC#1] Changing GC strategy from: genconcon to: genconpar, reason: Emergency parallel sweep requested.
[INFO ][memory ] [OC#1] 0.868-0.872: OC 362KB->78371KB (117028KB), 0.004 s, sum of pauses 2.253 ms, longest pause 1.294 ms.
[INFO ][memory ] [OC#2] Changing GC strategy from: genconpar to: genconcon, reason: Return to basic strategy.
[INFO ][memory ] [OC#2] 1.413-1.417: OC 78389KB->156497KB (233636KB), 0.005 s, sum of pauses 1.752 ms, longest pause 0.832 ms.
[INFO ][memory ] [YC#1] 1.535-1.617: YC 176976KB->177017KB (233636KB), 0.082 s, sum of pauses 82.409 ms, longest pause 82.409 ms.
[INFO ][memory ] [YC#2] 1.679-1.759: YC 197486KB->197561KB (233636KB), 0.080 s, sum of pauses 80.299 ms, longest pause 80.299 ms.
[INFO ][memory ] [YC#3] 1.858-1.945: YC 218158KB->233636KB (233636KB), 0.087 s, sum of pauses 86.820 ms, longest pause 86.820 ms.
[INFO ][memory ] [OC#3] Changing GC strategy from: genconcon to: genconpar, reason: Emergency parallel sweep requested.
[INFO ][memory ] [OC#3] 1.759-2.055: OC 197625KB->218034KB (325480KB), 0.296 s, sum of pauses 28.654 ms, longest pause 27.490 ms.
[INFO ][memory ] [YC#4] 2.118-2.197: YC 238512KB->238572KB (325480KB), 0.079 s, sum of pauses 78.635 ms, longest pause 78.635 ms.
[INFO ][memory ] [YC#5] 2.247-2.327: YC 255344KB->255404KB (325480KB), 0.080 s, sum of pauses 80.018 ms, longest pause 80.018 ms.
[INFO ][memory ] [YC#6] 2.377-2.453: YC 272176KB->272236KB (325480KB), 0.075 s, sum of pauses 75.334 ms, longest pause 75.334 ms.
[INFO ][memory ] [YC#7] 2.673-2.739: YC 292784KB->289212KB (325480KB), 0.066 s, sum of pauses 66.226 ms, longest pause 66.226 ms.
[INFO ][memory ] [YC#8] 2.792-2.871: YC 305968KB->306028KB (325480KB), 0.080 s, sum of pauses 79.515 ms, longest pause 79.515 ms.
[INFO ][memory ] [YC#9] 2.955-3.039: YC 322800KB->325480KB (325480KB), 0.083 s, sum of pauses 83.422 ms, longest pause 83.422 ms.
[INFO ][memory ] [OC#4] Changing GC strategy from: genconpar to: genconcon, reason: Return to basic strategy.
[INFO ][memory ] [OC#4] 2.453-3.417: OC 272252KB->322612KB (481568KB), 0.964 s, sum of pauses 310.257 ms, longest pause 288.424 ms.
[INFO ][memory ] [YC#10] 3.445-3.524: YC 342850KB->342912KB (481568KB), 0.079 s, sum of pauses 79.204 ms, longest pause 79.204 ms.
[INFO ][memory ] [YC#11] 3.550-3.629: YC 362754KB->362816KB (481568KB), 0.079 s, sum of pauses 78.521 ms, longest pause 78.521 ms.
[INFO ][memory ] [YC#12] 3.655-3.742: YC 382658KB->382720KB (481568KB), 0.086 s, sum of pauses 86.347 ms, longest pause 86.347 ms.
[INFO ][memory ] [YC#13] 3.771-3.882: YC 402562KB->402688KB (481568KB), 0.111 s, sum of pauses 110.985 ms, longest pause 110.985 ms.
[INFO ][memory ] [OC#5] Changing GC strategy from: genconcon to: genconpar, reason: Emergency parallel sweep requested.
[INFO ][memory ] [OC#5] 3.896-4.636: OC 412432KB->507326KB (757260KB), 0.740 s, sum of pauses 134.039 ms, longest pause 79.776 ms.
[INFO ][memory ] [YC#14] 4.713-4.792: YC 527807KB->527877KB (757260KB), 0.078 s, sum of pauses 78.258 ms, longest pause 78.258 ms.
[INFO ][memory ] [YC#15] 4.818-4.896: YC 548346KB->548421KB (757260KB), 0.077 s, sum of pauses 77.132 ms, longest pause 77.132 ms.
[INFO ][memory ] [YC#16] 4.923-5.001: YC 568890KB->568965KB (757260KB), 0.079 s, sum of pauses 78.664 ms, longest pause 78.664 ms.
[INFO ][memory ] [YC#17] 5.028-5.109: YC 589434KB->589509KB (757260KB), 0.081 s, sum of pauses 81.015 ms, longest pause 81.015 ms.
[INFO ][memory ] [YC#18] 5.136-5.220: YC 609978KB->610053KB (757260KB), 0.083 s, sum of pauses 83.366 ms, longest pause 83.366 ms.
[INFO ][memory ] [YC#19] 5.248-5.329: YC 630522KB->630597KB (757260KB), 0.081 s, sum of pauses 80.788 ms, longest pause 80.788 ms.
[INFO ][memory ] [YC#20] 5.356-5.437: YC 651066KB->651141KB (757260KB), 0.081 s, sum of pauses 81.066 ms, longest pause 81.066 ms.
[INFO ][memory ] [YC#21] 5.658-5.741: YC 671674KB->671749KB (757260KB), 0.084 s, sum of pauses 83.649 ms, longest pause 83.649 ms.
[INFO ][memory ] [YC#22] 5.769-5.851: YC 692218KB->692293KB (757260KB), 0.082 s, sum of pauses 82.234 ms, longest pause 82.234 ms.
[INFO ][memory ] [YC#23] 5.880-5.963: YC 712762KB->712837KB (757260KB), 0.083 s, sum of pauses 82.555 ms, longest pause 82.555 ms.
[INFO ][memory ] [YC#24] 5.990-6.071: YC 733306KB->733381KB (757260KB), 0.081 s, sum of pauses 81.395 ms, longest pause 81.395 ms.
[INFO ][memory ] [YC#25] 6.225-6.300: YC 753850KB->757260KB (757260KB), 0.075 s, sum of pauses 74.529 ms, longest pause 74.529 ms.
[INFO ][memory ] [OC#6] Changing GC strategy from: genconpar to: genconcon, reason: Return to basic strategy.
[INFO ][memory ] [OC#6] 5.437-6.406: OC 651157KB->403929KB (757260KB), 0.969 s, sum of pauses 2.573 ms, longest pause 1.344 ms.
[INFO ][memory ] [YC#26] 6.420-6.494: YC 422887KB->423003KB (757260KB), 0.074 s, sum of pauses 74.169 ms, longest pause 74.169 ms.
[INFO ][memory ] [YC#27] 6.554-6.656: YC 516486KB->516552KB (757260KB), 0.102 s, sum of pauses 101.539 ms, longest pause 101.539 ms.
[INFO ][memory ] [YC#28] 6.674-6.744: YC 531910KB->532040KB (757260KB), 0.071 s, sum of pauses 70.465 ms, longest pause 70.465 ms.
[INFO ][memory ] [YC#29] 6.763-6.838: YC 547398KB->547528KB (757260KB), 0.076 s, sum of pauses 75.657 ms, longest pause 75.657 ms.
[INFO ][memory ] [YC#30] 6.856-6.931: YC 562886KB->563016KB (757260KB), 0.075 s, sum of pauses 74.483 ms, longest pause 74.483 ms.
[INFO ][memory ] [YC#31] 6.949-7.020: YC 578374KB->578440KB (757260KB), 0.071 s, sum of pauses 70.622 ms, longest pause 70.622 ms.
[INFO ][memory ] [YC#32] 7.038-7.114: YC 593798KB->593864KB (757260KB), 0.076 s, sum of pauses 76.263 ms, longest pause 76.263 ms.
[INFO ][memory ] [YC#33] 7.133-7.207: YC 609222KB->609288KB (757260KB), 0.074 s, sum of pauses 74.276 ms, longest pause 74.276 ms.
[INFO ][memory ] [YC#34] 7.225-7.296: YC 624646KB->624685KB (757260KB), 0.071 s, sum of pauses 70.449 ms, longest pause 70.449 ms.
[INFO ][memory ] [YC#35] 7.314-7.384: YC 640043KB->640144KB (757260KB), 0.070 s, sum of pauses 70.351 ms, longest pause 70.351 ms.
[INFO ][memory ] [YC#36] 7.613-7.673: YC 660686KB->655639KB (757260KB), 0.060 s, sum of pauses 59.959 ms, longest pause 59.959 ms.
[INFO ][memory ] [YC#37] 7.694-7.769: YC 670997KB->671063KB (757260KB), 0.075 s, sum of pauses 75.265 ms, longest pause 75.265 ms.
[INFO ][memory ] [YC#38] 7.788-7.867: YC 686421KB->686510KB (757260KB), 0.079 s, sum of pauses 78.845 ms, longest pause 78.845 ms.
[INFO ][memory ] [YC#39] 7.889-7.968: YC 701868KB->701958KB (757260KB), 0.080 s, sum of pauses 79.835 ms, longest pause 79.835 ms.
[INFO ][memory ] [YC#40] 8.099-8.179: YC 717315KB->717342KB (757260KB), 0.079 s, sum of pauses 78.560 ms, longest pause 78.560 ms.
[INFO ][memory ] [YC#41] 8.198-8.278: YC 732700KB->732770KB (757260KB), 0.080 s, sum of pauses 80.421 ms, longest pause 80.421 ms.
[INFO ][memory ] [YC#42] 8.363-8.456: YC 748128KB->757260KB (757260KB), 0.093 s, sum of pauses 93.124 ms, longest pause 93.124 ms.
[INFO ][memory ] [OC#7] Changing GC strategy from: genconcon to: genconpar, reason: Emergency parallel sweep requested.
[INFO ][memory ] [OC#7] 7.384-8.546: OC 640160KB->396059KB (757260KB), 1.162 s, sum of pauses 50.738 ms, longest pause 26.303 ms.
[INFO ][memory ] [YC#43] 8.571-8.644: YC 416535KB->416626KB (757260KB), 0.073 s, sum of pauses 72.957 ms, longest pause 72.957 ms.
[INFO ][memory ] [YC#44] 8.698-8.777: YC 510106KB->510171KB (757260KB), 0.079 s, sum of pauses 77.805 ms, longest pause 77.805 ms.
[INFO ][memory ] [YC#45] 8.795-8.869: YC 525527KB->525627KB (757260KB), 0.074 s, sum of pauses 73.730 ms, longest pause 73.730 ms.
[INFO ][memory ] [YC#46] 8.888-8.958: YC 540983KB->541067KB (757260KB), 0.070 s, sum of pauses 70.324 ms, longest pause 70.324 ms.
[INFO ][memory ] [YC#47] 8.977-9.047: YC 556423KB->556503KB (757260KB), 0.071 s, sum of pauses 70.649 ms, longest pause 70.649 ms.
[INFO ][memory ] [YC#48] 9.066-9.144: YC 571859KB->571927KB (757260KB), 0.079 s, sum of pauses 78.577 ms, longest pause 78.577 ms.
[INFO ][memory ] [YC#49] 9.165-9.241: YC 587283KB->587298KB (757260KB), 0.076 s, sum of pauses 75.549 ms, longest pause 75.549 ms.
[INFO ][memory ] [YC#50] 9.259-9.340: YC 602654KB->602733KB (757260KB), 0.081 s, sum of pauses 81.065 ms, longest pause 81.065 ms.
[INFO ][memory ] [YC#51] 9.359-9.430: YC 618089KB->618168KB (757260KB), 0.071 s, sum of pauses 71.042 ms, longest pause 71.042 ms.
[INFO ][memory ] [YC#52] 9.448-9.524: YC 633524KB->633592KB (757260KB), 0.076 s, sum of pauses 75.684 ms, longest pause 75.684 ms.
[INFO ][memory ] [YC#53] 9.832-9.915: YC 654144KB->649092KB (757260KB), 0.084 s, sum of pauses 83.615 ms, longest pause 83.615 ms.
[INFO ][memory ] [YC#54] 9.935-10.014: YC 664448KB->664538KB (757260KB), 0.079 s, sum of pauses 78.632 ms, longest pause 78.632 ms.
[INFO ][memory ] [YC#55] 10.034-10.117: YC 679894KB->679964KB (757260KB), 0.083 s, sum of pauses 82.945 ms, longest pause 82.945 ms.
[INFO ][memory ] [YC#56] 10.137-10.218: YC 695320KB->695388KB (757260KB), 0.081 s, sum of pauses 79.961 ms, longest pause 79.961 ms.
[INFO ][memory ] [YC#57] 10.378-10.456: YC 710744KB->710824KB (757260KB), 0.079 s, sum of pauses 78.662 ms, longest pause 78.662 ms.
[INFO ][memory ] [YC#58] 10.475-10.602: YC 726179KB->726195KB (757260KB), 0.128 s, sum of pauses 127.502 ms, longest pause 127.502 ms.
[INFO ][memory ] [YC#59] 10.625-10.716: YC 741551KB->741630KB (757260KB), 0.091 s, sum of pauses 90.615 ms, longest pause 90.615 ms.
[INFO ][memory ] [YC#60] 10.824-10.924: YC 756986KB->757260KB (757260KB), 0.099 s, sum of pauses 99.368 ms, longest pause 99.368 ms.
[INFO ][memory ] [OC#8] Changing GC strategy from: genconpar to: genconcon, reason: Return to basic strategy.
[INFO ][memory ] [OC#8] 9.524-11.565: OC 633608KB->406619KB (757260KB), 2.041 s, sum of pauses 523.650 ms, longest pause 500.105 ms.
[INFO ][memory ] [YC#61] 11.565-11.640: YC 425449KB->425579KB (757260KB), 0.075 s, sum of pauses 75.106 ms, longest pause 75.106 ms.
[INFO ][memory ] [YC#62] 11.699-11.773: YC 519062KB->519128KB (757260KB), 0.073 s, sum of pauses 73.398 ms, longest pause 73.398 ms.
[INFO ][memory ] [YC#63] 11.792-11.868: YC 534486KB->534616KB (757260KB), 0.077 s, sum of pauses 76.708 ms, longest pause 76.708 ms.
[INFO ][memory ] [YC#64] 11.886-11.961: YC 549974KB->550040KB (757260KB), 0.075 s, sum of pauses 74.640 ms, longest pause 74.640 ms.
[INFO ][memory ] [YC#65] 11.979-12.058: YC 565398KB->565528KB (757260KB), 0.078 s, sum of pauses 78.425 ms, longest pause 78.425 ms.
[INFO ][memory ] [YC#66] 12.077-12.154: YC 580886KB->580965KB (757260KB), 0.077 s, sum of pauses 76.944 ms, longest pause 76.944 ms.
[INFO ][memory ] [YC#67] 12.172-12.249: YC 596323KB->596389KB (757260KB), 0.077 s, sum of pauses 76.951 ms, longest pause 76.951 ms.
[INFO ][memory ] [YC#68] 12.268-12.346: YC 611747KB->611846KB (757260KB), 0.078 s, sum of pauses 78.045 ms, longest pause 78.045 ms.
[INFO ][memory ] [YC#69] 12.365-12.441: YC 627204KB->627334KB (757260KB), 0.076 s, sum of pauses 76.409 ms, longest pause 76.409 ms.
[INFO ][memory ] [YC#70] 12.659-12.719: YC 647876KB->642804KB (757260KB), 0.060 s, sum of pauses 59.684 ms, longest pause 59.684 ms.
[INFO ][memory ] [YC#71] 12.741-12.843: YC 658162KB->658187KB (757260KB), 0.101 s, sum of pauses 101.375 ms, longest pause 101.375 ms.
[INFO ][memory ] [YC#72] 12.865-12.948: YC 673545KB->673576KB (757260KB), 0.082 s, sum of pauses 82.343 ms, longest pause 82.343 ms.
[INFO ][memory ] [YC#73] 12.966-13.073: YC 688933KB->689004KB (757260KB), 0.107 s, sum of pauses 106.797 ms, longest pause 106.797 ms.
[INFO ][memory ] [YC#74] 13.093-13.191: YC 704362KB->704424KB (757260KB), 0.098 s, sum of pauses 98.085 ms, longest pause 98.085 ms.
[INFO ][memory ] [YC#75] 13.333-13.412: YC 719782KB->719862KB (757260KB), 0.079 s, sum of pauses 78.636 ms, longest pause 78.636 ms.
[INFO ][memory ] [YC#76] 13.431-13.513: YC 735220KB->735294KB (757260KB), 0.081 s, sum of pauses 81.127 ms, longest pause 81.127 ms.
[INFO ][memory ] [YC#77] 13.536-13.615: YC 750652KB->757260KB (757260KB), 0.079 s, sum of pauses 78.456 ms, longest pause 78.456 ms.
[INFO ][memory ] [OC#9] Changing GC strategy from: genconcon to: genconpar, reason: Emergency parallel sweep requested.
[INFO ][memory ] [OC#9] 12.441-13.770: OC 627350KB->398771KB (757260KB), 1.329 s, sum of pauses 54.520 ms, longest pause 29.418 ms.
[INFO ][memory ] [YC#78] 13.795-13.873: YC 419249KB->419318KB (757260KB), 0.079 s, sum of pauses 78.491 ms, longest pause 78.491 ms.
[INFO ][memory ] [YC#79] 13.928-14.009: YC 512800KB->512855KB (757260KB), 0.080 s, sum of pauses 80.248 ms, longest pause 80.248 ms.
[INFO ][memory ] [YC#80] 14.027-14.102: YC 528213KB->528339KB (757260KB), 0.075 s, sum of pauses 74.975 ms, longest pause 74.975 ms.
[INFO ][memory ] [YC#81] 14.120-14.239: YC 543697KB->543769KB (757260KB), 0.119 s, sum of pauses 119.091 ms, longest pause 119.091 ms.
[INFO ][memory ] [YC#82] 14.263-14.353: YC 559127KB->559192KB (757260KB), 0.090 s, sum of pauses 90.138 ms, longest pause 90.138 ms.
[INFO ][memory ] [YC#83] 14.372-14.467: YC 574550KB->574614KB (757260KB), 0.095 s, sum of pauses 95.385 ms, longest pause 95.385 ms.
[INFO ][memory ] [YC#84] 14.485-14.575: YC 589972KB->590038KB (757260KB), 0.089 s, sum of pauses 89.354 ms, longest pause 89.354 ms.
[INFO ][memory ] [YC#85] 14.600-14.724: YC 605396KB->605461KB (757260KB), 0.124 s, sum of pauses 124.353 ms, longest pause 124.353 ms.
[INFO ][memory ] [YC#86] 14.921-14.979: YC 626515KB->621459KB (757260KB), 0.058 s, sum of pauses 58.224 ms, longest pause 58.224 ms.
[INFO ][memory ] [YC#87] 14.998-15.077: YC 636817KB->636893KB (757260KB), 0.079 s, sum of pauses 78.706 ms, longest pause 78.706 ms.
[INFO ][memory ] [YC#88] 15.100-15.179: YC 652250KB->652369KB (757260KB), 0.079 s, sum of pauses 78.582 ms, longest pause 78.582 ms.
[INFO ][memory ] [YC#89] 15.198-15.277: YC 667727KB->667792KB (757260KB), 0.078 s, sum of pauses 78.274 ms, longest pause 78.274 ms.
[INFO ][memory ] [YC#90] 15.378-15.456: YC 683150KB->683214KB (757260KB), 0.078 s, sum of pauses 77.709 ms, longest pause 77.709 ms.
[INFO ][memory ] [YC#91] 15.476-15.556: YC 698572KB->698648KB (757260KB), 0.080 s, sum of pauses 80.196 ms, longest pause 80.196 ms.
[INFO ][memory ] [YC#92] 15.643-15.721: YC 714005KB->714123KB (757260KB), 0.078 s, sum of pauses 77.805 ms, longest pause 77.805 ms.
[INFO ][memory ] [YC#93] 15.741-15.821: YC 729480KB->729534KB (757260KB), 0.080 s, sum of pauses 80.076 ms, longest pause 80.076 ms.
[INFO ][memory ] [YC#94] 15.877-15.956: YC 744891KB->757260KB (757260KB), 0.078 s, sum of pauses 78.400 ms, longest pause 78.400 ms.
[INFO ][memory ] [OC#10] Changing GC strategy from: genconpar to: genconcon, reason: Return to basic strategy.
[INFO ][memory ] [OC#10] 14.725-16.332: OC 606034KB->395226KB (757260KB), 1.607 s, sum of pauses 359.900 ms, longest pause 327.674 ms.
[INFO ][memory ] [YC#95] 16.332-16.410: YC 413432KB->413562KB (757260KB), 0.078 s, sum of pauses 77.421 ms, longest pause 77.421 ms.
[INFO ][memory ] [YC#96] 16.428-16.500: YC 428920KB->429050KB (757260KB), 0.072 s, sum of pauses 72.204 ms, longest pause 72.204 ms.
[INFO ][memory ] [YC#97] 16.554-16.628: YC 522533KB->522586KB (757260KB), 0.074 s, sum of pauses 73.994 ms, longest pause 73.994 ms.
[INFO ][memory ] [YC#98] 16.647-16.722: YC 537943KB->537962KB (757260KB), 0.075 s, sum of pauses 74.890 ms, longest pause 74.890 ms.
[INFO ][memory ] [YC#99] 16.740-16.818: YC 553320KB->553322KB (757260KB), 0.078 s, sum of pauses 77.660 ms, longest pause 77.660 ms.
[INFO ][memory ] [YC#100] 16.836-16.908: YC 568680KB->568747KB (757260KB), 0.071 s, sum of pauses 71.006 ms, longest pause 71.006 ms.
[INFO ][memory ] [YC#101] 16.926-17.001: YC 584105KB->584223KB (757260KB), 0.075 s, sum of pauses 75.386 ms, longest pause 75.386 ms.
[INFO ][memory ] [YC#102] 17.019-17.095: YC 599581KB->599680KB (757260KB), 0.075 s, sum of pauses 75.198 ms, longest pause 75.198 ms.
[INFO ][memory ] [YC#103] 17.276-17.333: YC 620286KB->615214KB (757260KB), 0.057 s, sum of pauses 56.553 ms, longest pause 56.553 ms.
[INFO ][memory ] [YC#104] 17.354-17.429: YC 630572KB->630589KB (757260KB), 0.076 s, sum of pauses 75.443 ms, longest pause 75.443 ms.
[INFO ][memory ] [YC#105] 17.450-17.525: YC 645946KB->646048KB (757260KB), 0.075 s, sum of pauses 75.335 ms, longest pause 75.335 ms.
[INFO ][memory ] [YC#106] 17.622-17.701: YC 661406KB->661453KB (757260KB), 0.080 s, sum of pauses 79.515 ms, longest pause 79.515 ms.
[INFO ][memory ] [YC#107] 17.720-17.797: YC 676811KB->676877KB (757260KB), 0.077 s, sum of pauses 76.890 ms, longest pause 76.890 ms.
[INFO ][memory ] [YC#108] 17.868-17.946: YC 692235KB->692289KB (757260KB), 0.079 s, sum of pauses 78.482 ms, longest pause 78.482 ms.
[INFO ][memory ] [YC#109] 18.009-18.084: YC 707647KB->707725KB (757260KB), 0.075 s, sum of pauses 75.406 ms, longest pause 75.406 ms.
[INFO ][memory ] [OC#11] 17.095-18.249: OC 599696KB->368941KB (908712KB), 1.154 s, sum of pauses 165.463 ms, longest pause 138.640 ms.
[INFO ][memory ] [YC#110] 18.262-18.343: YC 384983KB->385031KB (908712KB), 0.081 s, sum of pauses 81.104 ms, longest pause 81.104 ms.
[INFO ][memory ] [YC#111] 18.362-18.438: YC 400663KB->400739KB (908712KB), 0.077 s, sum of pauses 76.549 ms, longest pause 76.549 ms.
[INFO ][memory ] [YC#112] 18.457-18.537: YC 416370KB->416419KB (908712KB), 0.080 s, sum of pauses 79.677 ms, longest pause 79.677 ms.
[INFO ][memory ] [YC#113] 18.592-18.674: YC 510176KB->510227KB (908712KB), 0.083 s, sum of pauses 82.430 ms, longest pause 82.430 ms.
[INFO ][memory ] [YC#114] 18.693-18.773: YC 525859KB->525906KB (908712KB), 0.080 s, sum of pauses 80.087 ms, longest pause 80.087 ms.
[INFO ][memory ] [YC#115] 18.792-18.877: YC 541538KB->541614KB (908712KB), 0.085 s, sum of pauses 85.222 ms, longest pause 85.222 ms.
[INFO ][memory ] [YC#116] 18.896-18.970: YC 557246KB->557287KB (908712KB), 0.074 s, sum of pauses 74.128 ms, longest pause 74.128 ms.
[INFO ][memory ] [YC#117] 18.989-19.061: YC 572919KB->572967KB (908712KB), 0.072 s, sum of pauses 71.731 ms, longest pause 71.731 ms.
[INFO ][memory ] [YC#118] 19.080-19.157: YC 588599KB->588665KB (908712KB), 0.076 s, sum of pauses 76.246 ms, longest pause 76.246 ms.
[INFO ][memory ] [YC#119] 19.176-19.250: YC 604297KB->604390KB (908712KB), 0.075 s, sum of pauses 74.671 ms, longest pause 74.671 ms.
[INFO ][memory ] [YC#120] 19.270-19.343: YC 620022KB->620121KB (908712KB), 0.073 s, sum of pauses 72.582 ms, longest pause 72.582 ms.
[INFO ][memory ] [YC#121] 19.362-19.435: YC 635753KB->635814KB (908712KB), 0.073 s, sum of pauses 72.725 ms, longest pause 72.725 ms.
[INFO ][memory ] [YC#122] 19.455-19.528: YC 651446KB->651482KB (908712KB), 0.074 s, sum of pauses 73.620 ms, longest pause 73.620 ms.
[INFO ][memory ] [YC#123] 19.547-19.621: YC 667114KB->667227KB (908712KB), 0.075 s, sum of pauses 74.593 ms, longest pause 74.593 ms.
[INFO ][memory ] [YC#124] 19.640-19.717: YC 682858KB->682906KB (908712KB), 0.077 s, sum of pauses 76.909 ms, longest pause 76.909 ms.
[INFO ][memory ] [YC#125] 19.736-19.818: YC 698538KB->698651KB (908712KB), 0.082 s, sum of pauses 81.515 ms, longest pause 81.515 ms.
[INFO ][memory ] [YC#126] 19.836-19.912: YC 714282KB->714330KB (908712KB), 0.076 s, sum of pauses 75.947 ms, longest pause 75.947 ms.
[INFO ][memory ] [YC#127] 20.240-20.301: YC 734826KB->730010KB (908712KB), 0.061 s, sum of pauses 60.823 ms, longest pause 60.823 ms.
[INFO ][memory ] [YC#128] 20.321-20.402: YC 745642KB->745755KB (908712KB), 0.081 s, sum of pauses 80.678 ms, longest pause 80.678 ms.
[INFO ][memory ] [YC#129] 20.423-20.509: YC 761386KB->761434KB (908712KB), 0.086 s, sum of pauses 85.547 ms, longest pause 85.547 ms.
[INFO ][memory ] [YC#130] 20.529-20.611: YC 777066KB->777179KB (908712KB), 0.082 s, sum of pauses 81.816 ms, longest pause 81.816 ms.
[INFO ][memory ] [YC#131] 20.691-20.775: YC 870935KB->871047KB (908712KB), 0.085 s, sum of pauses 84.547 ms, longest pause 84.547 ms.
[INFO ][memory ] [YC#132] 20.881-20.964: YC 886679KB->886728KB (908712KB), 0.083 s, sum of pauses 82.977 ms, longest pause 82.977 ms.
[INFO ][memory ] [YC#133] 20.984-21.060: YC 902359KB->908712KB (908712KB), 0.075 s, sum of pauses 75.123 ms, longest pause 75.123 ms.
[INFO ][memory ] [OC#12] Changing GC strategy from: genconcon to: genconpar, reason: Emergency parallel sweep requested.
[INFO ][memory ] [OC#12] 19.912-21.296: OC 714346KB->550413KB (1048576KB), 1.384 s, sum of pauses 236.414 ms, longest pause 208.267 ms.
[INFO ][memory ] [YC#134] 21.320-21.396: YC 570889KB->570961KB (1048576KB), 0.075 s, sum of pauses 75.149 ms, longest pause 75.149 ms.
[INFO ][memory ] [YC#135] 21.414-21.493: YC 586317KB->586385KB (1048576KB), 0.079 s, sum of pauses 78.932 ms, longest pause 78.932 ms.
[INFO ][memory ] [YC#136] 21.511-21.585: YC 601741KB->601809KB (1048576KB), 0.074 s, sum of pauses 73.803 ms, longest pause 73.803 ms.
[INFO ][memory ] [YC#137] 21.603-21.677: YC 617165KB->617260KB (1048576KB), 0.074 s, sum of pauses 73.828 ms, longest pause 73.828 ms.
[INFO ][memory ] [YC#138] 21.695-21.770: YC 632616KB->632691KB (1048576KB), 0.075 s, sum of pauses 75.055 ms, longest pause 75.055 ms.
[INFO ][memory ] [YC#139] 21.788-21.865: YC 648047KB->648115KB (1048576KB), 0.076 s, sum of pauses 76.078 ms, longest pause 76.078 ms.
[INFO ][memory ] [YC#140] 21.883-21.960: YC 663471KB->663551KB (1048576KB), 0.077 s, sum of pauses 76.735 ms, longest pause 76.735 ms.
[INFO ][memory ] [YC#141] 21.978-22.056: YC 678907KB->678975KB (1048576KB), 0.078 s, sum of pauses 77.914 ms, longest pause 77.914 ms.
[INFO ][memory ] [YC#142] 22.074-22.149: YC 694331KB->694399KB (1048576KB), 0.075 s, sum of pauses 75.149 ms, longest pause 75.149 ms.
[INFO ][memory ] [YC#143] 22.168-22.244: YC 709755KB->709823KB (1048576KB), 0.076 s, sum of pauses 76.011 ms, longest pause 76.011 ms.
[INFO ][memory ] [YC#144] 22.262-22.382: YC 725179KB->725247KB (1048576KB), 0.119 s, sum of pauses 119.306 ms, longest pause 119.306 ms.
[INFO ][memory ] [YC#145] 22.400-22.475: YC 740603KB->740653KB (1048576KB), 0.075 s, sum of pauses 74.676 ms, longest pause 74.676 ms.
[INFO ][memory ] [YC#146] 22.493-22.570: YC 756009KB->756024KB (1048576KB), 0.077 s, sum of pauses 77.070 ms, longest pause 77.070 ms.
[INFO ][memory ] [YC#147] 22.589-22.665: YC 771380KB->771452KB (1048576KB), 0.076 s, sum of pauses 75.749 ms, longest pause 75.749 ms.
[INFO ][memory ] [OC#13] Changing GC strategy from: genconpar to: genconcon, reason: Return to basic strategy.
[INFO ][memory ] [YC#148] 22.928-22.930: YC 993876KB->998998KB (1048576KB), 0.002 s, sum of pauses 1.883 ms, longest pause 1.883 ms.
[INFO ][memory ] [OC#13] 22.715-22.944: OC 859013KB->194047KB (1048576KB), 0.229 s, sum of pauses 136.002 ms, longest pause 68.454 ms.
[INFO ][memory ] [YC#149] 22.955-23.012: YC 206910KB->201856KB (1048576KB), 0.057 s, sum of pauses 56.815 ms, longest pause 56.815 ms.
[INFO ][memory ] [YC#150] 23.034-23.111: YC 217214KB->217316KB (1048576KB), 0.078 s, sum of pauses 77.490 ms, longest pause 77.490 ms.
[INFO ][memory ] [YC#151] 23.129-23.202: YC 232673KB->232740KB (1048576KB), 0.073 s, sum of pauses 73.098 ms, longest pause 73.098 ms.
[INFO ][memory ] [YC#152] 23.221-23.295: YC 248097KB->248164KB (1048576KB), 0.075 s, sum of pauses 74.794 ms, longest pause 74.794 ms.
[INFO ][memory ] [YC#153] 23.314-23.389: YC 263521KB->263588KB (1048576KB), 0.075 s, sum of pauses 75.189 ms, longest pause 75.189 ms.
[INFO ][memory ] [YC#154] 23.407-23.482: YC 278945KB->279012KB (1048576KB), 0.075 s, sum of pauses 74.905 ms, longest pause 74.905 ms.
[INFO ][memory ] [YC#155] 23.500-23.576: YC 294369KB->294500KB (1048576KB), 0.076 s, sum of pauses 76.134 ms, longest pause 76.134 ms.
[INFO ][memory ] [YC#156] 23.594-23.669: YC 309857KB->309924KB (1048576KB), 0.075 s, sum of pauses 74.753 ms, longest pause 74.753 ms.
[INFO ][memory ] [YC#157] 23.687-23.761: YC 325281KB->325376KB (1048576KB), 0.074 s, sum of pauses 74.024 ms, longest pause 74.024 ms.
[INFO ][memory ] [YC#158] 23.781-23.855: YC 340734KB->340800KB (1048576KB), 0.074 s, sum of pauses 73.908 ms, longest pause 73.908 ms.
[INFO ][memory ] [YC#159] 23.873-23.946: YC 356158KB->356224KB (1048576KB), 0.073 s, sum of pauses 73.206 ms, longest pause 73.206 ms.
[INFO ][memory ] [YC#160] 23.964-24.042: YC 371582KB->371648KB (1048576KB), 0.078 s, sum of pauses 77.517 ms, longest pause 77.517 ms.
[INFO ][memory ] [YC#161] 24.060-24.137: YC 387006KB->387072KB (1048576KB), 0.077 s, sum of pauses 77.279 ms, longest pause 77.279 ms.
[INFO ][memory ] [YC#162] 24.155-24.233: YC 402430KB->402496KB (1048576KB), 0.078 s, sum of pauses 78.135 ms, longest pause 78.135 ms.
[INFO ][memory ] [YC#163] 24.251-24.334: YC 417854KB->417920KB (1048576KB), 0.083 s, sum of pauses 82.467 ms, longest pause 82.467 ms.
[INFO ][memory ] [YC#164] 24.353-24.431: YC 433278KB->433415KB (1048576KB), 0.078 s, sum of pauses 78.431 ms, longest pause 78.431 ms.
[INFO ][memory ] [YC#165] 24.488-24.572: YC 526898KB->526969KB (1048576KB), 0.084 s, sum of pauses 83.749 ms, longest pause 83.749 ms.
[INFO ][memory ] [YC#166] 24.592-24.679: YC 542327KB->542414KB (1048576KB), 0.087 s, sum of pauses 87.140 ms, longest pause 87.140 ms.
[INFO ][memory ] [YC#167] 24.701-24.804: YC 557772KB->557838KB (1048576KB), 0.103 s, sum of pauses 102.264 ms, longest pause 102.264 ms.
[INFO ][memory ] [YC#168] 24.843-24.931: YC 573196KB->573262KB (1048576KB), 0.088 s, sum of pauses 87.821 ms, longest pause 87.821 ms.
[INFO ][memory ] [YC#169] 24.951-25.033: YC 588620KB->588686KB (1048576KB), 0.083 s, sum of pauses 82.596 ms, longest pause 82.596 ms.
[INFO ][memory ] [YC#170] 25.052-25.140: YC 604044KB->604110KB (1048576KB), 0.088 s, sum of pauses 87.819 ms, longest pause 87.819 ms.
[INFO ][memory ] [YC#171] 25.160-25.246: YC 619468KB->619497KB (1048576KB), 0.086 s, sum of pauses 85.753 ms, longest pause 85.753 ms.
[INFO ][memory ] [YC#172] 25.265-25.351: YC 634854KB->634912KB (1048576KB), 0.086 s, sum of pauses 86.049 ms, longest pause 86.049 ms.
[INFO ][memory ] [YC#173] 25.371-25.460: YC 650270KB->650341KB (1048576KB), 0.089 s, sum of pauses 88.911 ms, longest pause 88.911 ms.
[INFO ][memory ] [YC#174] 25.479-25.567: YC 665699KB->665805KB (1048576KB), 0.088 s, sum of pauses 87.973 ms, longest pause 87.973 ms.
[INFO ][memory ] [YC#175] 25.590-25.695: YC 681162KB->681261KB (1048576KB), 0.105 s, sum of pauses 105.136 ms, longest pause 105.136 ms.
[INFO ][memory ] [YC#176] 25.717-25.838: YC 696619KB->696700KB (1048576KB), 0.121 s, sum of pauses 120.935 ms, longest pause 120.935 ms.
[INFO ][memory ] [YC#177] 25.861-25.968: YC 712057KB->712175KB (1048576KB), 0.107 s, sum of pauses 107.164 ms, longest pause 107.164 ms.
[INFO ][memory ] [YC#178] 25.991-26.078: YC 727533KB->727581KB (1048576KB), 0.087 s, sum of pauses 87.030 ms, longest pause 87.030 ms.
[INFO ][memory ] [YC#179] 26.102-26.196: YC 742939KB->743025KB (1048576KB), 0.094 s, sum of pauses 94.004 ms, longest pause 94.004 ms.
[INFO ][memory ] [YC#180] 26.219-26.306: YC 758382KB->758430KB (1048576KB), 0.086 s, sum of pauses 86.361 ms, longest pause 86.361 ms.
[INFO ][memory ] [YC#181] 26.330-26.409: YC 773787KB->773871KB (1048576KB), 0.079 s, sum of pauses 78.833 ms, longest pause 78.833 ms.
[INFO ][memory ] [YC#182] 26.428-26.505: YC 789229KB->789266KB (1048576KB), 0.077 s, sum of pauses 77.125 ms, longest pause 77.125 ms.
[INFO ][memory ] [YC#183] 26.799-26.800: YC 897460KB->902582KB (1048576KB), 0.002 s, sum of pauses 1.787 ms, longest pause 1.787 ms.
[INFO ][memory ] [OC#14] 26.556-26.814: OC 881949KB->199822KB (1048576KB), 0.258 s, sum of pauses 169.387 ms, longest pause 88.798 ms.
[INFO ][memory ] [YC#184] 26.821-26.878: YC 212045KB->206991KB (1048576KB), 0.057 s, sum of pauses 56.923 ms, longest pause 56.923 ms.
[INFO ][memory ] [YC#185] 26.897-26.971: YC 222349KB->222387KB (1048576KB), 0.074 s, sum of pauses 74.407 ms, longest pause 74.407 ms.
[INFO ][memory ] [YC#186] 26.989-27.062: YC 237745KB->237811KB (1048576KB), 0.073 s, sum of pauses 73.187 ms, longest pause 73.187 ms.
[INFO ][memory ] [YC#187] 27.081-27.162: YC 253169KB->253235KB (1048576KB), 0.081 s, sum of pauses 80.958 ms, longest pause 80.958 ms.
[INFO ][memory ] [YC#188] 27.180-27.259: YC 268593KB->268659KB (1048576KB), 0.079 s, sum of pauses 78.812 ms, longest pause 78.812 ms.
[INFO ][memory ] [YC#189] 27.278-27.354: YC 284017KB->284083KB (1048576KB), 0.076 s, sum of pauses 75.855 ms, longest pause 75.855 ms.
[INFO ][memory ] [YC#190] 27.373-27.448: YC 299441KB->299507KB (1048576KB), 0.076 s, sum of pauses 75.490 ms, longest pause 75.490 ms.
[INFO ][memory ] [YC#191] 27.467-27.539: YC 314865KB->314931KB (1048576KB), 0.072 s, sum of pauses 71.849 ms, longest pause 71.849 ms.
[INFO ][memory ] [YC#192] 27.558-27.634: YC 330289KB->330383KB (1048576KB), 0.076 s, sum of pauses 75.915 ms, longest pause 75.915 ms.
[INFO ][memory ] [YC#193] 27.652-27.730: YC 345741KB->345807KB (1048576KB), 0.078 s, sum of pauses 77.989 ms, longest pause 77.989 ms.
[INFO ][memory ] [YC#194] 27.748-27.828: YC 361165KB->361231KB (1048576KB), 0.080 s, sum of pauses 79.691 ms, longest pause 79.691 ms.
[INFO ][memory ] [YC#195] 27.846-27.949: YC 376589KB->376655KB (1048576KB), 0.104 s, sum of pauses 103.484 ms, longest pause 103.484 ms.
[INFO ][memory ] [YC#196] 27.967-28.071: YC 392013KB->392079KB (1048576KB), 0.103 s, sum of pauses 103.352 ms, longest pause 103.352 ms.
[INFO ][memory ] [YC#197] 28.090-28.168: YC 407437KB->407503KB (1048576KB), 0.078 s, sum of pauses 78.156 ms, longest pause 78.156 ms.
[INFO ][memory ] [YC#198] 28.186-28.266: YC 422861KB->422927KB (1048576KB), 0.079 s, sum of pauses 79.433 ms, longest pause 79.433 ms.
[INFO ][memory ] [YC#199] 28.284-28.369: YC 438285KB->438365KB (1048576KB), 0.085 s, sum of pauses 84.610 ms, longest pause 84.610 ms.
[INFO ][memory ] [YC#200] 28.423-28.498: YC 531848KB->531914KB (1048576KB), 0.075 s, sum of pauses 74.610 ms, longest pause 74.610 ms.
[INFO ][memory ] [YC#201] 28.516-28.592: YC 547272KB->547356KB (1048576KB), 0.076 s, sum of pauses 76.364 ms, longest pause 76.364 ms.
[INFO ][memory ] [YC#202] 28.611-28.684: YC 562714KB->562792KB (1048576KB), 0.074 s, sum of pauses 73.582 ms, longest pause 73.582 ms.
[INFO ][memory ] [YC#203] 28.703-28.793: YC 578150KB->578237KB (1048576KB), 0.090 s, sum of pauses 90.226 ms, longest pause 90.226 ms.
[INFO ][memory ] [YC#204] 28.813-28.901: YC 593595KB->593661KB (1048576KB), 0.088 s, sum of pauses 87.700 ms, longest pause 87.700 ms.
[INFO ][memory ] [YC#205] 28.919-28.996: YC 609019KB->609085KB (1048576KB), 0.077 s, sum of pauses 76.644 ms, longest pause 76.644 ms.
[INFO ][memory ] [YC#206] 29.014-29.087: YC 624443KB->624509KB (1048576KB), 0.073 s, sum of pauses 73.209 ms, longest pause 73.209 ms.
[INFO ][memory ] [YC#207] 29.105-29.181: YC 639867KB->639933KB (1048576KB), 0.077 s, sum of pauses 76.491 ms, longest pause 76.491 ms.
[INFO ][memory ] [YC#208] 29.200-29.274: YC 655291KB->655384KB (1048576KB), 0.075 s, sum of pauses 74.826 ms, longest pause 74.826 ms.
[INFO ][memory ] [YC#209] 29.293-29.372: YC 670741KB->670799KB (1048576KB), 0.079 s, sum of pauses 79.265 ms, longest pause 79.265 ms.
[INFO ][memory ] [YC#210] 29.390-29.472: YC 686157KB->686228KB (1048576KB), 0.082 s, sum of pauses 82.003 ms, longest pause 82.003 ms.
[INFO ][memory ] [YC#211] 29.491-29.567: YC 701586KB->701691KB (1048576KB), 0.077 s, sum of pauses 76.504 ms, longest pause 76.504 ms.
[INFO ][memory ] [YC#212] 29.585-29.666: YC 717049KB->717148KB (1048576KB), 0.080 s, sum of pauses 80.378 ms, longest pause 80.378 ms.
[INFO ][memory ] [YC#213] 29.684-29.762: YC 732506KB->732587KB (1048576KB), 0.078 s, sum of pauses 78.256 ms, longest pause 78.256 ms.
[INFO ][memory ] [YC#214] 29.781-29.866: YC 747944KB->747998KB (1048576KB), 0.086 s, sum of pauses 85.758 ms, longest pause 85.758 ms.
[INFO ][memory ] [YC#215] 29.885-29.962: YC 763356KB->763404KB (1048576KB), 0.077 s, sum of pauses 77.101 ms, longest pause 77.101 ms.
[INFO ][memory ] [YC#216] 29.980-30.058: YC 778762KB->778848KB (1048576KB), 0.078 s, sum of pauses 78.261 ms, longest pause 78.261 ms.
[INFO ][memory ] [YC#217] 30.077-30.156: YC 794205KB->794252KB (1048576KB), 0.079 s, sum of pauses 79.444 ms, longest pause 79.444 ms.
[INFO ][memory ] [YC#218] 30.210-30.287: YC 887735KB->887819KB (1048576KB), 0.076 s, sum of pauses 76.305 ms, longest pause 76.305 ms.
[INFO ][memory ] [YC#219] 30.379-30.436: YC 909128KB->904054KB (1048576KB), 0.057 s, sum of pauses 56.681 ms, longest pause 56.681 ms.
[INFO ][memory ] [YC#220] 30.455-30.537: YC 919411KB->919478KB (1048576KB), 0.082 s, sum of pauses 82.295 ms, longest pause 82.295 ms.
[INFO ][memory ] [YC#221] 30.601-30.682: YC 934835KB->934918KB (1048576KB), 0.080 s, sum of pauses 80.408 ms, longest pause 80.408 ms.
[INFO ][memory ] [YC#222] 30.700-30.783: YC 950276KB->950342KB (1048576KB), 0.083 s, sum of pauses 83.110 ms, longest pause 83.110 ms.
[INFO ][memory ] [YC#223] 30.843-30.921: YC 965700KB->965766KB (1048576KB), 0.078 s, sum of pauses 78.303 ms, longest pause 78.303 ms.
[INFO ][memory ] [YC#224] 30.940-31.052: YC 981124KB->981190KB (1048576KB), 0.111 s, sum of pauses 111.443 ms, longest pause 111.443 ms.
[INFO ][memory ] [YC#225] 31.158-31.236: YC 996548KB->996614KB (1048576KB), 0.077 s, sum of pauses 77.205 ms, longest pause 77.205 ms.
[INFO ][memory ] [YC#226] 31.255-31.344: YC 1011972KB->1012038KB (1048576KB), 0.089 s, sum of pauses 89.445 ms, longest pause 89.445 ms.
[INFO ][memory ] [OC#15] 30.288-31.708: OC 888597KB->302481KB (1048576KB), 1.421 s, sum of pauses 353.847 ms, longest pause 320.270 ms.
[INFO ][memory ] [YC#227] 31.708-31.788: YC 317069KB->317135KB (1048576KB), 0.080 s, sum of pauses 79.462 ms, longest pause 79.462 ms.
[INFO ][memory ] [YC#228] 31.807-31.885: YC 332493KB->332594KB (1048576KB), 0.078 s, sum of pauses 78.372 ms, longest pause 78.372 ms.
[INFO ][memory ] [YC#229] 31.904-31.979: YC 347952KB->348018KB (1048576KB), 0.076 s, sum of pauses 75.551 ms, longest pause 75.551 ms.
[INFO ][memory ] [YC#230] 31.998-32.079: YC 363376KB->363442KB (1048576KB), 0.082 s, sum of pauses 81.725 ms, longest pause 81.725 ms.
[INFO ][memory ] [YC#231] 32.098-32.178: YC 378800KB->378866KB (1048576KB), 0.079 s, sum of pauses 79.415 ms, longest pause 79.415 ms.
[INFO ][memory ] [YC#232] 32.197-32.278: YC 394224KB->394290KB (1048576KB), 0.082 s, sum of pauses 81.694 ms, longest pause 81.694 ms.
[INFO ][memory ] [YC#233] 32.296-32.376: YC 409648KB->409714KB (1048576KB), 0.080 s, sum of pauses 80.090 ms, longest pause 80.090 ms.
[INFO ][memory ] [YC#234] 32.395-32.474: YC 425072KB->425167KB (1048576KB), 0.080 s, sum of pauses 79.639 ms, longest pause 79.639 ms.
[INFO ][memory ] [YC#235] 32.529-32.608: YC 518650KB->518716KB (1048576KB), 0.079 s, sum of pauses 78.987 ms, longest pause 78.987 ms.
[INFO ][memory ] [YC#236] 32.628-32.705: YC 534074KB->534109KB (1048576KB), 0.077 s, sum of pauses 76.797 ms, longest pause 76.797 ms.
[INFO ][memory ] [YC#237] 32.723-32.800: YC 549467KB->549533KB (1048576KB), 0.077 s, sum of pauses 76.698 ms, longest pause 76.698 ms.
[INFO ][memory ] [YC#238] 32.818-32.892: YC 564891KB->564957KB (1048576KB), 0.074 s, sum of pauses 74.009 ms, longest pause 74.009 ms.
[INFO ][memory ] [YC#239] 32.910-32.986: YC 580315KB->580399KB (1048576KB), 0.076 s, sum of pauses 76.122 ms, longest pause 76.122 ms.
[INFO ][memory ] [YC#240] 33.004-33.081: YC 595757KB->595823KB (1048576KB), 0.076 s, sum of pauses 76.227 ms, longest pause 76.227 ms.
[INFO ][memory ] [YC#241] 33.099-33.174: YC 611181KB->611247KB (1048576KB), 0.075 s, sum of pauses 74.538 ms, longest pause 74.538 ms.
[INFO ][memory ] [YC#242] 33.192-33.268: YC 626605KB->626671KB (1048576KB), 0.076 s, sum of pauses 75.822 ms, longest pause 75.822 ms.
[INFO ][memory ] [YC#243] 33.287-33.367: YC 642029KB->642095KB (1048576KB), 0.080 s, sum of pauses 80.152 ms, longest pause 80.152 ms.
[INFO ][memory ] [YC#244] 33.386-33.463: YC 657453KB->657511KB (1048576KB), 0.078 s, sum of pauses 77.513 ms, longest pause 77.513 ms.
[INFO ][memory ] [YC#245] 33.481-33.561: YC 672869KB->672935KB (1048576KB), 0.080 s, sum of pauses 79.517 ms, longest pause 79.517 ms.
[INFO ][memory ] [YC#246] 33.579-33.658: YC 688293KB->688380KB (1048576KB), 0.079 s, sum of pauses 79.212 ms, longest pause 79.212 ms.
[INFO ][memory ] [YC#247] 33.676-33.754: YC 703738KB->703804KB (1048576KB), 0.077 s, sum of pauses 77.227 ms, longest pause 77.227 ms.
[INFO ][memory ] [YC#248] 33.772-33.844: YC 719162KB->719228KB (1048576KB), 0.073 s, sum of pauses 72.496 ms, longest pause 72.496 ms.
[INFO ][memory ] [YC#249] 33.863-33.948: YC 734586KB->734652KB (1048576KB), 0.085 s, sum of pauses 85.414 ms, longest pause 85.414 ms.
[INFO ][memory ] [YC#250] 33.967-34.045: YC 750010KB->750076KB (1048576KB), 0.078 s, sum of pauses 78.391 ms, longest pause 78.391 ms.
[INFO ][memory ] [YC#251] 34.063-34.140: YC 765434KB->765518KB (1048576KB), 0.077 s, sum of pauses 77.018 ms, longest pause 77.018 ms.
[INFO ][memory ] [YC#252] 34.159-34.239: YC 780876KB->780947KB (1048576KB), 0.080 s, sum of pauses 79.979 ms, longest pause 79.979 ms.
[INFO ][memory ] [YC#253] 34.293-34.375: YC 874430KB->874536KB (1048576KB), 0.082 s, sum of pauses 81.486 ms, longest pause 81.486 ms.
[INFO ][memory ] [YC#254] 34.393-34.472: YC 889894KB->889992KB (1048576KB), 0.079 s, sum of pauses 78.567 ms, longest pause 78.567 ms.
[INFO ][memory ] [YC#255] 34.575-34.636: YC 910534KB->905494KB (1048576KB), 0.062 s, sum of pauses 61.480 ms, longest pause 61.480 ms.
[INFO ][memory ] [YC#256] 34.690-34.767: YC 920852KB->920906KB (1048576KB), 0.077 s, sum of pauses 77.037 ms, longest pause 77.037 ms.
[INFO ][memory ] [YC#257] 34.811-34.894: YC 936264KB->936375KB (1048576KB), 0.083 s, sum of pauses 83.121 ms, longest pause 83.121 ms.
[INFO ][memory ] [YC#258] 34.955-35.027: YC 951733KB->951792KB (1048576KB), 0.073 s, sum of pauses 72.826 ms, longest pause 72.826 ms.
[INFO ][memory ] [OC#16] 34.472-35.156: OC 890008KB->261013KB (1048576KB), 0.684 s, sum of pauses 128.114 ms, longest pause 99.525 ms.
[INFO ][memory ] [YC#259] 35.164-35.245: YC 277030KB->277096KB (1048576KB), 0.081 s, sum of pauses 80.703 ms, longest pause 80.703 ms.
[INFO ][memory ] [YC#260] 35.264-35.338: YC 292454KB->292501KB (1048576KB), 0.074 s, sum of pauses 73.995 ms, longest pause 73.995 ms.
[INFO ][memory ] [YC#261] 35.356-35.433: YC 307859KB->307925KB (1048576KB), 0.077 s, sum of pauses 76.748 ms, longest pause 76.748 ms.
[INFO ][memory ] [YC#262] 35.451-35.526: YC 323283KB->323349KB (1048576KB), 0.076 s, sum of pauses 75.590 ms, longest pause 75.590 ms.
[INFO ][memory ] [YC#263] 35.544-35.622: YC 338707KB->338773KB (1048576KB), 0.078 s, sum of pauses 77.690 ms, longest pause 77.690 ms.
[INFO ][memory ] [YC#264] 35.640-35.717: YC 354131KB->354197KB (1048576KB), 0.077 s, sum of pauses 76.783 ms, longest pause 76.783 ms.
[INFO ][memory ] [YC#265] 35.735-35.813: YC 369555KB->369621KB (1048576KB), 0.078 s, sum of pauses 77.507 ms, longest pause 77.507 ms.
[INFO ][memory ] [YC#266] 35.831-35.917: YC 384979KB->385074KB (1048576KB), 0.086 s, sum of pauses 85.882 ms, longest pause 85.882 ms.
[INFO ][memory ] [YC#267] 35.938-36.041: YC 400431KB->400497KB (1048576KB), 0.103 s, sum of pauses 103.122 ms, longest pause 103.122 ms.
[INFO ][memory ] [YC#268] 36.061-36.169: YC 415855KB->415922KB (1048576KB), 0.108 s, sum of pauses 107.731 ms, longest pause 107.731 ms.
[INFO ][memory ] [YC#269] 36.249-36.364: YC 509404KB->509470KB (1048576KB), 0.115 s, sum of pauses 115.207 ms, longest pause 115.207 ms.
[INFO ][memory ] [YC#270] 36.383-36.473: YC 524828KB->524895KB (1048576KB), 0.090 s, sum of pauses 89.955 ms, longest pause 89.955 ms.
[INFO ][memory ] [YC#271] 36.494-36.569: YC 540252KB->540318KB (1048576KB), 0.076 s, sum of pauses 75.616 ms, longest pause 75.616 ms.
[INFO ][memory ] [YC#272] 36.588-36.669: YC 555676KB->555743KB (1048576KB), 0.081 s, sum of pauses 80.619 ms, longest pause 80.619 ms.
[INFO ][memory ] [YC#273] 36.689-36.769: YC 571100KB->571180KB (1048576KB), 0.080 s, sum of pauses 79.617 ms, longest pause 79.617 ms.
[INFO ][memory ] [YC#274] 36.788-36.867: YC 586538KB->586605KB (1048576KB), 0.079 s, sum of pauses 79.046 ms, longest pause 79.046 ms.
[INFO ][memory ] [YC#275] 36.886-36.959: YC 601962KB->602028KB (1048576KB), 0.072 s, sum of pauses 72.306 ms, longest pause 72.306 ms.
[INFO ][memory ] [YC#276] 36.977-37.053: YC 617386KB->617418KB (1048576KB), 0.076 s, sum of pauses 75.737 ms, longest pause 75.737 ms.
[INFO ][memory ] [YC#277] 37.072-37.149: YC 632776KB->632842KB (1048576KB), 0.078 s, sum of pauses 77.617 ms, longest pause 77.617 ms.
[INFO ][memory ] [YC#278] 37.168-37.243: YC 648200KB->648287KB (1048576KB), 0.075 s, sum of pauses 75.427 ms, longest pause 75.427 ms.
[INFO ][memory ] [YC#279] 37.261-37.341: YC 663645KB->663711KB (1048576KB), 0.080 s, sum of pauses 80.147 ms, longest pause 80.147 ms.
[INFO ][memory ] [YC#280] 37.360-37.447: YC 679069KB->679135KB (1048576KB), 0.088 s, sum of pauses 87.807 ms, longest pause 87.807 ms.
[INFO ][memory ] [YC#281] 37.468-37.542: YC 694493KB->694559KB (1048576KB), 0.075 s, sum of pauses 74.514 ms, longest pause 74.514 ms.
[INFO ][memory ] [YC#282] 37.561-37.638: YC 709917KB->709983KB (1048576KB), 0.077 s, sum of pauses 77.172 ms, longest pause 77.172 ms.
[INFO ][memory ] [YC#283] 37.656-37.733: YC 725341KB->725407KB (1048576KB), 0.077 s, sum of pauses 76.875 ms, longest pause 76.875 ms.
[INFO ][memory ] [YC#284] 37.751-37.830: YC 740765KB->740895KB (1048576KB), 0.079 s, sum of pauses 79.091 ms, longest pause 79.091 ms.
[INFO ][memory ] [YC#285] 37.848-37.955: YC 756253KB->756320KB (1048576KB), 0.107 s, sum of pauses 106.651 ms, longest pause 106.651 ms.
[INFO ][memory ] [YC#286] 37.973-38.051: YC 771678KB->771759KB (1048576KB), 0.078 s, sum of pauses 77.667 ms, longest pause 77.667 ms.
[INFO ][memory ] [YC#287] 38.104-38.183: YC 865241KB->865305KB (1048576KB), 0.079 s, sum of pauses 78.861 ms, longest pause 78.861 ms.
[INFO ][memory ] [YC#288] 38.201-38.275: YC 880663KB->880729KB (1048576KB), 0.074 s, sum of pauses 74.166 ms, longest pause 74.166 ms.
[INFO ][memory ] [YC#289] 38.293-38.365: YC 896087KB->896153KB (1048576KB), 0.071 s, sum of pauses 71.171 ms, longest pause 71.171 ms.
[INFO ][memory ] [YC#290] 38.482-38.538: YC 916695KB->911641KB (1048576KB), 0.057 s, sum of pauses 56.461 ms, longest pause 56.461 ms.
[INFO ][memory ] [YC#291] 38.557-38.633: YC 926999KB->927065KB (1048576KB), 0.076 s, sum of pauses 76.434 ms, longest pause 76.434 ms.
[INFO ][memory ] [YC#292] 38.686-38.764: YC 942423KB->942489KB (1048576KB), 0.078 s, sum of pauses 77.995 ms, longest pause 77.995 ms.
[INFO ][memory ] [YC#293] 38.863-38.935: YC 957847KB->957913KB (1048576KB), 0.072 s, sum of pauses 71.850 ms, longest pause 71.850 ms.
[INFO ][memory ] [YC#294] 38.983-39.096: YC 973271KB->973337KB (1048576KB), 0.113 s, sum of pauses 113.033 ms, longest pause 113.033 ms.
[INFO ][memory ] [OC#17] 38.365-39.546: OC 896169KB->284783KB (1048576KB), 1.182 s, sum of pauses 399.792 ms, longest pause 365.575 ms.
[INFO ][memory ] [YC#295] 39.546-39.622: YC 299835KB->299901KB (1048576KB), 0.075 s, sum of pauses 75.140 ms, longest pause 75.140 ms.
[INFO ][memory ] [YC#296] 39.640-39.718: YC 315259KB->315306KB (1048576KB), 0.078 s, sum of pauses 77.722 ms, longest pause 77.722 ms.
[INFO ][memory ] [YC#297] 39.736-39.810: YC 330663KB->330730KB (1048576KB), 0.075 s, sum of pauses 74.630 ms, longest pause 74.630 ms.
[INFO ][memory ] [YC#298] 39.829-39.904: YC 346087KB->346154KB (1048576KB), 0.075 s, sum of pauses 74.948 ms, longest pause 74.948 ms.
[INFO ][memory ] [YC#299] 39.922-39.997: YC 361511KB->361578KB (1048576KB), 0.075 s, sum of pauses 74.797 ms, longest pause 74.797 ms.
[INFO ][memory ] [YC#300] 40.015-40.090: YC 376935KB->377002KB (1048576KB), 0.075 s, sum of pauses 74.957 ms, longest pause 74.957 ms.
[INFO ][memory ] [YC#301] 40.108-40.189: YC 392359KB->392426KB (1048576KB), 0.080 s, sum of pauses 80.370 ms, longest pause 80.370 ms.
[INFO ][memory ] [YC#302] 40.207-40.282: YC 407783KB->407878KB (1048576KB), 0.075 s, sum of pauses 75.060 ms, longest pause 75.060 ms.
[INFO ][memory ] [YC#303] 40.300-40.378: YC 423236KB->423302KB (1048576KB), 0.078 s, sum of pauses 77.939 ms, longest pause 77.939 ms.
[INFO ][memory ] [YC#304] 40.433-40.509: YC 516785KB->516820KB (1048576KB), 0.076 s, sum of pauses 75.637 ms, longest pause 75.637 ms.
[INFO ][memory ] [YC#305] 40.527-40.603: YC 532178KB->532244KB (1048576KB), 0.076 s, sum of pauses 76.196 ms, longest pause 76.196 ms.
[INFO ][memory ] [YC#306] 40.621-40.692: YC 547602KB->547668KB (1048576KB), 0.071 s, sum of pauses 70.778 ms, longest pause 70.778 ms.
[INFO ][memory ] [YC#307] 40.710-40.784: YC 563026KB->563110KB (1048576KB), 0.074 s, sum of pauses 74.077 ms, longest pause 74.077 ms.
[INFO ][memory ] [YC#308] 40.802-40.877: YC 578467KB->578534KB (1048576KB), 0.074 s, sum of pauses 74.432 ms, longest pause 74.432 ms.
[INFO ][memory ] [YC#309] 40.895-40.972: YC 593891KB->593958KB (1048576KB), 0.077 s, sum of pauses 76.895 ms, longest pause 76.895 ms.
[INFO ][memory ] [YC#310] 40.990-41.067: YC 609315KB->609382KB (1048576KB), 0.077 s, sum of pauses 76.860 ms, longest pause 76.860 ms.
[INFO ][memory ] [YC#311] 41.085-41.161: YC 624739KB->624806KB (1048576KB), 0.077 s, sum of pauses 76.534 ms, longest pause 76.534 ms.
[INFO ][memory ] [YC#312] 41.179-41.259: YC 640163KB->640223KB (1048576KB), 0.079 s, sum of pauses 79.242 ms, longest pause 79.242 ms.
[INFO ][memory ] [YC#313] 41.277-41.356: YC 655580KB->655647KB (1048576KB), 0.079 s, sum of pauses 78.868 ms, longest pause 78.868 ms.
[INFO ][memory ] [YC#314] 41.374-41.448: YC 671004KB->671091KB (1048576KB), 0.074 s, sum of pauses 73.568 ms, longest pause 73.568 ms.
[INFO ][memory ] [YC#315] 41.466-41.539: YC 686449KB->686516KB (1048576KB), 0.073 s, sum of pauses 72.811 ms, longest pause 72.811 ms.
[INFO ][memory ] [YC#316] 41.557-41.630: YC 701873KB->701939KB (1048576KB), 0.073 s, sum of pauses 73.152 ms, longest pause 73.152 ms.
[INFO ][memory ] [YC#317] 41.648-41.725: YC 717297KB->717428KB (1048576KB), 0.076 s, sum of pauses 76.392 ms, longest pause 76.392 ms.
[INFO ][memory ] [YC#318] 41.743-41.820: YC 732785KB->732851KB (1048576KB), 0.077 s, sum of pauses 77.262 ms, longest pause 77.262 ms.
[INFO ][memory ] [YC#319] 41.838-41.910: YC 748209KB->748276KB (1048576KB), 0.072 s, sum of pauses 71.479 ms, longest pause 71.479 ms.
[INFO ][memory ] [YC#320] 41.928-42.005: YC 763633KB->763699KB (1048576KB), 0.078 s, sum of pauses 77.474 ms, longest pause 77.474 ms.
[INFO ][memory ] [YC#321] 42.023-42.099: YC 779057KB->779124KB (1048576KB), 0.075 s, sum of pauses 75.437 ms, longest pause 75.437 ms.
[INFO ][memory ] [YC#322] 42.155-42.241: YC 872606KB->872710KB (1048576KB), 0.086 s, sum of pauses 85.951 ms, longest pause 85.951 ms.
[INFO ][memory ] [YC#323] 42.260-42.333: YC 888068KB->888155KB (1048576KB), 0.074 s, sum of pauses 73.458 ms, longest pause 73.458 ms.
[INFO ][memory ] [YC#324] 42.438-42.496: YC 908946KB->903892KB (1048576KB), 0.057 s, sum of pauses 57.427 ms, longest pause 57.427 ms.
[INFO ][memory ] [YC#325] 42.547-42.625: YC 919250KB->919316KB (1048576KB), 0.079 s, sum of pauses 78.511 ms, longest pause 78.511 ms.
[INFO ][memory ] [YC#326] 42.667-42.744: YC 934674KB->934740KB (1048576KB), 0.077 s, sum of pauses 76.770 ms, longest pause 76.770 ms.
[INFO ][memory ] [YC#327] 42.792-42.867: YC 950098KB->950164KB (1048576KB), 0.075 s, sum of pauses 75.204 ms, longest pause 75.204 ms.
[INFO ][memory ] [OC#18] 42.333-43.018: OC 888395KB->258784KB (1048576KB), 0.685 s, sum of pauses 155.531 ms, longest pause 125.312 ms.
[INFO ][memory ] [YC#328] 43.029-43.123: YC 274716KB->274782KB (1048576KB), 0.094 s, sum of pauses 93.739 ms, longest pause 93.739 ms.
[INFO ][memory ] [YC#329] 43.142-43.234: YC 290140KB->290187KB (1048576KB), 0.092 s, sum of pauses 91.612 ms, longest pause 91.612 ms.
[INFO ][memory ] [YC#330] 43.254-43.333: YC 305544KB->305611KB (1048576KB), 0.079 s, sum of pauses 78.919 ms, longest pause 78.919 ms.
[INFO ][memory ] [YC#331] 43.351-43.427: YC 320968KB->321035KB (1048576KB), 0.075 s, sum of pauses 75.378 ms, longest pause 75.378 ms.
[INFO ][memory ] [YC#332] 43.445-43.518: YC 336392KB->336459KB (1048576KB), 0.073 s, sum of pauses 73.141 ms, longest pause 73.141 ms.
[INFO ][memory ] [YC#333] 43.536-43.608: YC 351816KB->351883KB (1048576KB), 0.072 s, sum of pauses 71.707 ms, longest pause 71.707 ms.
[INFO ][memory ] [YC#334] 43.626-43.703: YC 367240KB->367371KB (1048576KB), 0.078 s, sum of pauses 77.611 ms, longest pause 77.611 ms.
[INFO ][memory ] [YC#335] 43.722-43.796: YC 382728KB->382759KB (1048576KB), 0.075 s, sum of pauses 74.755 ms, longest pause 74.755 ms.
[INFO ][memory ] [YC#336] 43.815-43.893: YC 398117KB->398183KB (1048576KB), 0.078 s, sum of pauses 78.083 ms, longest pause 78.083 ms.
[INFO ][memory ] [YC#337] 43.911-43.986: YC 413541KB->413607KB (1048576KB), 0.075 s, sum of pauses 74.921 ms, longest pause 74.921 ms.
[INFO ][memory ] [YC#338] 44.004-44.078: YC 428965KB->429031KB (1048576KB), 0.074 s, sum of pauses 74.364 ms, longest pause 74.364 ms.
