[INFO ][memory ] Running with 32 bit heap and compressed references.
[INFO ][memory ] GC mode: Static, strategy: Parallel Mark & Sweep
[INFO ][memory ] heap size: 65536K, maximal heap size: 2097152K
[INFO ][memory ] <s>-<end>: GC <before>K-><after>K (<heap>K), <pause> ms
[INFO ][memory ] <s/start> - start time of collection (seconds since jvm start)
[INFO ][memory ] <end>     - end time of collection (seconds since jvm start)
[INFO ][memory ] <before>  - memory used by objects before collection (KB)
[INFO ][memory ] <after>   - memory used by objects after collection (KB)
[INFO ][memory ] <heap>    - size of heap after collection (KB)
[INFO ][memory ] <pause>   - total sum of pauses during collection (milliseconds)
[INFO ][memory ]             run with -Xverbose:gcpause to see individual pauses
[INFO ][memory ] 0.399-0.400: GC 7168K->262K (65536K), 1.688 ms
[INFO ][memory ] 0.401-0.402: GC 262K->78336K (221792K), 1.809 ms
[INFO ][memory ] 0.444-0.483: GC 78592K->78336K (221792K), 38.523 ms
[INFO ][memory ] 0.484-0.522: GC 78336K->156461K (378044K), 38.050 ms
[INFO ][memory ] 1.963-3.394: GC 378044K->378300K (442312K), 1430.339 ms
[INFO ][memory ] Warning: Your computer has generated 14099 page faults during the last garbage collection.
[INFO ][memory ] If you find this swapping problematic, please consider running JRockit with a smaller heap.
[INFO ][memory ] 3.605-4.820: GC 442312K->429451K (517508K), 1215.229 ms
[INFO ][memory ] Warning: Your computer has generated 13304 page faults during the last garbage collection.
[INFO ][memory ] If you find this swapping problematic, please consider running JRockit with a smaller heap.
[INFO ][memory ] 5.062-6.043: GC 517508K->429207K (605488K), 980.653 ms
[INFO ][memory ] 6.315-7.214: GC 605488K->429209K (605488K), 899.137 ms
[INFO ][memory ] 7.445-8.215: GC 605488K->429208K (605488K), 769.598 ms
[INFO ][memory ] 8.423-9.195: GC 605488K->429209K (605488K), 772.320 ms
[INFO ][memory ] 9.385-10.157: GC 605488K->429212K (605488K), 771.685 ms
[INFO ][memory ] 10.348-11.113: GC 605488K->429214K (605488K), 764.699 ms
[INFO ][memory ] 11.298-12.074: GC 605488K->429215K (605488K), 776.087 ms
[INFO ][memory ] 12.270-13.032: GC 605488K->429216K (605488K), 761.770 ms
[INFO ][memory ] 13.220-13.993: GC 605488K->429220K (605488K), 773.019 ms
[INFO ][memory ] 14.175-14.954: GC 605488K->429219K (605488K), 778.516 ms
[INFO ][memory ] 15.136-15.912: GC 605488K->429220K (605488K), 776.019 ms
[INFO ][memory ] 16.095-16.874: GC 605488K->429219K (605488K), 779.563 ms
[INFO ][memory ] 17.058-17.935: GC 605488K->429224K (605488K), 877.123 ms
[INFO ][memory ] 18.118-18.895: GC 605488K->429220K (605488K), 776.786 ms
[INFO ][memory ] 19.079-19.857: GC 605488K->429222K (605488K), 777.169 ms
[INFO ][memory ] 20.039-20.818: GC 605488K->429222K (605488K), 779.045 ms
[INFO ][memory ] 21.000-21.778: GC 605488K->429223K (605488K), 778.331 ms
[INFO ][memory ] 21.963-22.783: GC 605488K->429222K (605488K), 819.012 ms
[INFO ][memory ] 22.975-23.755: GC 605488K->429224K (605488K), 779.926 ms
[INFO ][memory ] 23.936-24.723: GC 605488K->429223K (605488K), 786.602 ms
[INFO ][memory ] 24.908-25.689: GC 605488K->429224K (605488K), 781.385 ms
[INFO ][memory ] 25.882-26.907: GC 605488K->429221K (605488K), 1025.010 ms
[INFO ][memory ] 27.092-27.900: GC 605488K->429224K (605488K), 808.306 ms
[INFO ][memory ] 28.095-28.867: GC 605488K->429223K (605488K), 771.609 ms
[INFO ][memory ] 29.049-29.856: GC 605488K->429225K (605488K), 807.550 ms
[INFO ][memory ] 30.040-30.810: GC 605488K->429224K (605488K), 770.122 ms
[INFO ][memory ] 30.992-31.788: GC 605488K->429225K (605488K), 796.078 ms
[INFO ][memory ] 31.971-32.762: GC 605488K->429223K (605488K), 790.860 ms
[INFO ][memory ] 32.950-33.862: GC 605488K->429224K (605488K), 912.115 ms
